-> GET /sso/Login?forwardTo=22&RL=1&ip2loc=US
<- 200 GET /sso/Login?forwardTo=22&RL=1&ip2loc=US
-> GET /css/bootstrap-5.2.2/bootstrap.min.css
-> GET /css/fontawesome-6.4.2/all.min.css
<- 200 GET /css/bootstrap-5.2.2/bootstrap.min.css
-> GET /css/bootstrap-switch-3.3.2/bootstrap-switch.min.css
<- 200 GET /css/fontawesome-6.4.2/all.min.css
-> GET /css/reg-am/login.min.css
<- 200 GET /css/reg-am/login.min.css
-> GET /css/ibkr/theme-ibkr-portal.min.css
<- 200 GET /css/bootstrap-switch-3.3.2/bootstrap-switch.min.css
-> GET /scripts/common/js/jquery-3.7.0/jquery.min.js
<- 200 GET /css/ibkr/theme-ibkr-portal.min.css
-> GET /scripts/common/js/bootstrap-5.2.2/bootstrap.bundle.min.js
-> GET /sso/lib/xyz.bundle.min.js
<- 200 GET /scripts/common/js/bootstrap-5.2.2/bootstrap.bundle.min.js
<- 200 GET /scripts/common/js/jquery-3.7.0/jquery.min.js
<- 200 GET /sso/lib/xyz.bundle.min.js
-> GET /images/common/logos/ibkr/interactive-brokers.svg
<- 200 GET /images/common/logos/ibkr/interactive-brokers.svg
-> POST /sso/report
-> POST /portal.proxy/v1/gstat/bulletins
-> GET /fonts/fontawesome-6.4.2/webfonts/fa-solid-900.woff2
-> GET /fonts/proxima-nova/Proxima-Nova-Regular.woff2
-> GET /fonts/fontawesome-6.4.2/webfonts/fa-brands-400.woff2
<- 200 GET /fonts/fontawesome-6.4.2/webfonts/fa-solid-900.woff2
<- 200 GET /fonts/proxima-nova/Proxima-Nova-Regular.woff2
-> GET /fonts/proxima-nova/Proxima-Nova-Semibold.woff2
<- 200 GET /fonts/fontawesome-6.4.2/webfonts/fa-brands-400.woff2
<- 204 POST /portal.proxy/v1/gstat/bulletins
<- 200 GET /fonts/proxima-nova/Proxima-Nova-Semibold.woff2
-> GET /images/web/favicons/home-screen-icon-128x128.png
<- 200 GET /images/web/favicons/home-screen-icon-128x128.png
<- 200 POST /sso/report
-> GET /images/common/logos/ibkr/interactive-brokers-inverse.svg
<- 200 GET /images/common/logos/ibkr/interactive-brokers-inverse.svg
-> POST /sso/Authenticator
<- 200 POST /sso/Authenticator
-> POST /sso/Authenticator
<- 200 POST /sso/Authenticator
-> POST /sso/Authenticator
<- 200 POST /sso/Authenticator
-> GET /sso/Login?forwardTo=22&RL=1&ip2loc=US
<- 200 GET /sso/Login?forwardTo=22&RL=1&ip2loc=US
-> GET /css/bootstrap-5.2.2/bootstrap.min.css
-> GET /css/fontawesome-6.4.2/all.min.css
<- 200 GET /css/fontawesome-6.4.2/all.min.css
<- 200 GET /css/bootstrap-5.2.2/bootstrap.min.css
-> GET /css/bootstrap-switch-3.3.2/bootstrap-switch.min.css
-> GET /css/reg-am/login.min.css
<- 200 GET /css/bootstrap-switch-3.3.2/bootstrap-switch.min.css
-> GET /css/ibkr/theme-ibkr-portal.min.css
<- 200 GET /css/reg-am/login.min.css
<- 200 GET /css/ibkr/theme-ibkr-portal.min.css
-> GET /scripts/common/js/jquery-3.7.0/jquery.min.js
-> GET /scripts/common/js/bootstrap-5.2.2/bootstrap.bundle.min.js
-> GET /sso/lib/xyz.bundle.min.js
<- 200 GET /scripts/common/js/bootstrap-5.2.2/bootstrap.bundle.min.js
<- 200 GET /scripts/common/js/jquery-3.7.0/jquery.min.js
<- 200 GET /sso/lib/xyz.bundle.min.js
-> GET /images/common/logos/ibkr/interactive-brokers.svg
-> GET /fonts/proxima-nova/Proxima-Nova-Regular.woff2
-> GET /fonts/fontawesome-6.4.2/webfonts/fa-brands-400.woff2
-> GET /fonts/proxima-nova/Proxima-Nova-Semibold.woff2
-> GET /fonts/fontawesome-6.4.2/webfonts/fa-solid-900.woff2
<- 200 GET /images/common/logos/ibkr/interactive-brokers.svg
<- 200 GET /fonts/fontawesome-6.4.2/webfonts/fa-brands-400.woff2
<- 200 GET /fonts/proxima-nova/Proxima-Nova-Semibold.woff2
-> POST /sso/report
-> POST /portal.proxy/v1/gstat/bulletins
<- 200 GET /fonts/proxima-nova/Proxima-Nova-Regular.woff2
<- 200 GET /fonts/fontawesome-6.4.2/webfonts/fa-solid-900.woff2
<- 204 POST /portal.proxy/v1/gstat/bulletins
<- 200 POST /sso/report
-> GET /images/common/logos/ibkr/interactive-brokers-inverse.svg
<- 200 GET /images/common/logos/ibkr/interactive-brokers-inverse.svg
-> POST /sso/Authenticator
<- 200 POST /sso/Authenticator
-> POST /sso/Authenticator
<- 200 POST /sso/Authenticator
-> POST /sso/Authenticator
<- 200 POST /sso/Authenticator
-> GET /sso/Login?forwardTo=22&RL=1&ip2loc=US
<- 200 GET /sso/Login?forwardTo=22&RL=1&ip2loc=US
-> GET /css/bootstrap-5.2.2/bootstrap.min.css
-> GET /css/fontawesome-6.4.2/all.min.css
<- 200 GET /css/fontawesome-6.4.2/all.min.css
<- 200 GET /css/bootstrap-5.2.2/bootstrap.min.css
-> GET /css/bootstrap-switch-3.3.2/bootstrap-switch.min.css
-> GET /css/reg-am/login.min.css
<- 200 GET /css/reg-am/login.min.css
<- 200 GET /css/bootstrap-switch-3.3.2/bootstrap-switch.min.css
-> GET /css/ibkr/theme-ibkr-portal.min.css
-> GET /scripts/common/js/jquery-3.7.0/jquery.min.js
-> GET /scripts/common/js/bootstrap-5.2.2/bootstrap.bundle.min.js
-> GET /sso/lib/xyz.bundle.min.js
<- 200 GET /css/ibkr/theme-ibkr-portal.min.css
<- 200 GET /scripts/common/js/jquery-3.7.0/jquery.min.js
<- 200 GET /sso/lib/xyz.bundle.min.js
<- 200 GET /scripts/common/js/bootstrap-5.2.2/bootstrap.bundle.min.js
-> GET /images/common/logos/ibkr/interactive-brokers.svg
-> GET /fonts/proxima-nova/Proxima-Nova-Regular.woff2
-> GET /fonts/fontawesome-6.4.2/webfonts/fa-brands-400.woff2
-> GET /fonts/proxima-nova/Proxima-Nova-Semibold.woff2
-> GET /fonts/fontawesome-6.4.2/webfonts/fa-solid-900.woff2
<- 200 GET /images/common/logos/ibkr/interactive-brokers.svg
<- 200 GET /fonts/proxima-nova/Proxima-Nova-Regular.woff2
<- 200 GET /fonts/proxima-nova/Proxima-Nova-Semibold.woff2
<- 200 GET /fonts/fontawesome-6.4.2/webfonts/fa-solid-900.woff2
-> POST /sso/report
-> POST /portal.proxy/v1/gstat/bulletins
<- 200 GET /fonts/fontawesome-6.4.2/webfonts/fa-brands-400.woff2
<- 204 POST /portal.proxy/v1/gstat/bulletins
<- 200 POST /sso/report
-> GET /images/common/logos/ibkr/interactive-brokers-inverse.svg
<- 200 GET /images/common/logos/ibkr/interactive-brokers-inverse.svg
-> POST /sso/Authenticator
<- 200 POST /sso/Authenticator
-> POST /sso/Authenticator
<- 200 POST /sso/Authenticator
-> POST /sso/Authenticator
<- 200 POST /sso/Authenticator
-> POST /sso/Authenticator
<- 200 POST /sso/Authenticator
-> POST /sso/Dispatcher
<- 302 POST /sso/Dispatcher
-> request: /v1/api/sso/validate?gw=1
-> GET /v1/api/sso/validate?gw=1,200|630ms
-> request: /v1/api/one/user
-> request: /v1/api/ssodh/init
-> sso GET https://api.ibkr.com/v1/api/ssodh/init
-> GET /v1/api/one/user,200|702ms
-> request: /v1/api/ssodh/st
-> sso GET https://api.ibkr.com/v1/api/ssodh/st
-> request: /sso/Authenticator?ACTION=PUBLISH_TST&RESP_TYPE=JSON&DEVICE_ID=1a54ebaa|A0-59-50-3B-19-B5
-> sso GET https://api.ibkr.com/sso/Authenticator?ACTION=PUBLISH_TST&RESP_TYPE=JSON&DEVICE_ID=1a54ebaa|A0-59-50-3B-19-B5
<- 200 GET https://api.ibkr.com/sso/Authenticator?ACTION=PUBLISH_TST&RESP_TYPE=JSON&DEVICE_ID=1a54ebaa|A0-59-50-3B-19-B5 0
-> request: /v1/api/iserver/auth/status
-> GET /v1/api/iserver/auth/status,200|117ms
-> request: /v1/api/iserver/auth/ssodh/init
-> POST https://api.ibkr.com/v1/api/iserver/auth/ssodh/init,200|540ms
-> request: /v1/api/iserver/accounts
-> GET /v1/api/iserver/accounts,200|119ms
-> GET /v1/api/iserver/marketdata/snapshot?conids=877309547&fields=84%2C85%2C86%2C88
<- 200 GET /v1/api/iserver/marketdata/snapshot?conids=877309547&fields=84%2C85%2C86%2C88
-> GET /v1/api/iserver/marketdata/snapshot?conids=877309547%2C877309550&fields=84%2C85%2C86%2C88
<- 200 GET /v1/api/iserver/marketdata/snapshot?conids=877309547%2C877309550&fields=84%2C85%2C86%2C88
-> request: /v1/api/tickle
-> GET /v1/api/tickle,200|119ms
-> request: /v1/api/tickle
-> GET /v1/api/tickle,200|198ms
-> request: /v1/api/tickle
-> GET /v1/api/tickle,200|126ms
-> request: /v1/api/tickle
-> GET /v1/api/tickle,200|139ms
-> request: /v1/api/tickle
-> GET /v1/api/tickle,200|115ms
-> request: /v1/api/tickle
-> GET /v1/api/tickle,200|117ms
-> request: /v1/api/tickle
-> GET /v1/api/tickle,200|259ms
-> request: /v1/api/tickle
-> GET /v1/api/tickle,200|265ms
-> request: /v1/api/tickle
-> GET /v1/api/tickle,200|278ms
-> request: /sso/ping
-> GET /sso/ping,200|336ms
-> request: /v1/api/tickle
-> GET /v1/api/tickle,200|348ms
-> request: /v1/api/tickle
-> GET /v1/api/tickle,200|123ms
-> request: /v1/api/tickle
-> GET /v1/api/tickle,200|152ms
-> GET /v1/api/iserver/marketdata/snapshot?conids=877309547%2C877309550&fields=84%2C85%2C86%2C88
<- 200 GET /v1/api/iserver/marketdata/snapshot?conids=877309547%2C877309550&fields=84%2C85%2C86%2C88
-> request: /v1/api/tickle
-> GET /v1/api/tickle,200|197ms
-> request: /v1/api/tickle
-> GET /v1/api/tickle,200|110ms
-> request: /v1/api/tickle
-> GET /v1/api/tickle,200|288ms
-> POST /sso/Dispatcher
<- 302 POST /sso/Dispatcher
-> request: /v1/api/sso/validate?gw=1
-> GET /v1/api/sso/validate?gw=1,200|124ms
-> request: /v1/api/one/user
-> request: /v1/api/ssodh/init
-> sso GET https://api.ibkr.com/v1/api/ssodh/init
-> GET /v1/api/one/user,200|156ms
-> POST /sso/Dispatcher
<- 302 POST /sso/Dispatcher
-> request: /v1/api/sso/validate?gw=1
-> GET /v1/api/sso/validate?gw=1,200|118ms
-> request: /v1/api/one/user
-> request: /v1/api/ssodh/init
-> sso GET https://api.ibkr.com/v1/api/ssodh/init
-> GET /v1/api/one/user,200|114ms
-> GET /sso/Login?forwardTo=22&RL=1&ip2loc=US
<- 200 GET /sso/Login?forwardTo=22&RL=1&ip2loc=US
-> GET /css/bootstrap-5.2.2/bootstrap.min.css
-> GET /css/fontawesome-6.4.2/all.min.css
<- 200 GET /css/bootstrap-5.2.2/bootstrap.min.css
<- 200 GET /css/fontawesome-6.4.2/all.min.css
-> GET /css/bootstrap-switch-3.3.2/bootstrap-switch.min.css
-> GET /css/reg-am/login.min.css
<- 200 GET /css/reg-am/login.min.css
-> GET /css/ibkr/theme-ibkr-portal.min.css
<- 200 GET /css/bootstrap-switch-3.3.2/bootstrap-switch.min.css
-> GET /scripts/common/js/jquery-3.7.0/jquery.min.js
<- 200 GET /css/ibkr/theme-ibkr-portal.min.css
-> GET /scripts/common/js/bootstrap-5.2.2/bootstrap.bundle.min.js
<- 200 GET /scripts/common/js/jquery-3.7.0/jquery.min.js
-> GET /sso/lib/xyz.bundle.min.js
<- 200 GET /scripts/common/js/bootstrap-5.2.2/bootstrap.bundle.min.js
<- 200 GET /sso/lib/xyz.bundle.min.js
-> GET /images/common/logos/ibkr/interactive-brokers.svg
-> GET /fonts/proxima-nova/Proxima-Nova-Regular.woff2
-> GET /fonts/fontawesome-6.4.2/webfonts/fa-solid-900.woff2
-> GET /fonts/fontawesome-6.4.2/webfonts/fa-brands-400.woff2
-> GET /fonts/proxima-nova/Proxima-Nova-Semibold.woff2
<- 200 GET /images/common/logos/ibkr/interactive-brokers.svg
<- 200 GET /fonts/proxima-nova/Proxima-Nova-Regular.woff2
<- 200 GET /fonts/fontawesome-6.4.2/webfonts/fa-solid-900.woff2
<- 200 GET /fonts/fontawesome-6.4.2/webfonts/fa-brands-400.woff2
-> POST /sso/report
-> POST /portal.proxy/v1/gstat/bulletins
<- 200 GET /fonts/proxima-nova/Proxima-Nova-Semibold.woff2
<- 204 POST /portal.proxy/v1/gstat/bulletins
<- 200 POST /sso/report
-> GET /images/common/logos/ibkr/interactive-brokers-inverse.svg
<- 200 GET /images/common/logos/ibkr/interactive-brokers-inverse.svg
-> request: /v1/api/tickle
-> GET /v1/api/tickle,200|117ms
-> POST /sso/Authenticator
<- 200 POST /sso/Authenticator
-> POST /sso/Authenticator
<- 200 POST /sso/Authenticator
-> POST /sso/Authenticator
<- 200 POST /sso/Authenticator
-> POST /sso/Authenticator
<- 200 POST /sso/Authenticator
-> request: /v1/api/tickle
-> GET /v1/api/tickle,200|114ms
-> POST /sso/Authenticator
<- 200 POST /sso/Authenticator
-> request: /v1/api/tickle
-> GET /v1/api/tickle,200|262ms
-> GET /sso/Login?forwardTo=22&RL=1&ip2loc=US
<- 200 GET /sso/Login?forwardTo=22&RL=1&ip2loc=US
-> GET /css/reg-am/login.min.css
-> GET /css/ibkr/theme-ibkr-portal.min.css
-> GET /scripts/common/js/jquery-3.7.0/jquery.min.js
-> GET /scripts/common/js/bootstrap-5.2.2/bootstrap.bundle.min.js
<- 304 GET /scripts/common/js/jquery-3.7.0/jquery.min.js
<- 200 GET /scripts/common/js/bootstrap-5.2.2/bootstrap.bundle.min.js
-> GET /sso/lib/xyz.bundle.min.js
<- 200 GET /css/reg-am/login.min.css
<- 200 GET /css/ibkr/theme-ibkr-portal.min.css
<- 304 GET /sso/lib/xyz.bundle.min.js
-> GET /fonts/proxima-nova/Proxima-Nova-Regular.woff2
-> GET /images/common/logos/ibkr/interactive-brokers.svg
<- 304 GET /fonts/proxima-nova/Proxima-Nova-Regular.woff2
<- 200 GET /images/common/logos/ibkr/interactive-brokers.svg
-> GET /fonts/fontawesome-6.4.2/webfonts/fa-brands-400.woff2
<- 304 GET /fonts/fontawesome-6.4.2/webfonts/fa-brands-400.woff2
-> GET /fonts/fontawesome-6.4.2/webfonts/fa-solid-900.woff2
<- 304 GET /fonts/fontawesome-6.4.2/webfonts/fa-solid-900.woff2
-> GET /fonts/proxima-nova/Proxima-Nova-Semibold.woff2
-> POST /sso/report
-> POST /portal.proxy/v1/gstat/bulletins
<- 304 GET /fonts/proxima-nova/Proxima-Nova-Semibold.woff2
-> GET /images/web/favicons/home-screen-icon-128x128.png
<- 200 GET /images/web/favicons/home-screen-icon-128x128.png
<- 204 POST /portal.proxy/v1/gstat/bulletins
<- 200 POST /sso/report
-> GET /images/common/logos/ibkr/interactive-brokers-inverse.svg
<- 200 GET /images/common/logos/ibkr/interactive-brokers-inverse.svg
-> POST /sso/Authenticator
<- 200 POST /sso/Authenticator
-> POST /sso/Authenticator
<- 200 POST /sso/Authenticator
-> POST /sso/Authenticator
<- 200 POST /sso/Authenticator
-> request: /v1/api/tickle
-> GET /v1/api/tickle,200|116ms
-> POST /sso/Authenticator
<- 200 POST /sso/Authenticator
-> GET /sso/Login?forwardTo=22&RL=1&ip2loc=US
<- 200 GET /sso/Login?forwardTo=22&RL=1&ip2loc=US
-> GET /css/bootstrap-5.2.2/bootstrap.min.css
-> GET /css/fontawesome-6.4.2/all.min.css
<- 200 GET /css/bootstrap-5.2.2/bootstrap.min.css
<- 200 GET /css/fontawesome-6.4.2/all.min.css
-> GET /css/bootstrap-switch-3.3.2/bootstrap-switch.min.css
-> GET /css/reg-am/login.min.css
<- 200 GET /css/reg-am/login.min.css
<- 200 GET /css/bootstrap-switch-3.3.2/bootstrap-switch.min.css
-> GET /css/ibkr/theme-ibkr-portal.min.css
-> GET /scripts/common/js/jquery-3.7.0/jquery.min.js
<- 200 GET /scripts/common/js/jquery-3.7.0/jquery.min.js
-> GET /scripts/common/js/bootstrap-5.2.2/bootstrap.bundle.min.js
<- 200 GET /scripts/common/js/bootstrap-5.2.2/bootstrap.bundle.min.js
-> GET /sso/lib/xyz.bundle.min.js
<- 200 GET /sso/lib/xyz.bundle.min.js
<- 200 GET /css/ibkr/theme-ibkr-portal.min.css
-> GET /images/common/logos/ibkr/interactive-brokers.svg
<- 200 GET /images/common/logos/ibkr/interactive-brokers.svg
-> GET /fonts/proxima-nova/Proxima-Nova-Regular.woff2
-> GET /fonts/fontawesome-6.4.2/webfonts/fa-solid-900.woff2
-> GET /fonts/fontawesome-6.4.2/webfonts/fa-brands-400.woff2
-> GET /fonts/proxima-nova/Proxima-Nova-Semibold.woff2
<- 200 GET /fonts/proxima-nova/Proxima-Nova-Regular.woff2
<- 200 GET /fonts/fontawesome-6.4.2/webfonts/fa-solid-900.woff2
<- 200 GET /fonts/fontawesome-6.4.2/webfonts/fa-brands-400.woff2
-> POST /sso/report
-> POST /portal.proxy/v1/gstat/bulletins
<- 200 GET /fonts/proxima-nova/Proxima-Nova-Semibold.woff2
-> GET /images/web/favicons/home-screen-icon-128x128.png
<- 200 GET /images/web/favicons/home-screen-icon-128x128.png
<- 204 POST /portal.proxy/v1/gstat/bulletins
<- 200 POST /sso/report
-> GET /images/common/logos/ibkr/interactive-brokers-inverse.svg
<- 200 GET /images/common/logos/ibkr/interactive-brokers-inverse.svg
-> POST /sso/Authenticator
<- 200 POST /sso/Authenticator
-> POST /sso/Authenticator
<- 200 POST /sso/Authenticator
-> POST /sso/Authenticator
<- 200 POST /sso/Authenticator
-> POST /sso/Authenticator
<- 200 POST /sso/Authenticator
-> POST /sso/Dispatcher
<- 302 POST /sso/Dispatcher
-> request: /v1/api/sso/validate?gw=1
-> GET /v1/api/sso/validate?gw=1,200|529ms
-> request: /v1/api/one/user
-> request: /v1/api/ssodh/init
-> sso GET https://api.ibkr.com/v1/api/ssodh/init
-> GET /v1/api/one/user,200|123ms
-> request: /v1/api/ssodh/st
-> sso GET https://api.ibkr.com/v1/api/ssodh/st
-> request: /sso/Authenticator?ACTION=PUBLISH_TST&RESP_TYPE=JSON&DEVICE_ID=325f82a2|A0-59-50-3B-19-B5
-> sso GET https://api.ibkr.com/sso/Authenticator?ACTION=PUBLISH_TST&RESP_TYPE=JSON&DEVICE_ID=325f82a2|A0-59-50-3B-19-B5
<- 200 GET https://api.ibkr.com/sso/Authenticator?ACTION=PUBLISH_TST&RESP_TYPE=JSON&DEVICE_ID=325f82a2|A0-59-50-3B-19-B5 0
-> request: /v1/api/iserver/auth/status
-> GET /v1/api/iserver/auth/status,200|114ms
-> request: /v1/api/iserver/accounts
-> GET /v1/api/iserver/accounts,200|138ms
-> GET /v1/api/iserver/secdef/search?symbol=UHLGA&secType=IND
<- 200 GET /v1/api/iserver/secdef/search?symbol=UHLGA&secType=IND
-> request: /v1/api/tickle
-> GET /v1/api/tickle,200|124ms
-> request: /v1/api/tickle
-> GET /v1/api/tickle,200|355ms
-> GET /v1/api/iserver/marketdata/snapshot?conids=853400786&fields=84%2C85%2C86%2C88
<- 200 GET /v1/api/iserver/marketdata/snapshot?conids=853400786&fields=84%2C85%2C86%2C88
-> request: /v1/api/tickle
-> GET /v1/api/tickle,200|129ms
-> request: /v1/api/tickle
-> GET /v1/api/tickle,200|116ms
-> GET /v1/api/iserver/secdef/strikes?conid=853400786&sectype=OPT&month=202605&exchange=FORECASTX
<- 200 GET /v1/api/iserver/secdef/strikes?conid=853400786&sectype=OPT&month=202605&exchange=FORECASTX
-> GET /v1/api/iserver/secdef/info?conid=853400786&sectype=OPT&month=202605&exchange=FORECASTX&strike=57.0
<- 200 GET /v1/api/iserver/secdef/info?conid=853400786&sectype=OPT&month=202605&exchange=FORECASTX&strike=57.0
-> GET /v1/api/iserver/secdef/info?conid=853400786&sectype=OPT&month=202605&exchange=FORECASTX&strike=58.0
<- 200 GET /v1/api/iserver/secdef/info?conid=853400786&sectype=OPT&month=202605&exchange=FORECASTX&strike=58.0
-> GET /v1/api/iserver/secdef/info?conid=853400786&sectype=OPT&month=202605&exchange=FORECASTX&strike=59.0
<- 200 GET /v1/api/iserver/secdef/info?conid=853400786&sectype=OPT&month=202605&exchange=FORECASTX&strike=59.0
-> GET /v1/api/iserver/secdef/info?conid=853400786&sectype=OPT&month=202605&exchange=FORECASTX&strike=60.0
<- 200 GET /v1/api/iserver/secdef/info?conid=853400786&sectype=OPT&month=202605&exchange=FORECASTX&strike=60.0
-> GET /v1/api/iserver/secdef/info?conid=853400786&sectype=OPT&month=202605&exchange=FORECASTX&strike=61.0
<- 200 GET /v1/api/iserver/secdef/info?conid=853400786&sectype=OPT&month=202605&exchange=FORECASTX&strike=61.0
-> GET /v1/api/iserver/secdef/info?conid=853400786&sectype=OPT&month=202605&exchange=FORECASTX&strike=62.0
<- 200 GET /v1/api/iserver/secdef/info?conid=853400786&sectype=OPT&month=202605&exchange=FORECASTX&strike=62.0
-> GET /v1/api/iserver/secdef/info?conid=853400786&sectype=OPT&month=202605&exchange=FORECASTX&strike=63.0
<- 200 GET /v1/api/iserver/secdef/info?conid=853400786&sectype=OPT&month=202605&exchange=FORECASTX&strike=63.0
-> GET /v1/api/iserver/secdef/info?conid=853400786&sectype=OPT&month=202605&exchange=FORECASTX&strike=64.0
<- 200 GET /v1/api/iserver/secdef/info?conid=853400786&sectype=OPT&month=202605&exchange=FORECASTX&strike=64.0
-> GET /v1/api/iserver/secdef/info?conid=853400786&sectype=OPT&month=202605&exchange=FORECASTX&strike=65.0
<- 200 GET /v1/api/iserver/secdef/info?conid=853400786&sectype=OPT&month=202605&exchange=FORECASTX&strike=65.0
-> GET /v1/api/iserver/secdef/info?conid=853400786&sectype=OPT&month=202605&exchange=FORECASTX&strike=66.0
<- 200 GET /v1/api/iserver/secdef/info?conid=853400786&sectype=OPT&month=202605&exchange=FORECASTX&strike=66.0
-> GET /v1/api/iserver/secdef/info?conid=853400786&sectype=OPT&month=202605&exchange=FORECASTX&strike=67.0
<- 200 GET /v1/api/iserver/secdef/info?conid=853400786&sectype=OPT&month=202605&exchange=FORECASTX&strike=67.0
-> GET /v1/api/iserver/secdef/info?conid=853400786&sectype=OPT&month=202605&exchange=FORECASTX&strike=68.0
<- 200 GET /v1/api/iserver/secdef/info?conid=853400786&sectype=OPT&month=202605&exchange=FORECASTX&strike=68.0
-> GET /v1/api/iserver/secdef/info?conid=853400786&sectype=OPT&month=202605&exchange=FORECASTX&strike=69.0
<- 200 GET /v1/api/iserver/secdef/info?conid=853400786&sectype=OPT&month=202605&exchange=FORECASTX&strike=69.0
-> GET /v1/api/iserver/secdef/info?conid=853400786&sectype=OPT&month=202605&exchange=FORECASTX&strike=70.0
<- 200 GET /v1/api/iserver/secdef/info?conid=853400786&sectype=OPT&month=202605&exchange=FORECASTX&strike=70.0
-> GET /v1/api/iserver/secdef/info?conid=853400786&sectype=OPT&month=202605&exchange=FORECASTX&strike=71.0
<- 200 GET /v1/api/iserver/secdef/info?conid=853400786&sectype=OPT&month=202605&exchange=FORECASTX&strike=71.0
-> GET /v1/api/iserver/secdef/info?conid=853400786&sectype=OPT&month=202605&exchange=FORECASTX&strike=72.0
<- 200 GET /v1/api/iserver/secdef/info?conid=853400786&sectype=OPT&month=202605&exchange=FORECASTX&strike=72.0
-> GET /v1/api/iserver/secdef/info?conid=853400786&sectype=OPT&month=202605&exchange=FORECASTX&strike=73.0
<- 200 GET /v1/api/iserver/secdef/info?conid=853400786&sectype=OPT&month=202605&exchange=FORECASTX&strike=73.0
-> GET /v1/api/iserver/secdef/info?conid=853400786&sectype=OPT&month=202605&exchange=FORECASTX&strike=74.0
<- 200 GET /v1/api/iserver/secdef/info?conid=853400786&sectype=OPT&month=202605&exchange=FORECASTX&strike=74.0
-> GET /v1/api/iserver/secdef/info?conid=853400786&sectype=OPT&month=202605&exchange=FORECASTX&strike=75.0
<- 200 GET /v1/api/iserver/secdef/info?conid=853400786&sectype=OPT&month=202605&exchange=FORECASTX&strike=75.0
-> GET /v1/api/iserver/secdef/info?conid=853400786&sectype=OPT&month=202605&exchange=FORECASTX&strike=77.0
<- 200 GET /v1/api/iserver/secdef/info?conid=853400786&sectype=OPT&month=202605&exchange=FORECASTX&strike=77.0
-> GET /v1/api/iserver/secdef/info?conid=853400786&sectype=OPT&month=202605&exchange=FORECASTX&strike=78.0
<- 200 GET /v1/api/iserver/secdef/info?conid=853400786&sectype=OPT&month=202605&exchange=FORECASTX&strike=78.0
-> GET /v1/api/iserver/secdef/info?conid=853400786&sectype=OPT&month=202605&exchange=FORECASTX&strike=79.0
<- 200 GET /v1/api/iserver/secdef/info?conid=853400786&sectype=OPT&month=202605&exchange=FORECASTX&strike=79.0
-> GET /v1/api/iserver/secdef/info?conid=853400786&sectype=OPT&month=202605&exchange=FORECASTX&strike=80.0
<- 200 GET /v1/api/iserver/secdef/info?conid=853400786&sectype=OPT&month=202605&exchange=FORECASTX&strike=80.0
-> GET /v1/api/iserver/secdef/info?conid=853400786&sectype=OPT&month=202605&exchange=FORECASTX&strike=81.0
<- 200 GET /v1/api/iserver/secdef/info?conid=853400786&sectype=OPT&month=202605&exchange=FORECASTX&strike=81.0
-> GET /v1/api/iserver/secdef/info?conid=853400786&sectype=OPT&month=202605&exchange=FORECASTX&strike=82.0
<- 200 GET /v1/api/iserver/secdef/info?conid=853400786&sectype=OPT&month=202605&exchange=FORECASTX&strike=82.0
-> GET /v1/api/iserver/secdef/info?conid=853400786&sectype=OPT&month=202605&exchange=FORECASTX&strike=83.0
<- 200 GET /v1/api/iserver/secdef/info?conid=853400786&sectype=OPT&month=202605&exchange=FORECASTX&strike=83.0
-> GET /v1/api/iserver/secdef/info?conid=853400786&sectype=OPT&month=202605&exchange=FORECASTX&strike=84.0
<- 200 GET /v1/api/iserver/secdef/info?conid=853400786&sectype=OPT&month=202605&exchange=FORECASTX&strike=84.0
-> GET /v1/api/iserver/secdef/info?conid=853400786&sectype=OPT&month=202605&exchange=FORECASTX&strike=85.0
<- 200 GET /v1/api/iserver/secdef/info?conid=853400786&sectype=OPT&month=202605&exchange=FORECASTX&strike=85.0
-> request: /v1/api/tickle
-> GET /v1/api/tickle,200|137ms
-> request: /v1/api/tickle
-> GET /v1/api/tickle,200|258ms
-> request: /v1/api/tickle
-> GET /v1/api/tickle,200|113ms
-> request: /v1/api/tickle
-> GET /v1/api/tickle,200|134ms
-> GET /v1/api/iserver/marketdata/snapshot?conids=880193220%2C880193227&fields=84%2C85%2C86%2C88
<- 200 GET /v1/api/iserver/marketdata/snapshot?conids=880193220%2C880193227&fields=84%2C85%2C86%2C88
-> request: /v1/api/tickle
-> GET /v1/api/tickle,200|116ms
-> request: /sso/ping
-> GET /sso/ping,200|373ms
-> request: /v1/api/tickle
-> GET /v1/api/tickle,200|118ms
-> GET /v1/api/iserver/auth/status
<- 200 GET /v1/api/iserver/auth/status
-> GET /v1/api/iserver/accounts
<- 200 GET /v1/api/iserver/accounts
-> GET /v1/api/iserver/marketdata/snapshot?conids=880193220%2C880193227&fields=31%2C84%2C86%2C87%2C88
<- 200 GET /v1/api/iserver/marketdata/snapshot?conids=880193220%2C880193227&fields=31%2C84%2C86%2C87%2C88
-> request: /v1/api/tickle
-> GET /v1/api/tickle,200|118ms
-> request: /v1/api/tickle
-> GET /v1/api/tickle,200|149ms
-> GET /v1/api/iserver/marketdata/snapshot?conids=880193220%2C880193227&fields=84%2C85%2C86%2C88
<- 200 GET /v1/api/iserver/marketdata/snapshot?conids=880193220%2C880193227&fields=84%2C85%2C86%2C88
-> request: /v1/api/tickle
-> GET /v1/api/tickle,200|115ms
-> request: /v1/api/tickle
-> GET /v1/api/tickle,200|120ms
-> request: /v1/api/tickle
-> GET /v1/api/tickle,200|115ms
-> request: /v1/api/tickle
-> GET /v1/api/tickle,200|190ms
-> request: /v1/api/tickle
-> GET /v1/api/tickle,200|141ms
-> request: /v1/api/tickle
-> GET /v1/api/tickle,200|280ms
-> request: /v1/api/tickle
-> GET /v1/api/tickle,200|346ms
-> request: /sso/ping
-> GET /sso/ping,200|348ms
-> request: /v1/api/tickle
-> GET /v1/api/tickle,200|388ms
-> request: /v1/api/tickle
-> GET /v1/api/tickle,200|119ms
-> request: /v1/api/tickle
-> GET /v1/api/tickle,200|261ms
-> request: /v1/api/tickle
-> GET /v1/api/tickle,200|287ms
-> request: /v1/api/tickle
-> GET /v1/api/tickle,200|167ms
