-> GET /sso/Login?forwardTo=22&RL=1&ip2loc=US
<- 200 GET /sso/Login?forwardTo=22&RL=1&ip2loc=US
-> GET /css/bootstrap-5.2.2/bootstrap.min.css
-> GET /css/fontawesome-6.4.2/all.min.css
<- 200 GET /css/bootstrap-5.2.2/bootstrap.min.css
-> GET /css/bootstrap-switch-3.3.2/bootstrap-switch.min.css
<- 200 GET /css/fontawesome-6.4.2/all.min.css
-> GET /css/reg-am/login.min.css
<- 200 GET /css/bootstrap-switch-3.3.2/bootstrap-switch.min.css
-> GET /css/ibkr/theme-ibkr-portal.min.css
<- 200 GET /css/reg-am/login.min.css
-> GET /scripts/common/js/jquery-3.7.0/jquery.min.js
<- 200 GET /css/ibkr/theme-ibkr-portal.min.css
-> GET /scripts/common/js/bootstrap-5.2.2/bootstrap.bundle.min.js
-> GET /sso/lib/xyz.bundle.min.js
<- 200 GET /scripts/common/js/jquery-3.7.0/jquery.min.js
<- 200 GET /scripts/common/js/bootstrap-5.2.2/bootstrap.bundle.min.js
<- 200 GET /sso/lib/xyz.bundle.min.js
-> GET /images/common/logos/ibkr/interactive-brokers.svg
-> GET /fonts/proxima-nova/Proxima-Nova-Regular.woff2
-> GET /fonts/fontawesome-6.4.2/webfonts/fa-solid-900.woff2
-> GET /fonts/proxima-nova/Proxima-Nova-Semibold.woff2
-> GET /fonts/fontawesome-6.4.2/webfonts/fa-brands-400.woff2
<- 200 GET /images/common/logos/ibkr/interactive-brokers.svg
-> POST /sso/report
-> POST /portal.proxy/v1/gstat/bulletins
<- 200 GET /fonts/proxima-nova/Proxima-Nova-Regular.woff2
<- 200 GET /fonts/fontawesome-6.4.2/webfonts/fa-solid-900.woff2
<- 200 GET /fonts/proxima-nova/Proxima-Nova-Semibold.woff2
<- 200 GET /fonts/fontawesome-6.4.2/webfonts/fa-brands-400.woff2
<- 204 POST /portal.proxy/v1/gstat/bulletins
<- 200 POST /sso/report
-> POST /sso/Authenticator
<- 200 POST /sso/Authenticator
-> POST /sso/Authenticator
<- 200 POST /sso/Authenticator
-> POST /sso/Dispatcher
<- 302 POST /sso/Dispatcher
-> request: /v1/api/sso/validate?gw=1
-> GET /v1/api/sso/validate?gw=1,200|342ms
-> request: /v1/api/one/user
-> request: /v1/api/ssodh/init
-> sso GET https://api.ibkr.com/v1/api/ssodh/init
-> GET /v1/api/one/user,200|603ms
-> request: /v1/api/ssodh/st
-> sso GET https://api.ibkr.com/v1/api/ssodh/st
-> request: /sso/Authenticator?ACTION=PUBLISH_TST&RESP_TYPE=JSON&DEVICE_ID=1c3f1cb1|A0-59-50-3B-19-B5
-> sso GET https://api.ibkr.com/sso/Authenticator?ACTION=PUBLISH_TST&RESP_TYPE=JSON&DEVICE_ID=1c3f1cb1|A0-59-50-3B-19-B5
<- 200 GET https://api.ibkr.com/sso/Authenticator?ACTION=PUBLISH_TST&RESP_TYPE=JSON&DEVICE_ID=1c3f1cb1|A0-59-50-3B-19-B5 0
-> request: /v1/api/iserver/auth/status
-> GET /v1/api/iserver/auth/status,200|122ms
-> request: /v1/api/iserver/auth/ssodh/init
-> POST https://api.ibkr.com/v1/api/iserver/auth/ssodh/init,200|1239ms
-> request: /v1/api/iserver/accounts
-> GET /v1/api/iserver/accounts,200|112ms
-> GET /v1/api/iserver/marketdata/history?conid=875861841&period=1d&bar=5min&outsideRth=true
<- 500 GET /v1/api/iserver/marketdata/history?conid=875861841&period=1d&bar=5min&outsideRth=true
-> request: /v1/api/tickle
-> GET /v1/api/tickle,200|110ms
-> request: /v1/api/tickle
-> GET /v1/api/tickle,200|108ms
-> request: /v1/api/tickle
-> GET /v1/api/tickle,200|343ms
-> GET /v1/api/iserver/auth/status
<- 200 GET /v1/api/iserver/auth/status
-> GET /v1/api/iserver/accounts
<- 200 GET /v1/api/iserver/accounts
-> request: /v1/api/tickle
-> GET /v1/api/tickle,200|345ms
-> GET /v1/api/iserver/secdef/search?symbol=UHSFO&secType=IND
<- 200 GET /v1/api/iserver/secdef/search?symbol=UHSFO&secType=IND
-> request: /v1/api/tickle
-> GET /v1/api/tickle,200|245ms
-> GET /v1/api/iserver/secdef/strikes?conid=853400816&sectype=OPT&month=202604&exchange=FORECASTX
<- 200 GET /v1/api/iserver/secdef/strikes?conid=853400816&sectype=OPT&month=202604&exchange=FORECASTX
-> GET /v1/api/iserver/secdef/info?conid=853400816&sectype=OPT&month=202604&exchange=FORECASTX&strike=56.0
<- 200 GET /v1/api/iserver/secdef/info?conid=853400816&sectype=OPT&month=202604&exchange=FORECASTX&strike=56.0
-> GET /v1/api/iserver/secdef/info?conid=853400816&sectype=OPT&month=202604&exchange=FORECASTX&strike=57.0
<- 200 GET /v1/api/iserver/secdef/info?conid=853400816&sectype=OPT&month=202604&exchange=FORECASTX&strike=57.0
-> GET /v1/api/iserver/secdef/info?conid=853400816&sectype=OPT&month=202604&exchange=FORECASTX&strike=58.0
<- 200 GET /v1/api/iserver/secdef/info?conid=853400816&sectype=OPT&month=202604&exchange=FORECASTX&strike=58.0
-> GET /v1/api/iserver/secdef/info?conid=853400816&sectype=OPT&month=202604&exchange=FORECASTX&strike=59.0
<- 200 GET /v1/api/iserver/secdef/info?conid=853400816&sectype=OPT&month=202604&exchange=FORECASTX&strike=59.0
-> GET /v1/api/iserver/secdef/info?conid=853400816&sectype=OPT&month=202604&exchange=FORECASTX&strike=60.0
<- 200 GET /v1/api/iserver/secdef/info?conid=853400816&sectype=OPT&month=202604&exchange=FORECASTX&strike=60.0
-> GET /v1/api/iserver/secdef/info?conid=853400816&sectype=OPT&month=202604&exchange=FORECASTX&strike=61.0
<- 200 GET /v1/api/iserver/secdef/info?conid=853400816&sectype=OPT&month=202604&exchange=FORECASTX&strike=61.0
-> GET /v1/api/iserver/secdef/info?conid=853400816&sectype=OPT&month=202604&exchange=FORECASTX&strike=62.0
<- 200 GET /v1/api/iserver/secdef/info?conid=853400816&sectype=OPT&month=202604&exchange=FORECASTX&strike=62.0
-> GET /v1/api/iserver/secdef/info?conid=853400816&sectype=OPT&month=202604&exchange=FORECASTX&strike=63.0
<- 200 GET /v1/api/iserver/secdef/info?conid=853400816&sectype=OPT&month=202604&exchange=FORECASTX&strike=63.0
-> GET /v1/api/iserver/secdef/info?conid=853400816&sectype=OPT&month=202604&exchange=FORECASTX&strike=64.0
<- 200 GET /v1/api/iserver/secdef/info?conid=853400816&sectype=OPT&month=202604&exchange=FORECASTX&strike=64.0
-> GET /v1/api/iserver/secdef/info?conid=853400816&sectype=OPT&month=202604&exchange=FORECASTX&strike=65.0
<- 200 GET /v1/api/iserver/secdef/info?conid=853400816&sectype=OPT&month=202604&exchange=FORECASTX&strike=65.0
-> GET /v1/api/iserver/secdef/info?conid=853400816&sectype=OPT&month=202604&exchange=FORECASTX&strike=66.0
<- 200 GET /v1/api/iserver/secdef/info?conid=853400816&sectype=OPT&month=202604&exchange=FORECASTX&strike=66.0
-> GET /v1/api/iserver/secdef/info?conid=853400816&sectype=OPT&month=202604&exchange=FORECASTX&strike=67.0
<- 200 GET /v1/api/iserver/secdef/info?conid=853400816&sectype=OPT&month=202604&exchange=FORECASTX&strike=67.0
-> GET /v1/api/iserver/secdef/info?conid=853400816&sectype=OPT&month=202604&exchange=FORECASTX&strike=68.0
<- 200 GET /v1/api/iserver/secdef/info?conid=853400816&sectype=OPT&month=202604&exchange=FORECASTX&strike=68.0
-> GET /v1/api/iserver/secdef/info?conid=853400816&sectype=OPT&month=202604&exchange=FORECASTX&strike=69.0
<- 200 GET /v1/api/iserver/secdef/info?conid=853400816&sectype=OPT&month=202604&exchange=FORECASTX&strike=69.0
-> GET /v1/api/iserver/secdef/info?conid=853400816&sectype=OPT&month=202604&exchange=FORECASTX&strike=70.0
<- 200 GET /v1/api/iserver/secdef/info?conid=853400816&sectype=OPT&month=202604&exchange=FORECASTX&strike=70.0
-> GET /v1/api/iserver/secdef/info?conid=853400816&sectype=OPT&month=202604&exchange=FORECASTX&strike=71.0
<- 200 GET /v1/api/iserver/secdef/info?conid=853400816&sectype=OPT&month=202604&exchange=FORECASTX&strike=71.0
-> GET /v1/api/iserver/secdef/info?conid=853400816&sectype=OPT&month=202604&exchange=FORECASTX&strike=72.0
<- 200 GET /v1/api/iserver/secdef/info?conid=853400816&sectype=OPT&month=202604&exchange=FORECASTX&strike=72.0
-> GET /v1/api/iserver/secdef/info?conid=853400816&sectype=OPT&month=202604&exchange=FORECASTX&strike=73.0
-> request: /v1/api/tickle
<- 200 GET /v1/api/iserver/secdef/info?conid=853400816&sectype=OPT&month=202604&exchange=FORECASTX&strike=73.0
-> GET /v1/api/iserver/secdef/info?conid=853400816&sectype=OPT&month=202604&exchange=FORECASTX&strike=74.0
-> GET /v1/api/tickle,200|108ms
<- 200 GET /v1/api/iserver/secdef/info?conid=853400816&sectype=OPT&month=202604&exchange=FORECASTX&strike=74.0
-> GET /v1/api/iserver/secdef/info?conid=853400816&sectype=OPT&month=202604&exchange=FORECASTX&strike=75.0
<- 200 GET /v1/api/iserver/secdef/info?conid=853400816&sectype=OPT&month=202604&exchange=FORECASTX&strike=75.0
-> request: /v1/api/tickle
-> GET /v1/api/tickle,200|131ms
-> request: /v1/api/tickle
-> GET /v1/api/tickle,200|144ms
-> GET /v1/api/iserver/marketdata/history?conid=877789100&period=1d&bar=5min&outsideRth=true
<- 200 GET /v1/api/iserver/marketdata/history?conid=877789100&period=1d&bar=5min&outsideRth=true
-> request: /v1/api/tickle
-> GET /v1/api/tickle,200|147ms
-> request: /sso/ping
-> GET /sso/ping,200|355ms
-> request: /v1/api/tickle
-> GET /v1/api/tickle,200|113ms
-> request: /v1/api/tickle
-> GET /v1/api/tickle,200|111ms
-> GET /v1/api/iserver/marketdata/history?conid=853400816&period=1m&bar=5min&outsideRth=true
<- 500 GET /v1/api/iserver/marketdata/history?conid=853400816&period=1m&bar=5min&outsideRth=true
-> GET /v1/api/iserver/marketdata/history?conid=853400816&period=1d&bar=5min&outsideRth=true
<- 500 GET /v1/api/iserver/marketdata/history?conid=853400816&period=1d&bar=5min&outsideRth=true
-> request: /v1/api/tickle
-> GET /v1/api/tickle,200|113ms
-> GET /v1/api/iserver/secdef/search?symbol=UHSFO&secType=IND
<- 200 GET /v1/api/iserver/secdef/search?symbol=UHSFO&secType=IND
-> GET /v1/api/iserver/marketdata/history?conid=875861841&period=1d&bar=5min&outsideRth=true
<- 500 GET /v1/api/iserver/marketdata/history?conid=875861841&period=1d&bar=5min&outsideRth=true
-> request: /v1/api/tickle
-> GET /v1/api/tickle,200|176ms
-> request: /v1/api/tickle
-> GET /v1/api/tickle,200|252ms
-> GET /v1/api/iserver/marketdata/history?conid=877789100&period=1d&bar=1min&outsideRth=true
<- 200 GET /v1/api/iserver/marketdata/history?conid=877789100&period=1d&bar=1min&outsideRth=true
-> request: /v1/api/tickle
-> GET /v1/api/tickle,200|123ms
-> request: /v1/api/tickle
-> GET /v1/api/tickle,200|118ms
-> request: /v1/api/tickle
-> GET /v1/api/tickle,200|273ms
-> GET /v1/api/iserver/marketdata/history?conid=877789100&period=2d&bar=1min&outsideRth=true
<- 200 GET /v1/api/iserver/marketdata/history?conid=877789100&period=2d&bar=1min&outsideRth=true
-> request: /v1/api/tickle
-> GET /v1/api/tickle,200|251ms
-> request: /v1/api/tickle
-> GET /v1/api/tickle,200|113ms
-> GET /v1/api/iserver/marketdata/history?conid=877789100&period=2d&bar=1min&outsideRth=true
<- 200 GET /v1/api/iserver/marketdata/history?conid=877789100&period=2d&bar=1min&outsideRth=true
-> request: /sso/ping
-> GET /sso/ping,200|324ms
-> request: /v1/api/tickle
-> GET /v1/api/tickle,200|361ms
-> request: /v1/api/tickle
-> GET /v1/api/tickle,200|138ms
-> request: /v1/api/tickle
-> GET /v1/api/tickle,200|116ms
-> request: /v1/api/tickle
-> GET /v1/api/tickle,200|125ms
-> GET /v1/api/iserver/marketdata/history?conid=877789100&period=2d&bar=1min&outsideRth=true
<- 200 GET /v1/api/iserver/marketdata/history?conid=877789100&period=2d&bar=1min&outsideRth=true
-> request: /v1/api/tickle
-> GET /v1/api/tickle,200|145ms
-> request: /v1/api/tickle
-> GET /v1/api/tickle,200|110ms
-> request: /v1/api/tickle
-> GET /v1/api/tickle,200|111ms
-> GET /v1/api/iserver/marketdata/history?conid=877789100&period=30d&bar=1min&outsideRth=true
<- 200 GET /v1/api/iserver/marketdata/history?conid=877789100&period=30d&bar=1min&outsideRth=true
-> request: /v1/api/tickle
-> GET /v1/api/tickle,200|254ms
-> request: /v1/api/tickle
-> GET /v1/api/tickle,200|116ms
-> request: /v1/api/tickle
-> GET /v1/api/tickle,200|266ms
-> GET /v1/api/iserver/marketdata/history?conid=877789100&period=2d&bar=1min&outsideRth=true
<- 200 GET /v1/api/iserver/marketdata/history?conid=877789100&period=2d&bar=1min&outsideRth=true
-> request: /sso/ping
-> GET /sso/ping,200|598ms
-> request: /v1/api/tickle
-> GET /v1/api/tickle,200|108ms
-> request: /v1/api/tickle
-> GET /v1/api/tickle,200|110ms
-> GET /v1/api/iserver/marketdata/history?conid=877789101&period=2d&bar=1min&outsideRth=true
<- 500 GET /v1/api/iserver/marketdata/history?conid=877789101&period=2d&bar=1min&outsideRth=true
-> GET /v1/api/iserver/marketdata/history?conid=877789999&period=2d&bar=1min&outsideRth=true
<- 500 GET /v1/api/iserver/marketdata/history?conid=877789999&period=2d&bar=1min&outsideRth=true
-> request: /v1/api/tickle
-> GET /v1/api/tickle,200|112ms
-> GET /v1/api/iserver/marketdata/history?conid=877789100&period=2d&bar=1min&outsideRth=true
<- 200 GET /v1/api/iserver/marketdata/history?conid=877789100&period=2d&bar=1min&outsideRth=true
-> request: /v1/api/tickle
-> GET /v1/api/tickle,200|274ms
-> GET /v1/api/iserver/marketdata/snapshot?conids=877789100&fields=31%2C84%2C86%2C87
<- 200 GET /v1/api/iserver/marketdata/snapshot?conids=877789100&fields=31%2C84%2C86%2C87
-> GET /v1/api/iserver/marketdata/snapshot?conids=877789100&fields=31%2C84%2C86%2C87
<- 200 GET /v1/api/iserver/marketdata/snapshot?conids=877789100&fields=31%2C84%2C86%2C87
-> GET /v1/api/iserver/marketdata/snapshot?conids=877789100&fields=31%2C84%2C86%2C87
<- 200 GET /v1/api/iserver/marketdata/snapshot?conids=877789100&fields=31%2C84%2C86%2C87
-> GET /v1/api/iserver/marketdata/snapshot?conids=877789100&fields=31%2C84%2C86%2C87
<- 200 GET /v1/api/iserver/marketdata/snapshot?conids=877789100&fields=31%2C84%2C86%2C87
-> request: /v1/api/tickle
-> GET /v1/api/tickle,200|108ms
-> GET /v1/api/iserver/marketdata/snapshot?conids=877789100&fields=31%2C84%2C86%2C87
<- 200 GET /v1/api/iserver/marketdata/snapshot?conids=877789100&fields=31%2C84%2C86%2C87
-> GET /v1/api/iserver/marketdata/snapshot?conids=877789100&fields=31%2C84%2C86%2C87
<- 200 GET /v1/api/iserver/marketdata/snapshot?conids=877789100&fields=31%2C84%2C86%2C87
-> request: /v1/api/tickle
-> GET /v1/api/tickle,200|108ms
-> request: /v1/api/tickle
-> GET /v1/api/tickle,200|268ms
-> GET /v1/api/iserver/marketdata/history?conid=877789100&period=2d&bar=1min&outsideRth=true
<- 200 GET /v1/api/iserver/marketdata/history?conid=877789100&period=2d&bar=1min&outsideRth=true
-> request: /v1/api/tickle
-> GET /v1/api/tickle,200|111ms
-> request: /v1/api/tickle
-> GET /v1/api/tickle,200|252ms
-> request: /v1/api/tickle
-> GET /v1/api/tickle,200|111ms
-> request: /sso/ping
-> GET /sso/ping,200|324ms
-> request: /v1/api/tickle
-> GET /v1/api/tickle,200|112ms
-> request: /v1/api/tickle
-> GET /v1/api/tickle,200|475ms
-> request: /v1/api/tickle
-> GET /v1/api/tickle,200|116ms
-> request: /v1/api/tickle
-> GET /v1/api/tickle,200|108ms
-> request: /v1/api/tickle
-> GET /v1/api/tickle,200|116ms
-> request: /v1/api/tickle
-> GET /v1/api/tickle,200|109ms
-> request: /v1/api/tickle
-> GET /v1/api/tickle,200|113ms
-> request: /v1/api/tickle
-> GET /v1/api/tickle,200|114ms
-> request: /v1/api/tickle
-> GET /v1/api/tickle,200|115ms
-> request: /v1/api/tickle
-> GET /v1/api/tickle,200|121ms
-> request: /sso/ping
-> GET /sso/ping,200|333ms
-> request: /v1/api/tickle
-> GET /v1/api/tickle,200|335ms
-> request: /v1/api/tickle
-> GET /v1/api/tickle,200|113ms
-> request: /v1/api/tickle
-> GET /v1/api/tickle,200|195ms
-> request: /v1/api/tickle
-> GET /v1/api/tickle,200|141ms
-> request: /v1/api/tickle
-> GET /v1/api/tickle,200|116ms
-> request: /v1/api/tickle
-> GET /v1/api/tickle,200|338ms
-> request: /v1/api/tickle
-> GET /v1/api/tickle,200|126ms
-> request: /v1/api/tickle
-> GET /v1/api/tickle,200|113ms
-> request: /v1/api/tickle
-> GET /v1/api/tickle,200|260ms
-> request: /v1/api/tickle
-> GET /v1/api/tickle,200|115ms
-> request: /sso/ping
-> GET /sso/ping,200|466ms
-> request: /v1/api/tickle
-> GET /v1/api/tickle,200|115ms
-> request: /v1/api/tickle
-> GET /v1/api/tickle,200|121ms
-> request: /v1/api/tickle
-> GET /v1/api/tickle,200|340ms
-> request: /v1/api/tickle
-> GET /v1/api/tickle,200|253ms
-> request: /v1/api/tickle
-> GET /v1/api/tickle,200|109ms
-> request: /v1/api/tickle
-> GET /v1/api/tickle,200|280ms
-> request: /v1/api/tickle
-> GET /v1/api/tickle,200|115ms
-> request: /v1/api/tickle
-> GET /v1/api/tickle,200|117ms
-> request: /v1/api/tickle
-> GET /v1/api/tickle,200|180ms
-> request: /v1/api/tickle
-> GET /v1/api/tickle,200|115ms
-> request: /sso/ping
-> GET /sso/ping,200|464ms
-> request: /v1/api/tickle
-> GET /v1/api/tickle,200|274ms
-> request: /v1/api/tickle
-> GET /v1/api/tickle,200|113ms
-> request: /v1/api/tickle
-> GET /v1/api/tickle,200|281ms
-> request: /v1/api/tickle
-> GET /v1/api/tickle,200|113ms
-> request: /v1/api/tickle
-> GET /v1/api/tickle,200|113ms
-> request: /v1/api/tickle
-> GET /v1/api/tickle,200|113ms
-> request: /v1/api/tickle
-> GET /v1/api/tickle,200|256ms
-> request: /v1/api/tickle
-> GET /v1/api/tickle,200|117ms
-> request: /v1/api/tickle
-> GET /v1/api/tickle,200|112ms
-> request: /v1/api/tickle
-> GET /v1/api/tickle,200|113ms
-> request: /sso/ping
-> GET /sso/ping,200|329ms
-> request: /v1/api/tickle
-> GET /v1/api/tickle,200|456ms
-> request: /v1/api/tickle
-> GET /v1/api/tickle,200|176ms
-> request: /v1/api/tickle
-> GET /v1/api/tickle,200|120ms
-> request: /v1/api/tickle
-> GET /v1/api/tickle,200|336ms
-> request: /v1/api/tickle
-> GET /v1/api/tickle,200|115ms
-> request: /v1/api/tickle
-> GET /v1/api/tickle,200|141ms
-> request: /v1/api/tickle
-> GET /v1/api/tickle,200|261ms
-> request: /v1/api/tickle
-> GET /v1/api/tickle,200|119ms
-> request: /v1/api/tickle
-> GET /v1/api/tickle,200|110ms
-> request: /v1/api/tickle
-> GET /v1/api/tickle,200|115ms
-> request: /sso/ping
-> GET /sso/ping,200|582ms
-> request: /v1/api/tickle
-> GET /v1/api/tickle,200|114ms
-> request: /v1/api/tickle
-> GET /v1/api/tickle,200|109ms
-> request: /v1/api/tickle
-> GET /v1/api/tickle,200|114ms
-> request: /v1/api/tickle
-> GET /v1/api/tickle,200|113ms
-> request: /v1/api/tickle
-> GET /v1/api/tickle,200|135ms
-> request: /v1/api/tickle
-> GET /v1/api/tickle,200|114ms
-> request: /v1/api/tickle
-> GET /v1/api/tickle,200|108ms
-> request: /v1/api/tickle
-> GET /v1/api/tickle,200|351ms
-> request: /v1/api/tickle
-> GET /v1/api/tickle,200|110ms
-> request: /v1/api/tickle
-> GET /v1/api/tickle,200|118ms
-> request: /sso/ping
-> GET /sso/ping,200|536ms
-> request: /v1/api/tickle
-> GET /v1/api/tickle,200|113ms
-> request: /v1/api/tickle
-> GET /v1/api/tickle,200|115ms
-> request: /v1/api/tickle
-> GET /v1/api/tickle,200|319ms
-> request: /v1/api/tickle
-> GET /v1/api/tickle,200|316ms
-> request: /v1/api/tickle
-> GET /v1/api/tickle,200|591ms
-> request: /v1/api/tickle
-> GET /v1/api/tickle,200|131ms
-> request: /v1/api/tickle
-> GET /v1/api/tickle,200|111ms
-> request: /v1/api/tickle
-> GET /v1/api/tickle,200|153ms
-> request: /v1/api/tickle
-> GET /v1/api/tickle,200|369ms
-> request: /v1/api/tickle
-> GET /v1/api/tickle,200|271ms
-> request: /sso/ping
-> GET /sso/ping,200|561ms
-> request: /v1/api/tickle
-> GET /v1/api/tickle,200|111ms
-> request: /v1/api/tickle
-> GET /v1/api/tickle,200|253ms
-> request: /v1/api/tickle
-> GET /v1/api/tickle,200|301ms
-> request: /v1/api/tickle
-> GET /v1/api/tickle,200|176ms
-> request: /v1/api/tickle
-> GET /v1/api/tickle,200|113ms
-> request: /v1/api/tickle
-> GET /v1/api/tickle,200|126ms
-> request: /v1/api/tickle
-> GET /v1/api/tickle,200|137ms
-> request: /v1/api/tickle
-> GET /v1/api/tickle,200|119ms
-> request: /v1/api/tickle
-> GET /v1/api/tickle,200|277ms
-> request: /v1/api/tickle
-> GET /v1/api/tickle,200|119ms
-> request: /sso/ping
-> GET /sso/ping,200|529ms
-> request: /v1/api/tickle
-> GET /v1/api/tickle,200|114ms
-> request: /v1/api/tickle
-> GET /v1/api/tickle,200|354ms
-> request: /v1/api/tickle
-> GET /v1/api/tickle,200|118ms
-> request: /v1/api/tickle
-> GET /v1/api/tickle,200|257ms
-> request: /v1/api/tickle
-> GET /v1/api/tickle,200|123ms
-> request: /v1/api/tickle
-> GET /v1/api/tickle,200|484ms
-> request: /v1/api/tickle
-> GET /v1/api/tickle,200|199ms
-> request: /v1/api/tickle
-> GET /v1/api/tickle,200|334ms
-> request: /v1/api/tickle
-> GET /v1/api/tickle,200|110ms
-> request: /v1/api/tickle
-> GET /v1/api/tickle,200|129ms
-> request: /sso/ping
-> GET /sso/ping,200|705ms
-> request: /v1/api/tickle
-> GET /v1/api/tickle,200|114ms
-> request: /v1/api/tickle
-> GET /v1/api/tickle,200|252ms
-> request: /v1/api/tickle
-> GET /v1/api/tickle,200|111ms
-> request: /v1/api/tickle
-> GET /v1/api/tickle,200|149ms
-> request: /v1/api/tickle
-> GET /v1/api/tickle,200|111ms
-> request: /v1/api/tickle
-> GET /v1/api/tickle,200|109ms
-> request: /v1/api/tickle
-> GET /v1/api/tickle,200|111ms
-> request: /v1/api/tickle
-> GET /v1/api/tickle,200|112ms
-> request: /v1/api/tickle
-> GET /v1/api/tickle,200|112ms
-> request: /v1/api/tickle
-> GET /v1/api/tickle,200|120ms
-> request: /sso/ping
-> GET /sso/ping,200|493ms
-> request: /v1/api/tickle
-> GET /v1/api/tickle,200|182ms
-> request: /v1/api/tickle
-> GET /v1/api/tickle,200|110ms
-> request: /v1/api/tickle
-> GET /v1/api/tickle,200|341ms
-> request: /v1/api/tickle
-> GET /v1/api/tickle,200|114ms
-> request: /v1/api/tickle
-> GET /v1/api/tickle,200|115ms
-> request: /v1/api/tickle
-> GET /v1/api/tickle,200|336ms
-> request: /v1/api/tickle
-> GET /v1/api/tickle,200|789ms
-> request: /v1/api/tickle
-> GET /v1/api/tickle,200|252ms
-> request: /v1/api/tickle
-> GET /v1/api/tickle,200|122ms
-> request: /v1/api/tickle
-> GET /v1/api/tickle,200|301ms
-> request: /sso/ping
-> GET /sso/ping,200|543ms
-> request: /v1/api/tickle
-> GET /v1/api/tickle,200|336ms
-> request: /v1/api/tickle
-> GET /v1/api/tickle,200|113ms
-> request: /v1/api/tickle
-> GET /v1/api/tickle,200|250ms
-> request: /v1/api/tickle
-> GET /v1/api/tickle,200|128ms
-> request: /v1/api/tickle
-> GET /v1/api/tickle,200|176ms
-> request: /v1/api/tickle
-> GET /v1/api/tickle,200|112ms
-> request: /v1/api/tickle
-> GET /v1/api/tickle,200|143ms
-> request: /v1/api/tickle
-> GET /v1/api/tickle,200|113ms
-> request: /v1/api/tickle
-> GET /v1/api/tickle,200|292ms
-> request: /v1/api/tickle
-> GET /v1/api/tickle,200|335ms
-> request: /sso/ping
-> GET /sso/ping,200|352ms
-> request: /v1/api/tickle
-> GET /v1/api/tickle,200|108ms
-> request: /v1/api/tickle
-> GET /v1/api/tickle,200|253ms
-> request: /v1/api/tickle
-> GET /v1/api/tickle,200|116ms
-> request: /v1/api/tickle
-> GET /v1/api/tickle,200|174ms
-> request: /v1/api/tickle
-> GET /v1/api/tickle,200|113ms
-> request: /v1/api/tickle
-> GET /v1/api/tickle,200|252ms
-> request: /v1/api/tickle
-> GET /v1/api/tickle,200|154ms
-> request: /v1/api/tickle
-> GET /v1/api/tickle,200|345ms
-> request: /v1/api/tickle
-> GET /v1/api/tickle,200|116ms
-> request: /v1/api/tickle
-> GET /v1/api/tickle,200|122ms
-> request: /sso/ping
-> GET /sso/ping,200|325ms
-> request: /v1/api/tickle
-> GET /v1/api/tickle,200|262ms
-> request: /v1/api/tickle
-> GET /v1/api/tickle,200|336ms
-> request: /v1/api/tickle
-> GET /v1/api/tickle,200|115ms
-> request: /v1/api/tickle
-> GET /v1/api/tickle,200|115ms
-> request: /v1/api/tickle
-> GET /v1/api/tickle,200|111ms
-> request: /v1/api/tickle
-> GET /v1/api/tickle,200|111ms
-> request: /v1/api/tickle
-> GET /v1/api/tickle,200|132ms
-> request: /v1/api/tickle
-> GET /v1/api/tickle,200|278ms
-> request: /v1/api/tickle
-> GET /v1/api/tickle,200|144ms
-> request: /v1/api/tickle
-> GET /v1/api/tickle,200|176ms
-> request: /sso/ping
-> GET /sso/ping,200|336ms
-> request: /v1/api/tickle
-> GET /v1/api/tickle,200|347ms
-> request: /v1/api/tickle
-> GET /v1/api/tickle,200|113ms
-> request: /v1/api/tickle
-> GET /v1/api/tickle,200|113ms
-> request: /v1/api/tickle
-> GET /v1/api/tickle,200|112ms
-> request: /v1/api/tickle
-> GET /v1/api/tickle,200|112ms
-> request: /v1/api/tickle
-> GET /v1/api/tickle,200|114ms
-> request: /v1/api/tickle
-> GET /v1/api/tickle,200|278ms
-> request: /v1/api/tickle
-> GET /v1/api/tickle,200|110ms
-> request: /v1/api/tickle
-> GET /v1/api/tickle,200|340ms
-> request: /v1/api/tickle
-> GET /v1/api/tickle,200|115ms
-> request: /sso/ping
-> GET /sso/ping,200|335ms
-> request: /v1/api/tickle
-> GET /v1/api/tickle,200|270ms
-> request: /v1/api/tickle
-> GET /v1/api/tickle,200|125ms
-> request: /v1/api/tickle
-> GET /v1/api/tickle,200|123ms
-> request: /v1/api/tickle
-> GET /v1/api/tickle,200|107ms
-> request: /v1/api/tickle
-> GET /v1/api/tickle,200|112ms
-> request: /v1/api/tickle
-> GET /v1/api/tickle,200|334ms
-> request: /v1/api/tickle
-> GET /v1/api/tickle,200|124ms
-> request: /v1/api/tickle
-> GET /v1/api/tickle,200|334ms
-> request: /v1/api/tickle
-> GET /v1/api/tickle,200|113ms
-> request: /v1/api/tickle
-> GET /v1/api/tickle,200|366ms
-> request: /sso/ping
-> GET /sso/ping,200|353ms
-> request: /v1/api/tickle
-> GET /v1/api/tickle,200|267ms
-> request: /v1/api/tickle
-> GET /v1/api/tickle,200|115ms
-> request: /v1/api/tickle
-> GET /v1/api/tickle,200|254ms
-> request: /v1/api/tickle
-> GET /v1/api/tickle,200|113ms
-> request: /v1/api/tickle
-> GET /v1/api/tickle,200|265ms
-> request: /v1/api/tickle
-> GET /v1/api/tickle,200|113ms
-> request: /v1/api/tickle
-> GET /v1/api/tickle,200|113ms
-> request: /v1/api/tickle
-> GET /v1/api/tickle,200|114ms
-> request: /v1/api/tickle
-> GET /v1/api/tickle,200|266ms
-> request: /v1/api/tickle
-> GET /v1/api/tickle,200|593ms
-> request: /sso/ping
-> GET /sso/ping,200|545ms
-> request: /v1/api/tickle
-> GET /v1/api/tickle,200|110ms
-> request: /v1/api/tickle
-> GET /v1/api/tickle,200|339ms
-> request: /v1/api/tickle
-> GET /v1/api/tickle,200|179ms
-> request: /v1/api/tickle
-> GET /v1/api/tickle,200|331ms
-> request: /v1/api/tickle
-> GET /v1/api/tickle,200|108ms
-> request: /v1/api/tickle
-> GET /v1/api/tickle,200|105ms
-> request: /v1/api/tickle
-> GET /v1/api/tickle,200|114ms
-> request: /v1/api/tickle
-> GET /v1/api/tickle,200|359ms
-> request: /v1/api/tickle
-> GET /v1/api/tickle,200|344ms
-> request: /v1/api/tickle
-> GET /v1/api/tickle,200|116ms
-> request: /sso/ping
-> GET /sso/ping,200|411ms
-> request: /v1/api/tickle
-> GET /v1/api/tickle,200|253ms
-> request: /v1/api/tickle
-> GET /v1/api/tickle,200|257ms
-> request: /v1/api/tickle
-> GET /v1/api/tickle,200|179ms
-> request: /v1/api/tickle
-> GET /v1/api/tickle,200|147ms
-> request: /v1/api/tickle
-> GET /v1/api/tickle,200|139ms
-> request: /v1/api/tickle
-> GET /v1/api/tickle,200|109ms
-> request: /v1/api/tickle
-> GET /v1/api/tickle,200|336ms
-> request: /v1/api/tickle
-> GET /v1/api/tickle,200|322ms
-> request: /v1/api/tickle
-> GET /v1/api/tickle,200|134ms
-> request: /v1/api/tickle
-> GET /v1/api/tickle,200|140ms
-> request: /sso/ping
-> GET /sso/ping,200|360ms
-> request: /v1/api/tickle
-> GET /v1/api/tickle,200|527ms
-> request: /v1/api/tickle
-> GET /v1/api/tickle,200|250ms
-> request: /v1/api/tickle
-> GET /v1/api/tickle,200|113ms
-> request: /v1/api/tickle
-> GET /v1/api/tickle,200|122ms
-> request: /v1/api/tickle
-> GET /v1/api/tickle,200|113ms
-> request: /v1/api/tickle
-> GET /v1/api/tickle,200|345ms
-> request: /v1/api/tickle
-> GET /v1/api/tickle,200|255ms
-> request: /v1/api/tickle
-> GET /v1/api/tickle,200|121ms
-> request: /v1/api/tickle
-> GET /v1/api/tickle,200|265ms
-> request: /v1/api/tickle
-> GET /v1/api/tickle,200|112ms
-> request: /sso/ping
-> GET /sso/ping,200|364ms
-> request: /v1/api/tickle
-> GET /v1/api/tickle,200|126ms
-> request: /v1/api/tickle
-> GET /v1/api/tickle,200|121ms
-> request: /v1/api/tickle
-> GET /v1/api/tickle,200|112ms
-> request: /v1/api/tickle
-> GET /v1/api/tickle,200|139ms
-> request: /v1/api/tickle
-> GET /v1/api/tickle,200|336ms
-> request: /v1/api/tickle
-> GET /v1/api/tickle,200|255ms
-> request: /v1/api/tickle
-> GET /v1/api/tickle,200|129ms
-> request: /v1/api/tickle
-> GET /v1/api/tickle,200|176ms
-> request: /v1/api/tickle
-> GET /v1/api/tickle,200|112ms
-> request: /v1/api/tickle
-> GET /v1/api/tickle,200|110ms
-> request: /sso/ping
-> GET /sso/ping,200|374ms
-> request: /v1/api/tickle
-> GET /v1/api/tickle,200|339ms
-> request: /v1/api/tickle
-> GET /v1/api/tickle,200|336ms
-> request: /v1/api/tickle
-> GET /v1/api/tickle,200|257ms
-> request: /v1/api/tickle
-> GET /v1/api/tickle,200|337ms
-> request: /v1/api/tickle
-> GET /v1/api/tickle,200|258ms
-> request: /v1/api/tickle
-> GET /v1/api/tickle,200|114ms
-> request: /v1/api/tickle
-> GET /v1/api/tickle,200|114ms
-> request: /v1/api/tickle
-> GET /v1/api/tickle,200|113ms
-> request: /v1/api/tickle
-> GET /v1/api/tickle,200|279ms
-> request: /v1/api/tickle
-> GET /v1/api/tickle,200|113ms
-> request: /sso/ping
-> GET /sso/ping,200|346ms
-> request: /v1/api/tickle
-> GET /v1/api/tickle,200|118ms
-> request: /v1/api/tickle
-> GET /v1/api/tickle,200|180ms
-> request: /v1/api/tickle
-> GET /v1/api/tickle,200|338ms
-> request: /v1/api/tickle
-> GET /v1/api/tickle,200|112ms
-> request: /v1/api/tickle
-> GET /v1/api/tickle,200|113ms
-> request: /v1/api/tickle
-> GET /v1/api/tickle,200|114ms
-> request: /v1/api/tickle
-> GET /v1/api/tickle,200|130ms
-> request: /v1/api/tickle
-> GET /v1/api/tickle,200|189ms
-> request: /v1/api/tickle
-> GET /v1/api/tickle,200|348ms
-> request: /v1/api/tickle
-> GET /v1/api/tickle,200|115ms
-> request: /sso/ping
-> GET /sso/ping,200|535ms
-> request: /v1/api/tickle
-> GET /v1/api/tickle,200|262ms
-> request: /v1/api/tickle
-> GET /v1/api/tickle,200|258ms
-> request: /v1/api/tickle
-> GET /v1/api/tickle,200|485ms
-> request: /v1/api/tickle
-> GET /v1/api/tickle,200|114ms
-> request: /v1/api/tickle
-> GET /v1/api/tickle,200|116ms
-> request: /v1/api/tickle
-> GET /v1/api/tickle,200|109ms
-> request: /v1/api/tickle
-> GET /v1/api/tickle,200|109ms
-> request: /v1/api/tickle
-> GET /v1/api/tickle,200|499ms
-> request: /v1/api/tickle
-> GET /v1/api/tickle,200|110ms
-> request: /v1/api/tickle
-> GET /v1/api/tickle,200|335ms
