-> GET /sso/Login?forwardTo=22&RL=1&ip2loc=US
<- 200 GET /sso/Login?forwardTo=22&RL=1&ip2loc=US
-> GET /css/bootstrap-5.2.2/bootstrap.min.css
-> GET /css/fontawesome-6.4.2/all.min.css
<- 200 GET /css/bootstrap-5.2.2/bootstrap.min.css
-> GET /css/bootstrap-switch-3.3.2/bootstrap-switch.min.css
<- 200 GET /css/fontawesome-6.4.2/all.min.css
-> GET /css/reg-am/login.min.css
<- 200 GET /css/bootstrap-switch-3.3.2/bootstrap-switch.min.css
<- 200 GET /css/reg-am/login.min.css
-> GET /css/ibkr/theme-ibkr-portal.min.css
-> GET /scripts/common/js/jquery-3.7.0/jquery.min.js
<- 200 GET /css/ibkr/theme-ibkr-portal.min.css
-> GET /scripts/common/js/bootstrap-5.2.2/bootstrap.bundle.min.js
<- 200 GET /scripts/common/js/jquery-3.7.0/jquery.min.js
-> GET /sso/lib/xyz.bundle.min.js
<- 200 GET /scripts/common/js/bootstrap-5.2.2/bootstrap.bundle.min.js
<- 200 GET /sso/lib/xyz.bundle.min.js
-> GET /images/common/logos/ibkr/interactive-brokers.svg
<- 200 GET /images/common/logos/ibkr/interactive-brokers.svg
-> POST /sso/report
-> POST /portal.proxy/v1/gstat/bulletins
-> GET /fonts/proxima-nova/Proxima-Nova-Regular.woff2
-> GET /fonts/fontawesome-6.4.2/webfonts/fa-solid-900.woff2
-> GET /fonts/fontawesome-6.4.2/webfonts/fa-brands-400.woff2
<- 200 GET /fonts/proxima-nova/Proxima-Nova-Regular.woff2
<- 200 GET /fonts/fontawesome-6.4.2/webfonts/fa-brands-400.woff2
-> GET /fonts/proxima-nova/Proxima-Nova-Semibold.woff2
<- 200 POST /portal.proxy/v1/gstat/bulletins
<- 200 GET /fonts/fontawesome-6.4.2/webfonts/fa-solid-900.woff2
-> GET /fonts/proxima-nova/proximanova-extrabold.woff2
<- 200 GET /fonts/proxima-nova/Proxima-Nova-Semibold.woff2
<- 200 GET /fonts/proxima-nova/proximanova-extrabold.woff2
<- 200 POST /sso/report
-> GET /images/common/logos/ibkr/interactive-brokers-inverse.svg
<- 200 GET /images/common/logos/ibkr/interactive-brokers-inverse.svg
-> POST /sso/Authenticator
<- 200 POST /sso/Authenticator
-> POST /sso/Authenticator
<- 200 POST /sso/Authenticator
-> POST /sso/Dispatcher
<- 302 POST /sso/Dispatcher
-> request: /v1/api/sso/validate?gw=1
-> GET /v1/api/sso/validate?gw=1,200|613ms
-> request: /v1/api/one/user
-> request: /v1/api/ssodh/init
-> sso GET https://api.ibkr.com/v1/api/ssodh/init
-> GET /v1/api/one/user,200|365ms
-> request: /v1/api/ssodh/st
-> sso GET https://api.ibkr.com/v1/api/ssodh/st
-> request: /sso/Authenticator?ACTION=PUBLISH_TST&RESP_TYPE=JSON&DEVICE_ID=2d070cb6|A0-59-50-3B-19-B5
-> sso GET https://api.ibkr.com/sso/Authenticator?ACTION=PUBLISH_TST&RESP_TYPE=JSON&DEVICE_ID=2d070cb6|A0-59-50-3B-19-B5
<- 200 GET https://api.ibkr.com/sso/Authenticator?ACTION=PUBLISH_TST&RESP_TYPE=JSON&DEVICE_ID=2d070cb6|A0-59-50-3B-19-B5 0
-> request: /v1/api/iserver/auth/status
-> GET /v1/api/iserver/auth/status,200|112ms
-> request: /v1/api/iserver/auth/ssodh/init
-> POST https://api.ibkr.com/v1/api/iserver/auth/ssodh/init,200|1267ms
-> request: /v1/api/iserver/accounts
-> GET /v1/api/iserver/accounts,200|124ms
-> request: /v1/api/tickle
-> GET /v1/api/tickle,200|120ms
-> GET /v1/api/iserver/auth/status
<- 200 GET /v1/api/iserver/auth/status
-> GET /v1/api/iserver/accounts
<- 200 GET /v1/api/iserver/accounts
-> request: /v1/api/tickle
-> GET /v1/api/tickle,200|119ms
-> GET /v1/api/trsrv/event/category-tree
<- 404 GET /v1/api/trsrv/event/category-tree
-> GET /v1/api/trsrv/event/categorytree
<- 404 GET /v1/api/trsrv/event/categorytree
-> GET /v1/api/trsrv/events/category-tree
<- 404 GET /v1/api/trsrv/events/category-tree
-> request: /v1/api/tickle
-> GET /v1/api/tickle,200|107ms
-> request: /v1/api/tickle
-> GET /v1/api/tickle,200|311ms
-> request: /v1/api/tickle
-> GET /v1/api/tickle,200|145ms
-> request: /v1/api/tickle
-> GET /v1/api/tickle,200|184ms
-> request: /v1/api/tickle
-> GET /v1/api/tickle,200|118ms
-> request: /v1/api/tickle
-> GET /v1/api/tickle,200|124ms
-> request: /v1/api/tickle
-> GET /v1/api/tickle,200|120ms
-> request: /sso/ping
-> GET /sso/ping,200|512ms
-> request: /v1/api/tickle
-> GET /v1/api/tickle,200|140ms
-> request: /v1/api/tickle
-> GET /v1/api/tickle,200|127ms
-> request: /v1/api/tickle
-> GET /v1/api/tickle,200|117ms
-> request: /v1/api/tickle
-> GET /v1/api/tickle,200|120ms
-> request: /v1/api/tickle
-> GET /v1/api/tickle,200|114ms
-> GET /v1/api/iserver/secdef/search?symbol=FF&secType=IND
<- 200 GET /v1/api/iserver/secdef/search?symbol=FF&secType=IND
-> GET /v1/api/iserver/secdef/search?symbol=USIP&secType=IND
<- 200 GET /v1/api/iserver/secdef/search?symbol=USIP&secType=IND
-> GET /v1/api/iserver/secdef/search?symbol=GCE&secType=IND
<- 200 GET /v1/api/iserver/secdef/search?symbol=GCE&secType=IND
-> request: /v1/api/tickle
-> GET /v1/api/tickle,200|149ms
-> GET /v1/api/trsrv/event/category-tree
<- 404 GET /v1/api/trsrv/event/category-tree
-> GET /v1/api/trsrv/event/categorytree
<- 404 GET /v1/api/trsrv/event/categorytree
-> GET /v1/api/trsrv/events/category-tree
<- 404 GET /v1/api/trsrv/events/category-tree
-> GET /v1/api/trsrv/event/category-tree
<- 404 GET /v1/api/trsrv/event/category-tree
-> GET /v1/api/trsrv/event/categorytree
<- 404 GET /v1/api/trsrv/event/categorytree
-> GET /v1/api/trsrv/events/category-tree
<- 404 GET /v1/api/trsrv/events/category-tree
-> request: /v1/api/tickle
-> GET /v1/api/tickle,200|125ms
-> request: /v1/api/tickle
-> GET /v1/api/tickle,200|110ms
-> request: /v1/api/tickle
-> GET /v1/api/tickle,200|122ms
-> request: /v1/api/tickle
-> GET /v1/api/tickle,200|135ms
-> request: /sso/ping
-> GET /sso/ping,200|702ms
-> request: /v1/api/tickle
-> GET /v1/api/tickle,200|338ms
-> request: /v1/api/tickle
-> GET /v1/api/tickle,200|121ms
-> request: /v1/api/tickle
-> GET /v1/api/tickle,200|142ms
-> request: /v1/api/tickle
-> GET /v1/api/tickle,200|125ms
-> request: /v1/api/tickle
-> GET /v1/api/tickle,200|114ms
-> request: /v1/api/tickle
-> GET /v1/api/tickle,200|112ms
-> request: /v1/api/tickle
-> GET /v1/api/tickle,200|137ms
-> request: /v1/api/tickle
-> GET /v1/api/tickle,200|115ms
-> request: /v1/api/tickle
-> GET /v1/api/tickle,200|125ms
-> request: /v1/api/tickle
-> GET /v1/api/tickle,200|116ms
-> request: /sso/ping
-> GET /sso/ping,200|348ms
-> request: /v1/api/tickle
-> GET /v1/api/tickle,200|119ms
-> request: /v1/api/tickle
-> GET /v1/api/tickle,200|113ms
-> GET /v1/api/trsrv/event/category-tree
<- 404 GET /v1/api/trsrv/event/category-tree
-> request: /v1/api/tickle
-> GET /v1/api/tickle,200|138ms
-> GET /v1/api/trsrv/event/category-tree
<- 404 GET /v1/api/trsrv/event/category-tree
-> request: /v1/api/tickle
-> GET /v1/api/tickle,200|125ms
-> request: /v1/api/tickle
-> GET /v1/api/tickle,200|301ms
-> request: /v1/api/tickle
-> GET /v1/api/tickle,200|119ms
-> request: /v1/api/tickle
-> GET /v1/api/tickle,200|119ms
-> request: /v1/api/tickle
-> GET /v1/api/tickle,200|116ms
-> request: /v1/api/tickle
-> GET /v1/api/tickle,200|154ms
-> request: /v1/api/tickle
-> GET /v1/api/tickle,200|111ms
-> request: /sso/ping
-> GET /sso/ping,200|530ms
-> request: /v1/api/tickle
-> GET /v1/api/tickle,200|111ms
-> request: /v1/api/tickle
-> GET /v1/api/tickle,200|348ms
-> request: /v1/api/tickle
-> GET /v1/api/tickle,200|113ms
-> request: /v1/api/tickle
-> GET /v1/api/tickle,200|112ms
-> request: /v1/api/tickle
-> GET /v1/api/tickle,200|115ms
-> request: /v1/api/tickle
-> GET /v1/api/tickle,200|114ms
-> request: /v1/api/tickle
-> GET /v1/api/tickle,200|109ms
-> request: /v1/api/tickle
-> GET /v1/api/tickle,200|111ms
-> request: /v1/api/tickle
-> GET /v1/api/tickle,200|125ms
-> request: /v1/api/tickle
-> GET /v1/api/tickle,200|114ms
-> request: /sso/ping
-> GET /sso/ping,200|496ms
-> request: /v1/api/tickle
-> GET /v1/api/tickle,200|122ms
