-> GET /sso/Login?forwardTo=22&RL=1&ip2loc=US
<- 200 GET /sso/Login?forwardTo=22&RL=1&ip2loc=US
-> GET /css/bootstrap-5.2.2/bootstrap.min.css
-> GET /css/fontawesome-6.4.2/all.min.css
<- 200 GET /css/bootstrap-5.2.2/bootstrap.min.css
-> GET /css/bootstrap-switch-3.3.2/bootstrap-switch.min.css
<- 200 GET /css/fontawesome-6.4.2/all.min.css
-> GET /css/reg-am/login.min.css
<- 200 GET /css/reg-am/login.min.css
<- 200 GET /css/bootstrap-switch-3.3.2/bootstrap-switch.min.css
-> GET /css/ibkr/theme-ibkr-portal.min.css
-> GET /scripts/common/js/bootstrap-5.2.2/bootstrap.bundle.min.js
<- 200 GET /scripts/common/js/bootstrap-5.2.2/bootstrap.bundle.min.js
-> GET /scripts/common/js/jquery-3.7.0/jquery.min.js
-> GET /sso/lib/xyz.bundle.min.js
<- 200 GET /css/ibkr/theme-ibkr-portal.min.css
<- 200 GET /scripts/common/js/jquery-3.7.0/jquery.min.js
<- 200 GET /sso/lib/xyz.bundle.min.js
-> GET /images/common/logos/ibkr/interactive-brokers.svg
-> GET /fonts/proxima-nova/Proxima-Nova-Regular.woff2
-> GET /fonts/fontawesome-6.4.2/webfonts/fa-solid-900.woff2
-> GET /fonts/fontawesome-6.4.2/webfonts/fa-brands-400.woff2
-> GET /fonts/proxima-nova/Proxima-Nova-Semibold.woff2
<- 200 GET /images/common/logos/ibkr/interactive-brokers.svg
<- 200 GET /fonts/proxima-nova/Proxima-Nova-Regular.woff2
<- 200 GET /fonts/fontawesome-6.4.2/webfonts/fa-solid-900.woff2
<- 200 GET /fonts/fontawesome-6.4.2/webfonts/fa-brands-400.woff2
<- 200 GET /fonts/proxima-nova/Proxima-Nova-Semibold.woff2
-> POST /sso/report
-> POST /portal.proxy/v1/gstat/bulletins
<- 204 POST /portal.proxy/v1/gstat/bulletins
<- 200 POST /sso/report
-> GET /images/common/logos/ibkr/interactive-brokers-inverse.svg
<- 200 GET /images/common/logos/ibkr/interactive-brokers-inverse.svg
-> POST /sso/Authenticator
<- 200 POST /sso/Authenticator
-> POST /sso/Authenticator
<- 200 POST /sso/Authenticator
-> POST /sso/Dispatcher
<- 302 POST /sso/Dispatcher
-> request: /v1/api/sso/validate?gw=1
-> GET /v1/api/sso/validate?gw=1,200|371ms
-> request: /v1/api/one/user
-> request: /v1/api/ssodh/init
-> sso GET https://api.ibkr.com/v1/api/ssodh/init
-> GET /v1/api/one/user,200|625ms
-> request: /v1/api/ssodh/st
-> sso GET https://api.ibkr.com/v1/api/ssodh/st
-> request: /sso/Authenticator?ACTION=PUBLISH_TST&RESP_TYPE=JSON&DEVICE_ID=1e329ba7|A0-59-50-3B-19-B5
-> sso GET https://api.ibkr.com/sso/Authenticator?ACTION=PUBLISH_TST&RESP_TYPE=JSON&DEVICE_ID=1e329ba7|A0-59-50-3B-19-B5
<- 200 GET https://api.ibkr.com/sso/Authenticator?ACTION=PUBLISH_TST&RESP_TYPE=JSON&DEVICE_ID=1e329ba7|A0-59-50-3B-19-B5 0
-> request: /v1/api/iserver/auth/status
-> GET /v1/api/iserver/auth/status,200|130ms
-> request: /v1/api/iserver/auth/ssodh/init
-> POST https://api.ibkr.com/v1/api/iserver/auth/ssodh/init,200|1270ms
-> request: /v1/api/iserver/accounts
-> GET /v1/api/iserver/accounts,200|130ms
-> GET /v1/api/iserver/secdef/search?symbol=KCD10&secType=FOP
<- 200 GET /v1/api/iserver/secdef/search?symbol=KCD10&secType=FOP
-> request: /v1/api/tickle
-> GET /v1/api/tickle,200|119ms
-> request: /v1/api/tickle
-> GET /v1/api/tickle,200|368ms
-> request: /v1/api/tickle
-> GET /v1/api/tickle,200|305ms
-> request: /v1/api/tickle
-> GET /v1/api/tickle,200|113ms
-> request: /v1/api/tickle
-> GET /v1/api/tickle,200|183ms
-> request: /v1/api/tickle
-> GET /v1/api/tickle,200|143ms
-> request: /v1/api/tickle
-> GET /v1/api/tickle,200|112ms
-> request: /v1/api/tickle
-> GET /v1/api/tickle,200|376ms
-> request: /v1/api/tickle
-> GET /v1/api/tickle,200|113ms
-> request: /sso/ping
-> GET /sso/ping,200|344ms
-> request: /v1/api/tickle
-> GET /v1/api/tickle,200|370ms
-> request: /v1/api/tickle
-> GET /v1/api/tickle,200|112ms
-> request: /v1/api/tickle
-> GET /v1/api/tickle,200|289ms
-> request: /v1/api/tickle
-> GET /v1/api/tickle,200|123ms
-> request: /v1/api/tickle
-> GET /v1/api/tickle,200|116ms
-> request: /v1/api/tickle
-> GET /v1/api/tickle,200|386ms
-> request: /v1/api/tickle
-> GET /v1/api/tickle,200|114ms
-> request: /v1/api/tickle
-> GET /v1/api/tickle,200|121ms
-> request: /v1/api/tickle
-> GET /v1/api/tickle,200|116ms
-> request: /v1/api/tickle
-> GET /v1/api/tickle,200|347ms
-> request: /sso/ping
-> GET /sso/ping,200|339ms
-> request: /v1/api/tickle
-> GET /v1/api/tickle,200|959ms
-> request: /v1/api/tickle
-> GET /v1/api/tickle,200|366ms
-> request: /v1/api/tickle
-> GET /v1/api/tickle,200|120ms
-> request: /v1/api/tickle
-> GET /v1/api/tickle,200|142ms
-> request: /v1/api/tickle
-> GET /v1/api/tickle,200|360ms
-> request: /v1/api/tickle
-> GET /v1/api/tickle,200|119ms
-> GET /v1/api/iserver/auth/status
<- 200 GET /v1/api/iserver/auth/status
-> GET /v1/api/iserver/accounts
<- 200 GET /v1/api/iserver/accounts
-> request: /v1/api/tickle
-> GET /v1/api/tickle,200|117ms
-> request: /v1/api/tickle
-> GET /v1/api/tickle,200|125ms
-> request: /v1/api/tickle
-> GET /v1/api/tickle,200|117ms
-> request: /v1/api/tickle
-> GET /v1/api/tickle,200|119ms
-> request: /sso/ping
-> GET /sso/ping,200|592ms
-> request: /v1/api/tickle
-> GET /v1/api/tickle,200|380ms
-> request: /v1/api/tickle
-> GET /v1/api/tickle,200|177ms
-> request: /v1/api/tickle
-> GET /v1/api/tickle,200|111ms
-> request: /v1/api/tickle
-> GET /v1/api/tickle,200|115ms
-> request: /v1/api/tickle
-> GET /v1/api/tickle,200|124ms
-> request: /v1/api/tickle
-> GET /v1/api/tickle,200|378ms
-> request: /v1/api/tickle
-> GET /v1/api/tickle,200|116ms
-> request: /v1/api/tickle
-> GET /v1/api/tickle,200|118ms
-> request: /v1/api/tickle
-> GET /v1/api/tickle,200|324ms
-> request: /v1/api/tickle
-> GET /v1/api/tickle,200|165ms
-> request: /sso/ping
-> GET /sso/ping,200|333ms
-> request: /v1/api/tickle
-> GET /v1/api/tickle,200|112ms
-> request: /v1/api/tickle
-> GET /v1/api/tickle,200|354ms
-> request: /v1/api/tickle
-> GET /v1/api/tickle,200|115ms
-> request: /v1/api/tickle
-> GET /v1/api/tickle,200|111ms
-> GET /v1/api/iserver/secdef/search?symbol=UHSFO&secType=FOP
<- 200 GET /v1/api/iserver/secdef/search?symbol=UHSFO&secType=FOP
-> request: /v1/api/tickle
-> GET /v1/api/tickle,200|294ms
-> GET /v1/api/iserver/secdef/search?symbol=UHSFO&secType=IND
<- 200 GET /v1/api/iserver/secdef/search?symbol=UHSFO&secType=IND
-> request: /v1/api/tickle
-> GET /v1/api/tickle,200|110ms
-> request: /v1/api/tickle
-> GET /v1/api/tickle,200|371ms
-> GET /v1/api/iserver/secdef/strikes?conid=853400816&sectype=OPT&month=202604&exchange=FORECASTX
<- 200 GET /v1/api/iserver/secdef/strikes?conid=853400816&sectype=OPT&month=202604&exchange=FORECASTX
-> GET /v1/api/iserver/secdef/info?conid=853400816&sectype=OPT&month=202604&exchange=FORECASTX&strike=56.0
<- 200 GET /v1/api/iserver/secdef/info?conid=853400816&sectype=OPT&month=202604&exchange=FORECASTX&strike=56.0
-> GET /v1/api/iserver/secdef/info?conid=853400816&sectype=OPT&month=202604&exchange=FORECASTX&strike=57.0
<- 200 GET /v1/api/iserver/secdef/info?conid=853400816&sectype=OPT&month=202604&exchange=FORECASTX&strike=57.0
-> GET /v1/api/iserver/secdef/info?conid=853400816&sectype=OPT&month=202604&exchange=FORECASTX&strike=58.0
<- 200 GET /v1/api/iserver/secdef/info?conid=853400816&sectype=OPT&month=202604&exchange=FORECASTX&strike=58.0
-> GET /v1/api/iserver/secdef/info?conid=853400816&sectype=OPT&month=202604&exchange=FORECASTX&strike=59.0
<- 200 GET /v1/api/iserver/secdef/info?conid=853400816&sectype=OPT&month=202604&exchange=FORECASTX&strike=59.0
-> GET /v1/api/iserver/secdef/info?conid=853400816&sectype=OPT&month=202604&exchange=FORECASTX&strike=60.0
<- 200 GET /v1/api/iserver/secdef/info?conid=853400816&sectype=OPT&month=202604&exchange=FORECASTX&strike=60.0
-> GET /v1/api/iserver/secdef/info?conid=853400816&sectype=OPT&month=202604&exchange=FORECASTX&strike=61.0
<- 200 GET /v1/api/iserver/secdef/info?conid=853400816&sectype=OPT&month=202604&exchange=FORECASTX&strike=61.0
-> GET /v1/api/iserver/secdef/info?conid=853400816&sectype=OPT&month=202604&exchange=FORECASTX&strike=62.0
<- 200 GET /v1/api/iserver/secdef/info?conid=853400816&sectype=OPT&month=202604&exchange=FORECASTX&strike=62.0
-> GET /v1/api/iserver/secdef/info?conid=853400816&sectype=OPT&month=202604&exchange=FORECASTX&strike=63.0
<- 200 GET /v1/api/iserver/secdef/info?conid=853400816&sectype=OPT&month=202604&exchange=FORECASTX&strike=63.0
-> GET /v1/api/iserver/secdef/info?conid=853400816&sectype=OPT&month=202604&exchange=FORECASTX&strike=64.0
<- 200 GET /v1/api/iserver/secdef/info?conid=853400816&sectype=OPT&month=202604&exchange=FORECASTX&strike=64.0
-> GET /v1/api/iserver/secdef/info?conid=853400816&sectype=OPT&month=202604&exchange=FORECASTX&strike=65.0
<- 200 GET /v1/api/iserver/secdef/info?conid=853400816&sectype=OPT&month=202604&exchange=FORECASTX&strike=65.0
-> GET /v1/api/iserver/secdef/info?conid=853400816&sectype=OPT&month=202604&exchange=FORECASTX&strike=66.0
<- 200 GET /v1/api/iserver/secdef/info?conid=853400816&sectype=OPT&month=202604&exchange=FORECASTX&strike=66.0
-> GET /v1/api/iserver/secdef/info?conid=853400816&sectype=OPT&month=202604&exchange=FORECASTX&strike=67.0
<- 200 GET /v1/api/iserver/secdef/info?conid=853400816&sectype=OPT&month=202604&exchange=FORECASTX&strike=67.0
-> GET /v1/api/iserver/secdef/info?conid=853400816&sectype=OPT&month=202604&exchange=FORECASTX&strike=68.0
<- 200 GET /v1/api/iserver/secdef/info?conid=853400816&sectype=OPT&month=202604&exchange=FORECASTX&strike=68.0
-> GET /v1/api/iserver/secdef/info?conid=853400816&sectype=OPT&month=202604&exchange=FORECASTX&strike=69.0
<- 200 GET /v1/api/iserver/secdef/info?conid=853400816&sectype=OPT&month=202604&exchange=FORECASTX&strike=69.0
-> GET /v1/api/iserver/secdef/info?conid=853400816&sectype=OPT&month=202604&exchange=FORECASTX&strike=70.0
<- 200 GET /v1/api/iserver/secdef/info?conid=853400816&sectype=OPT&month=202604&exchange=FORECASTX&strike=70.0
-> GET /v1/api/iserver/secdef/info?conid=853400816&sectype=OPT&month=202604&exchange=FORECASTX&strike=71.0
<- 200 GET /v1/api/iserver/secdef/info?conid=853400816&sectype=OPT&month=202604&exchange=FORECASTX&strike=71.0
-> GET /v1/api/iserver/secdef/info?conid=853400816&sectype=OPT&month=202604&exchange=FORECASTX&strike=72.0
<- 200 GET /v1/api/iserver/secdef/info?conid=853400816&sectype=OPT&month=202604&exchange=FORECASTX&strike=72.0
-> GET /v1/api/iserver/secdef/info?conid=853400816&sectype=OPT&month=202604&exchange=FORECASTX&strike=73.0
-> request: /v1/api/tickle
-> GET /v1/api/tickle,200|121ms
<- 200 GET /v1/api/iserver/secdef/info?conid=853400816&sectype=OPT&month=202604&exchange=FORECASTX&strike=73.0
-> GET /v1/api/iserver/secdef/info?conid=853400816&sectype=OPT&month=202604&exchange=FORECASTX&strike=74.0
<- 200 GET /v1/api/iserver/secdef/info?conid=853400816&sectype=OPT&month=202604&exchange=FORECASTX&strike=74.0
-> GET /v1/api/iserver/secdef/info?conid=853400816&sectype=OPT&month=202604&exchange=FORECASTX&strike=75.0
<- 200 GET /v1/api/iserver/secdef/info?conid=853400816&sectype=OPT&month=202604&exchange=FORECASTX&strike=75.0
-> GET /v1/api/iserver/secdef/strikes?conid=853400816&sectype=OPT&month=20260423&exchange=FORECASTX
<- 200 GET /v1/api/iserver/secdef/strikes?conid=853400816&sectype=OPT&month=20260423&exchange=FORECASTX
-> GET /v1/api/iserver/secdef/strikes?conid=853400816&sectype=OPT&month=20260422&exchange=FORECASTX
<- 200 GET /v1/api/iserver/secdef/strikes?conid=853400816&sectype=OPT&month=20260422&exchange=FORECASTX
-> request: /v1/api/tickle
-> GET /v1/api/tickle,200|181ms
-> GET /v1/api/iserver/secdef/strikes?conid=853400816&sectype=OPT&month=202604&exchange=FORECASTX
<- 200 GET /v1/api/iserver/secdef/strikes?conid=853400816&sectype=OPT&month=202604&exchange=FORECASTX
-> GET /v1/api/iserver/secdef/info?conid=853400816&sectype=OPT&month=202604&exchange=FORECASTX&strike=56.0
<- 200 GET /v1/api/iserver/secdef/info?conid=853400816&sectype=OPT&month=202604&exchange=FORECASTX&strike=56.0
-> GET /v1/api/iserver/secdef/info?conid=853400816&sectype=OPT&month=202604&exchange=FORECASTX&strike=57.0
<- 200 GET /v1/api/iserver/secdef/info?conid=853400816&sectype=OPT&month=202604&exchange=FORECASTX&strike=57.0
-> GET /v1/api/iserver/secdef/info?conid=853400816&sectype=OPT&month=202604&exchange=FORECASTX&strike=58.0
<- 200 GET /v1/api/iserver/secdef/info?conid=853400816&sectype=OPT&month=202604&exchange=FORECASTX&strike=58.0
-> GET /v1/api/iserver/secdef/info?conid=853400816&sectype=OPT&month=202604&exchange=FORECASTX&strike=59.0
<- 200 GET /v1/api/iserver/secdef/info?conid=853400816&sectype=OPT&month=202604&exchange=FORECASTX&strike=59.0
-> GET /v1/api/iserver/secdef/info?conid=853400816&sectype=OPT&month=202604&exchange=FORECASTX&strike=60.0
<- 200 GET /v1/api/iserver/secdef/info?conid=853400816&sectype=OPT&month=202604&exchange=FORECASTX&strike=60.0
-> GET /v1/api/iserver/secdef/info?conid=853400816&sectype=OPT&month=202604&exchange=FORECASTX&strike=61.0
<- 200 GET /v1/api/iserver/secdef/info?conid=853400816&sectype=OPT&month=202604&exchange=FORECASTX&strike=61.0
-> GET /v1/api/iserver/secdef/info?conid=853400816&sectype=OPT&month=202604&exchange=FORECASTX&strike=62.0
<- 200 GET /v1/api/iserver/secdef/info?conid=853400816&sectype=OPT&month=202604&exchange=FORECASTX&strike=62.0
-> GET /v1/api/iserver/secdef/info?conid=853400816&sectype=OPT&month=202604&exchange=FORECASTX&strike=63.0
<- 200 GET /v1/api/iserver/secdef/info?conid=853400816&sectype=OPT&month=202604&exchange=FORECASTX&strike=63.0
-> GET /v1/api/iserver/secdef/info?conid=853400816&sectype=OPT&month=202604&exchange=FORECASTX&strike=64.0
<- 200 GET /v1/api/iserver/secdef/info?conid=853400816&sectype=OPT&month=202604&exchange=FORECASTX&strike=64.0
-> GET /v1/api/iserver/secdef/info?conid=853400816&sectype=OPT&month=202604&exchange=FORECASTX&strike=65.0
<- 200 GET /v1/api/iserver/secdef/info?conid=853400816&sectype=OPT&month=202604&exchange=FORECASTX&strike=65.0
-> GET /v1/api/iserver/secdef/info?conid=853400816&sectype=OPT&month=202604&exchange=FORECASTX&strike=66.0
<- 200 GET /v1/api/iserver/secdef/info?conid=853400816&sectype=OPT&month=202604&exchange=FORECASTX&strike=66.0
-> GET /v1/api/iserver/secdef/info?conid=853400816&sectype=OPT&month=202604&exchange=FORECASTX&strike=67.0
<- 200 GET /v1/api/iserver/secdef/info?conid=853400816&sectype=OPT&month=202604&exchange=FORECASTX&strike=67.0
-> GET /v1/api/iserver/secdef/info?conid=853400816&sectype=OPT&month=202604&exchange=FORECASTX&strike=68.0
<- 200 GET /v1/api/iserver/secdef/info?conid=853400816&sectype=OPT&month=202604&exchange=FORECASTX&strike=68.0
-> GET /v1/api/iserver/secdef/info?conid=853400816&sectype=OPT&month=202604&exchange=FORECASTX&strike=69.0
<- 200 GET /v1/api/iserver/secdef/info?conid=853400816&sectype=OPT&month=202604&exchange=FORECASTX&strike=69.0
-> GET /v1/api/iserver/secdef/info?conid=853400816&sectype=OPT&month=202604&exchange=FORECASTX&strike=70.0
<- 200 GET /v1/api/iserver/secdef/info?conid=853400816&sectype=OPT&month=202604&exchange=FORECASTX&strike=70.0
-> GET /v1/api/iserver/secdef/info?conid=853400816&sectype=OPT&month=202604&exchange=FORECASTX&strike=71.0
<- 200 GET /v1/api/iserver/secdef/info?conid=853400816&sectype=OPT&month=202604&exchange=FORECASTX&strike=71.0
-> GET /v1/api/iserver/secdef/info?conid=853400816&sectype=OPT&month=202604&exchange=FORECASTX&strike=72.0
<- 200 GET /v1/api/iserver/secdef/info?conid=853400816&sectype=OPT&month=202604&exchange=FORECASTX&strike=72.0
-> GET /v1/api/iserver/secdef/info?conid=853400816&sectype=OPT&month=202604&exchange=FORECASTX&strike=73.0
<- 200 GET /v1/api/iserver/secdef/info?conid=853400816&sectype=OPT&month=202604&exchange=FORECASTX&strike=73.0
-> GET /v1/api/iserver/secdef/info?conid=853400816&sectype=OPT&month=202604&exchange=FORECASTX&strike=74.0
<- 200 GET /v1/api/iserver/secdef/info?conid=853400816&sectype=OPT&month=202604&exchange=FORECASTX&strike=74.0
-> GET /v1/api/iserver/secdef/info?conid=853400816&sectype=OPT&month=202604&exchange=FORECASTX&strike=75.0
<- 200 GET /v1/api/iserver/secdef/info?conid=853400816&sectype=OPT&month=202604&exchange=FORECASTX&strike=75.0
-> request: /v1/api/tickle
-> GET /v1/api/tickle,200|119ms
-> request: /sso/ping
-> GET /sso/ping,200|355ms
-> request: /v1/api/tickle
-> GET /v1/api/tickle,200|302ms
-> request: /v1/api/tickle
-> GET /v1/api/tickle,200|109ms
-> request: /v1/api/tickle
-> GET /v1/api/tickle,200|121ms
-> GET /v1/api/iserver/auth/status
<- 200 GET /v1/api/iserver/auth/status
-> GET /v1/api/iserver/accounts
<- 200 GET /v1/api/iserver/accounts
-> request: /v1/api/tickle
-> GET /v1/api/tickle,200|111ms
-> POST /v1/api/iserver/account/DUP766324/orders
<- 200 POST /v1/api/iserver/account/DUP766324/orders
-> request: /v1/api/tickle
-> GET /v1/api/tickle,200|119ms
-> POST /v1/api/iserver/account/DUP766324/orders
<- 200 POST /v1/api/iserver/account/DUP766324/orders
-> request: /v1/api/tickle
-> GET /v1/api/tickle,200|114ms
-> request: /v1/api/tickle
-> GET /v1/api/tickle,200|170ms
-> request: /v1/api/tickle
-> GET /v1/api/tickle,200|374ms
-> request: /v1/api/tickle
-> GET /v1/api/tickle,200|118ms
-> request: /v1/api/tickle
-> GET /v1/api/tickle,200|298ms
-> request: /sso/ping
-> GET /sso/ping,200|339ms
-> request: /v1/api/tickle
-> GET /v1/api/tickle,200|388ms
-> request: /v1/api/tickle
-> GET /v1/api/tickle,200|130ms
-> request: /v1/api/tickle
-> GET /v1/api/tickle,200|354ms
-> request: /v1/api/tickle
-> GET /v1/api/tickle,200|120ms
-> request: /v1/api/tickle
-> GET /v1/api/tickle,200|347ms
-> request: /v1/api/tickle
-> GET /v1/api/tickle,200|119ms
-> request: /v1/api/tickle
-> GET /v1/api/tickle,200|112ms
-> request: /v1/api/tickle
-> GET /v1/api/tickle,200|385ms
-> request: /v1/api/tickle
-> GET /v1/api/tickle,200|369ms
-> request: /v1/api/tickle
-> GET /v1/api/tickle,200|185ms
-> request: /sso/ping
-> GET /sso/ping,200|330ms
-> request: /v1/api/tickle
-> GET /v1/api/tickle,200|144ms
-> request: /v1/api/tickle
-> GET /v1/api/tickle,200|114ms
-> request: /v1/api/tickle
-> GET /v1/api/tickle,200|283ms
-> request: /v1/api/tickle
-> GET /v1/api/tickle,200|114ms
-> request: /v1/api/tickle
-> GET /v1/api/tickle,200|133ms
-> request: /v1/api/tickle
-> GET /v1/api/tickle,200|347ms
-> request: /v1/api/tickle
-> GET /v1/api/tickle,200|116ms
-> request: /v1/api/tickle
-> GET /v1/api/tickle,200|119ms
-> request: /v1/api/tickle
-> GET /v1/api/tickle,200|290ms
-> request: /v1/api/tickle
-> GET /v1/api/tickle,200|181ms
-> GET /v1/api/iserver/account/orders?accountId=DUP766324
<- 200 GET /v1/api/iserver/account/orders?accountId=DUP766324
-> request: /sso/ping
-> GET /sso/ping,200|342ms
-> request: /v1/api/tickle
-> GET /v1/api/tickle,200|170ms
-> request: /v1/api/tickle
-> GET /v1/api/tickle,200|282ms
-> request: /v1/api/tickle
-> GET /v1/api/tickle,200|287ms
-> request: /v1/api/tickle
-> GET /v1/api/tickle,200|108ms
-> request: /v1/api/tickle
-> GET /v1/api/tickle,200|315ms
-> request: /v1/api/tickle
-> GET /v1/api/tickle,200|307ms
-> request: /v1/api/tickle
-> GET /v1/api/tickle,200|117ms
-> request: /v1/api/tickle
-> GET /v1/api/tickle,200|295ms
-> request: /v1/api/tickle
-> GET /v1/api/tickle,200|115ms
-> request: /v1/api/tickle
-> GET /v1/api/tickle,200|376ms
-> request: /sso/ping
-> GET /sso/ping,200|343ms
-> request: /v1/api/tickle
-> GET /v1/api/tickle,200|118ms
-> request: /v1/api/tickle
-> GET /v1/api/tickle,200|298ms
-> request: /v1/api/tickle
-> GET /v1/api/tickle,200|119ms
-> request: /v1/api/tickle
-> GET /v1/api/tickle,200|119ms
-> request: /v1/api/tickle
-> GET /v1/api/tickle,200|120ms
-> request: /v1/api/tickle
-> GET /v1/api/tickle,200|601ms
-> request: /v1/api/tickle
-> GET /v1/api/tickle,200|117ms
-> request: /v1/api/tickle
-> GET /v1/api/tickle,200|122ms
-> request: /v1/api/tickle
-> GET /v1/api/tickle,200|126ms
-> request: /v1/api/tickle
-> GET /v1/api/tickle,200|136ms
-> request: /sso/ping
-> GET /sso/ping,200|345ms
-> request: /v1/api/tickle
-> GET /v1/api/tickle,200|135ms
-> request: /v1/api/tickle
-> GET /v1/api/tickle,200|304ms
-> request: /v1/api/tickle
-> GET /v1/api/tickle,200|300ms
-> request: /v1/api/tickle
-> GET /v1/api/tickle,200|303ms
-> request: /v1/api/tickle
-> GET /v1/api/tickle,200|127ms
-> request: /v1/api/tickle
-> GET /v1/api/tickle,200|209ms
-> request: /v1/api/tickle
-> GET /v1/api/tickle,200|135ms
-> request: /v1/api/tickle
-> GET /v1/api/tickle,200|114ms
-> request: /v1/api/tickle
-> GET /v1/api/tickle,200|151ms
-> request: /v1/api/tickle
-> GET /v1/api/tickle,200|112ms
-> request: /sso/ping
-> GET /sso/ping,200|340ms
-> request: /v1/api/tickle
-> GET /v1/api/tickle,200|132ms
-> request: /v1/api/tickle
-> GET /v1/api/tickle,200|122ms
-> request: /v1/api/tickle
-> GET /v1/api/tickle,200|143ms
-> request: /v1/api/tickle
-> GET /v1/api/tickle,200|369ms
-> request: /v1/api/tickle
-> GET /v1/api/tickle,200|112ms
-> request: /v1/api/tickle
-> GET /v1/api/tickle,200|181ms
-> request: /v1/api/tickle
-> GET /v1/api/tickle,200|539ms
-> request: /v1/api/tickle
-> GET /v1/api/tickle,200|148ms
-> request: /v1/api/tickle
-> GET /v1/api/tickle,200|118ms
-> request: /v1/api/tickle
-> GET /v1/api/tickle,200|300ms
-> request: /sso/ping
-> GET /sso/ping,200|455ms
-> request: /v1/api/tickle
-> GET /v1/api/tickle,200|135ms
-> request: /v1/api/tickle
-> GET /v1/api/tickle,200|129ms
-> request: /v1/api/tickle
-> GET /v1/api/tickle,200|116ms
-> request: /v1/api/tickle
-> GET /v1/api/tickle,200|113ms
-> request: /v1/api/tickle
-> GET /v1/api/tickle,200|143ms
-> request: /v1/api/tickle
-> GET /v1/api/tickle,200|116ms
-> request: /v1/api/tickle
-> GET /v1/api/tickle,200|119ms
-> request: /v1/api/tickle
-> GET /v1/api/tickle,200|119ms
-> request: /v1/api/tickle
-> GET /v1/api/tickle,200|120ms
-> request: /v1/api/tickle
-> GET /v1/api/tickle,200|189ms
-> request: /sso/ping
-> GET /sso/ping,200|370ms
-> request: /v1/api/tickle
-> GET /v1/api/tickle,200|117ms
-> request: /v1/api/tickle
-> GET /v1/api/tickle,200|127ms
-> request: /v1/api/tickle
-> GET /v1/api/tickle,200|118ms
-> request: /v1/api/tickle
-> GET /v1/api/tickle,200|386ms
-> request: /v1/api/tickle
-> GET /v1/api/tickle,200|119ms
-> request: /v1/api/tickle
-> GET /v1/api/tickle,200|373ms
-> request: /v1/api/tickle
-> GET /v1/api/tickle,200|123ms
-> request: /v1/api/tickle
-> GET /v1/api/tickle,200|341ms
-> request: /v1/api/tickle
-> GET /v1/api/tickle,200|117ms
-> request: /v1/api/tickle
-> GET /v1/api/tickle,200|151ms
-> request: /sso/ping
-> GET /sso/ping,200|493ms
-> request: /v1/api/tickle
-> GET /v1/api/tickle,200|111ms
-> request: /v1/api/tickle
-> GET /v1/api/tickle,200|116ms
-> request: /v1/api/tickle
-> GET /v1/api/tickle,200|182ms
-> request: /v1/api/tickle
-> GET /v1/api/tickle,200|367ms
-> request: /v1/api/tickle
-> GET /v1/api/tickle,200|366ms
-> request: /v1/api/tickle
-> GET /v1/api/tickle,200|114ms
-> request: /v1/api/tickle
-> GET /v1/api/tickle,200|126ms
-> request: /v1/api/tickle
-> GET /v1/api/tickle,200|115ms
-> request: /v1/api/tickle
-> GET /v1/api/tickle,200|377ms
-> request: /v1/api/tickle
-> GET /v1/api/tickle,200|617ms
-> request: /sso/ping
-> GET /sso/ping,200|343ms
-> request: /v1/api/tickle
-> GET /v1/api/tickle,200|123ms
-> request: /v1/api/tickle
-> GET /v1/api/tickle,200|131ms
-> request: /v1/api/tickle
-> GET /v1/api/tickle,200|124ms
-> request: /v1/api/tickle
-> GET /v1/api/tickle,200|123ms
-> request: /v1/api/tickle
-> GET /v1/api/tickle,200|150ms
-> request: /v1/api/tickle
-> GET /v1/api/tickle,200|381ms
-> request: /v1/api/tickle
-> GET /v1/api/tickle,200|119ms
-> request: /v1/api/tickle
-> GET /v1/api/tickle,200|178ms
-> request: /v1/api/tickle
-> GET /v1/api/tickle,200|379ms
-> request: /v1/api/tickle
-> GET /v1/api/tickle,200|116ms
-> request: /sso/ping
-> GET /sso/ping,200|341ms
-> request: /v1/api/tickle
-> GET /v1/api/tickle,200|353ms
-> request: /v1/api/tickle
-> GET /v1/api/tickle,200|131ms
-> request: /v1/api/tickle
-> GET /v1/api/tickle,200|291ms
-> request: /v1/api/tickle
-> GET /v1/api/tickle,200|122ms
-> request: /v1/api/tickle
-> GET /v1/api/tickle,200|131ms
-> request: /v1/api/tickle
-> GET /v1/api/tickle,200|115ms
-> request: /v1/api/tickle
-> GET /v1/api/tickle,200|112ms
-> request: /v1/api/tickle
-> GET /v1/api/tickle,200|366ms
-> request: /v1/api/tickle
-> GET /v1/api/tickle,200|114ms
-> request: /v1/api/tickle
-> GET /v1/api/tickle,200|390ms
-> request: /sso/ping
-> GET /sso/ping,200|547ms
-> request: /v1/api/tickle
-> GET /v1/api/tickle,200|143ms
-> request: /v1/api/tickle
-> GET /v1/api/tickle,200|288ms
-> request: /v1/api/tickle
-> GET /v1/api/tickle,200|117ms
-> request: /v1/api/tickle
-> GET /v1/api/tickle,200|298ms
-> request: /v1/api/tickle
-> GET /v1/api/tickle,200|148ms
-> request: /v1/api/tickle
-> GET /v1/api/tickle,200|289ms
-> request: /v1/api/tickle
-> GET /v1/api/tickle,200|377ms
-> request: /v1/api/tickle
-> GET /v1/api/tickle,200|116ms
-> request: /v1/api/tickle
-> GET /v1/api/tickle,200|355ms
-> request: /v1/api/tickle
-> GET /v1/api/tickle,200|345ms
-> request: /sso/ping
-> GET /sso/ping,200|493ms
-> request: /v1/api/tickle
-> GET /v1/api/tickle,200|298ms
-> request: /v1/api/tickle
-> GET /v1/api/tickle,200|115ms
-> request: /v1/api/tickle
-> GET /v1/api/tickle,200|124ms
-> request: /v1/api/tickle
-> GET /v1/api/tickle,200|118ms
-> request: /v1/api/tickle
-> GET /v1/api/tickle,200|124ms
-> request: /v1/api/tickle
-> GET /v1/api/tickle,200|384ms
-> request: /v1/api/tickle
-> GET /v1/api/tickle,200|110ms
-> request: /v1/api/tickle
-> GET /v1/api/tickle,200|388ms
-> request: /v1/api/tickle
-> GET /v1/api/tickle,200|131ms
-> request: /v1/api/tickle
-> GET /v1/api/tickle,200|272ms
-> request: /sso/ping
-> GET /sso/ping,200|538ms
-> request: /v1/api/tickle
-> GET /v1/api/tickle,200|110ms
-> request: /v1/api/tickle
-> GET /v1/api/tickle,200|302ms
-> request: /v1/api/tickle
-> GET /v1/api/tickle,200|117ms
-> request: /v1/api/tickle
-> GET /v1/api/tickle,200|114ms
-> request: /v1/api/tickle
-> GET /v1/api/tickle,200|335ms
-> request: /v1/api/tickle
-> GET /v1/api/tickle,200|108ms
-> request: /v1/api/tickle
-> GET /v1/api/tickle,200|112ms
-> request: /v1/api/tickle
-> GET /v1/api/tickle,200|144ms
