-> GET /sso/Login?forwardTo=22&RL=1&ip2loc=US
<- 200 GET /sso/Login?forwardTo=22&RL=1&ip2loc=US
-> GET /css/bootstrap-5.2.2/bootstrap.min.css
-> GET /css/fontawesome-6.4.2/all.min.css
<- 200 GET /css/fontawesome-6.4.2/all.min.css
<- 200 GET /css/bootstrap-5.2.2/bootstrap.min.css
-> GET /css/bootstrap-switch-3.3.2/bootstrap-switch.min.css
-> GET /css/reg-am/login.min.css
<- 200 GET /css/reg-am/login.min.css
<- 200 GET /css/bootstrap-switch-3.3.2/bootstrap-switch.min.css
-> GET /css/ibkr/theme-ibkr-portal.min.css
-> GET /scripts/common/js/jquery-3.7.0/jquery.min.js
-> GET /scripts/common/js/bootstrap-5.2.2/bootstrap.bundle.min.js
-> GET /sso/lib/xyz.bundle.min.js
<- 200 GET /scripts/common/js/jquery-3.7.0/jquery.min.js
<- 200 GET /css/ibkr/theme-ibkr-portal.min.css
<- 200 GET /scripts/common/js/bootstrap-5.2.2/bootstrap.bundle.min.js
<- 200 GET /sso/lib/xyz.bundle.min.js
-> GET /images/common/logos/ibkr/interactive-brokers.svg
<- 200 GET /images/common/logos/ibkr/interactive-brokers.svg
-> GET /fonts/proxima-nova/Proxima-Nova-Regular.woff2
-> GET /fonts/fontawesome-6.4.2/webfonts/fa-solid-900.woff2
-> GET /fonts/proxima-nova/Proxima-Nova-Semibold.woff2
-> GET /fonts/fontawesome-6.4.2/webfonts/fa-brands-400.woff2
<- 200 GET /fonts/fontawesome-6.4.2/webfonts/fa-solid-900.woff2
<- 200 GET /fonts/proxima-nova/Proxima-Nova-Regular.woff2
<- 200 GET /fonts/proxima-nova/Proxima-Nova-Semibold.woff2
<- 200 GET /fonts/fontawesome-6.4.2/webfonts/fa-brands-400.woff2
-> POST /sso/report
-> POST /portal.proxy/v1/gstat/bulletins
<- 204 POST /portal.proxy/v1/gstat/bulletins
<- 200 POST /sso/report
-> GET /images/common/logos/ibkr/interactive-brokers-inverse.svg
<- 200 GET /images/common/logos/ibkr/interactive-brokers-inverse.svg
-> POST /sso/Authenticator
<- 200 POST /sso/Authenticator
-> POST /sso/Authenticator
<- 200 POST /sso/Authenticator
-> POST /sso/Dispatcher
<- 302 POST /sso/Dispatcher
-> request: /v1/api/sso/validate?gw=1
-> GET /v1/api/sso/validate?gw=1,200|420ms
-> request: /v1/api/one/user
-> request: /v1/api/ssodh/init
-> sso GET https://api.ibkr.com/v1/api/ssodh/init
-> GET /v1/api/one/user,200|640ms
-> request: /v1/api/ssodh/st
-> sso GET https://api.ibkr.com/v1/api/ssodh/st
-> request: /sso/Authenticator?ACTION=PUBLISH_TST&RESP_TYPE=JSON&DEVICE_ID=0aec63ec|A0-59-50-3B-19-B5
-> sso GET https://api.ibkr.com/sso/Authenticator?ACTION=PUBLISH_TST&RESP_TYPE=JSON&DEVICE_ID=0aec63ec|A0-59-50-3B-19-B5
<- 200 GET https://api.ibkr.com/sso/Authenticator?ACTION=PUBLISH_TST&RESP_TYPE=JSON&DEVICE_ID=0aec63ec|A0-59-50-3B-19-B5 0
-> request: /v1/api/iserver/auth/status
-> GET /v1/api/iserver/auth/status,200|121ms
-> request: /v1/api/iserver/auth/ssodh/init
-> POST https://api.ibkr.com/v1/api/iserver/auth/ssodh/init,503|10114ms
-> GET /v1/api/iserver/auth/status
<- 200 GET /v1/api/iserver/auth/status
-> GET /v1/api/iserver/auth/status
<- 200 GET /v1/api/iserver/auth/status
-> GET /v1/api/iserver/auth/status
<- 200 GET /v1/api/iserver/auth/status
-> GET /v1/api/trsrv/event/category-tree
<- 404 GET /v1/api/trsrv/event/category-tree
-> GET /v1/api/trsrv/event/categorytree
<- 404 GET /v1/api/trsrv/event/categorytree
-> GET /v1/api/trsrv/events/category-tree
<- 404 GET /v1/api/trsrv/events/category-tree
-> GET /v1/api/iserver/auth/status
<- 200 GET /v1/api/iserver/auth/status
-> POST /sso/Dispatcher
<- 302 POST /sso/Dispatcher
-> request: /v1/api/sso/validate?gw=1
-> GET /v1/api/sso/validate?gw=1,200|109ms
-> request: /v1/api/one/user
-> request: /v1/api/ssodh/init
-> sso GET https://api.ibkr.com/v1/api/ssodh/init
-> GET /v1/api/one/user,200|109ms
-> GET /v1/api/iserver/auth/status
<- 200 GET /v1/api/iserver/auth/status
-> GET /v1/api/iserver/secdef/search?symbol=UHBNA&secType=IND
<- 401 GET /v1/api/iserver/secdef/search?symbol=UHBNA&secType=IND
-> POST /sso/Dispatcher
<- 302 POST /sso/Dispatcher
-> request: /v1/api/sso/validate?gw=1
-> GET /v1/api/sso/validate?gw=1,200|125ms
-> request: /v1/api/one/user
-> request: /v1/api/ssodh/init
-> sso GET https://api.ibkr.com/v1/api/ssodh/init
-> GET /v1/api/one/user,200|218ms
-> GET /sso/Login?forwardTo=22&RL=1&ip2loc=US
<- 200 GET /sso/Login?forwardTo=22&RL=1&ip2loc=US
-> GET /css/bootstrap-5.2.2/bootstrap.min.css
<- 200 GET /css/bootstrap-5.2.2/bootstrap.min.css
-> GET /css/fontawesome-6.4.2/all.min.css
<- 200 GET /css/fontawesome-6.4.2/all.min.css
-> GET /css/ibkr/theme-ibkr-portal.min.css
<- 200 GET /css/ibkr/theme-ibkr-portal.min.css
-> GET /css/bootstrap-switch-3.3.2/bootstrap-switch.min.css
-> GET /css/reg-am/login.min.css
-> GET /scripts/common/js/jquery-3.7.0/jquery.min.js
-> GET /scripts/common/js/bootstrap-5.2.2/bootstrap.bundle.min.js
<- 200 GET /css/bootstrap-switch-3.3.2/bootstrap-switch.min.css
-> GET /sso/lib/xyz.bundle.min.js
<- 200 GET /scripts/common/js/jquery-3.7.0/jquery.min.js
<- 200 GET /scripts/common/js/bootstrap-5.2.2/bootstrap.bundle.min.js
<- 200 GET /sso/lib/xyz.bundle.min.js
<- 200 GET /css/reg-am/login.min.css
-> GET /images/common/logos/ibkr/interactive-brokers.svg
<- 200 GET /images/common/logos/ibkr/interactive-brokers.svg
-> GET /fonts/proxima-nova/Proxima-Nova-Regular.woff2
-> GET /fonts/proxima-nova/Proxima-Nova-Semibold.woff2
-> GET /fonts/fontawesome-6.4.2/webfonts/fa-brands-400.woff2
-> GET /fonts/fontawesome-6.4.2/webfonts/fa-solid-900.woff2
<- 200 GET /fonts/fontawesome-6.4.2/webfonts/fa-brands-400.woff2
<- 200 GET /fonts/proxima-nova/Proxima-Nova-Regular.woff2
<- 200 GET /fonts/proxima-nova/Proxima-Nova-Semibold.woff2
<- 200 GET /fonts/fontawesome-6.4.2/webfonts/fa-solid-900.woff2
-> POST /sso/report
-> POST /portal.proxy/v1/gstat/bulletins
<- 204 POST /portal.proxy/v1/gstat/bulletins
<- 200 POST /sso/report
-> GET /images/common/logos/ibkr/interactive-brokers-inverse.svg
<- 200 GET /images/common/logos/ibkr/interactive-brokers-inverse.svg
-> POST /sso/Authenticator
<- 200 POST /sso/Authenticator
-> POST /sso/Authenticator
<- 200 POST /sso/Authenticator
-> POST /sso/Dispatcher
<- 200 POST /sso/Dispatcher
-> GET /css/reg-am/login.min.css
-> GET /css/ibkr/theme-ibkr-portal.min.css
-> GET /scripts/common/js/jquery-3.7.0/jquery.min.js
-> GET /scripts/common/js/bootstrap-5.2.2/bootstrap.bundle.min.js
-> GET /sso/lib/xyz.bundle.min.js
<- 304 GET /scripts/common/js/jquery-3.7.0/jquery.min.js
<- 304 GET /scripts/common/js/bootstrap-5.2.2/bootstrap.bundle.min.js
<- 304 GET /sso/lib/xyz.bundle.min.js
<- 200 GET /css/reg-am/login.min.css
<- 200 GET /css/ibkr/theme-ibkr-portal.min.css
-> GET /images/common/logos/ibkr/interactive-brokers.svg
-> GET /fonts/proxima-nova/Proxima-Nova-Regular.woff2
<- 200 GET /fonts/proxima-nova/Proxima-Nova-Regular.woff2
-> GET /fonts/fontawesome-6.4.2/webfonts/fa-solid-900.woff2
<- 200 GET /images/common/logos/ibkr/interactive-brokers.svg
-> GET /fonts/fontawesome-6.4.2/webfonts/fa-brands-400.woff2
<- 200 GET /fonts/fontawesome-6.4.2/webfonts/fa-solid-900.woff2
<- 200 GET /fonts/fontawesome-6.4.2/webfonts/fa-brands-400.woff2
-> GET /fonts/proxima-nova/Proxima-Nova-Semibold.woff2
-> GET /images/common/logos/ibkr/interactive-brokers-inverse.svg
<- 200 GET /fonts/proxima-nova/Proxima-Nova-Semibold.woff2
-> POST /sso/report
<- 200 GET /images/common/logos/ibkr/interactive-brokers-inverse.svg
-> POST /portal.proxy/v1/gstat/bulletins
<- 204 POST /portal.proxy/v1/gstat/bulletins
<- 200 POST /sso/report
-> POST /sso/Authenticator
<- 200 POST /sso/Authenticator
-> POST /sso/Authenticator
<- 200 POST /sso/Authenticator
-> POST /sso/Dispatcher
<- 302 POST /sso/Dispatcher
-> request: /v1/api/sso/validate?gw=1
-> GET /v1/api/sso/validate?gw=1,200|993ms
-> request: /v1/api/one/user
-> request: /v1/api/ssodh/init
-> sso GET https://api.ibkr.com/v1/api/ssodh/init
-> GET /v1/api/one/user,200|106ms
-> request: /v1/api/ssodh/st
-> sso GET https://api.ibkr.com/v1/api/ssodh/st
-> GET /v1/api/iserver/auth/status
<- 200 GET /v1/api/iserver/auth/status
-> request: /v1/api/iserver/auth/status
-> GET /v1/api/iserver/auth/status,200|106ms
-> request: /v1/api/iserver/auth/ssodh/init
-> GET /v1/api/iserver/secdef/search?symbol=UHBNA&secType=IND
<- 401 GET /v1/api/iserver/secdef/search?symbol=UHBNA&secType=IND
-> POST https://api.ibkr.com/v1/api/iserver/auth/ssodh/init,200|1398ms
-> request: /v1/api/iserver/accounts
-> GET /v1/api/iserver/accounts,200|146ms
-> GET /v1/api/iserver/secdef/search?symbol=UHBNA&secType=IND
<- 503 GET /v1/api/iserver/secdef/search?symbol=UHBNA&secType=IND
-> GET /v1/api/iserver/secdef/search?symbol=UHBNA&secType=IND
<- 200 GET /v1/api/iserver/secdef/search?symbol=UHBNA&secType=IND
-> GET /v1/api/iserver/auth/status
<- 200 GET /v1/api/iserver/auth/status
-> GET /v1/api/iserver/accounts
<- 200 GET /v1/api/iserver/accounts
-> request: /v1/api/tickle
-> GET /v1/api/tickle,200|109ms
-> GET /v1/api/iserver/secdef/search?symbol=UHBNA&secType=IND
<- 200 GET /v1/api/iserver/secdef/search?symbol=UHBNA&secType=IND
-> request: /v1/api/tickle
-> GET /v1/api/tickle,200|279ms
-> GET /v1/api/iserver/secdef/strikes?conid=851808891&sectype=OPT&month=202604&exchange=FORECASTX
<- 200 GET /v1/api/iserver/secdef/strikes?conid=851808891&sectype=OPT&month=202604&exchange=FORECASTX
-> GET /v1/api/iserver/secdef/info?conid=851808891&sectype=OPT&month=202604&exchange=FORECASTX&strike=71.0
<- 200 GET /v1/api/iserver/secdef/info?conid=851808891&sectype=OPT&month=202604&exchange=FORECASTX&strike=71.0
-> GET /v1/api/iserver/secdef/info?conid=851808891&sectype=OPT&month=202604&exchange=FORECASTX&strike=72.0
<- 200 GET /v1/api/iserver/secdef/info?conid=851808891&sectype=OPT&month=202604&exchange=FORECASTX&strike=72.0
-> GET /v1/api/iserver/secdef/info?conid=851808891&sectype=OPT&month=202604&exchange=FORECASTX&strike=73.0
<- 200 GET /v1/api/iserver/secdef/info?conid=851808891&sectype=OPT&month=202604&exchange=FORECASTX&strike=73.0
-> GET /v1/api/iserver/secdef/info?conid=851808891&sectype=OPT&month=202604&exchange=FORECASTX&strike=74.0
<- 200 GET /v1/api/iserver/secdef/info?conid=851808891&sectype=OPT&month=202604&exchange=FORECASTX&strike=74.0
-> GET /v1/api/iserver/secdef/info?conid=851808891&sectype=OPT&month=202604&exchange=FORECASTX&strike=75.0
<- 200 GET /v1/api/iserver/secdef/info?conid=851808891&sectype=OPT&month=202604&exchange=FORECASTX&strike=75.0
-> GET /v1/api/iserver/secdef/info?conid=851808891&sectype=OPT&month=202604&exchange=FORECASTX&strike=76.0
<- 200 GET /v1/api/iserver/secdef/info?conid=851808891&sectype=OPT&month=202604&exchange=FORECASTX&strike=76.0
-> GET /v1/api/iserver/secdef/info?conid=851808891&sectype=OPT&month=202604&exchange=FORECASTX&strike=77.0
<- 200 GET /v1/api/iserver/secdef/info?conid=851808891&sectype=OPT&month=202604&exchange=FORECASTX&strike=77.0
-> GET /v1/api/iserver/secdef/info?conid=851808891&sectype=OPT&month=202604&exchange=FORECASTX&strike=78.0
<- 200 GET /v1/api/iserver/secdef/info?conid=851808891&sectype=OPT&month=202604&exchange=FORECASTX&strike=78.0
-> GET /v1/api/iserver/secdef/info?conid=851808891&sectype=OPT&month=202604&exchange=FORECASTX&strike=79.0
<- 200 GET /v1/api/iserver/secdef/info?conid=851808891&sectype=OPT&month=202604&exchange=FORECASTX&strike=79.0
-> GET /v1/api/iserver/secdef/info?conid=851808891&sectype=OPT&month=202604&exchange=FORECASTX&strike=80.0
<- 200 GET /v1/api/iserver/secdef/info?conid=851808891&sectype=OPT&month=202604&exchange=FORECASTX&strike=80.0
-> GET /v1/api/iserver/secdef/info?conid=851808891&sectype=OPT&month=202604&exchange=FORECASTX&strike=81.0
<- 200 GET /v1/api/iserver/secdef/info?conid=851808891&sectype=OPT&month=202604&exchange=FORECASTX&strike=81.0
-> GET /v1/api/iserver/secdef/info?conid=851808891&sectype=OPT&month=202604&exchange=FORECASTX&strike=82.0
-> request: /v1/api/tickle
-> GET /v1/api/tickle,200|106ms
<- 200 GET /v1/api/iserver/secdef/info?conid=851808891&sectype=OPT&month=202604&exchange=FORECASTX&strike=82.0
-> GET /v1/api/iserver/secdef/info?conid=851808891&sectype=OPT&month=202604&exchange=FORECASTX&strike=83.0
<- 200 GET /v1/api/iserver/secdef/info?conid=851808891&sectype=OPT&month=202604&exchange=FORECASTX&strike=83.0
-> GET /v1/api/iserver/secdef/info?conid=851808891&sectype=OPT&month=202604&exchange=FORECASTX&strike=84.0
<- 200 GET /v1/api/iserver/secdef/info?conid=851808891&sectype=OPT&month=202604&exchange=FORECASTX&strike=84.0
-> GET /v1/api/iserver/secdef/info?conid=851808891&sectype=OPT&month=202604&exchange=FORECASTX&strike=85.0
<- 200 GET /v1/api/iserver/secdef/info?conid=851808891&sectype=OPT&month=202604&exchange=FORECASTX&strike=85.0
-> GET /v1/api/iserver/secdef/info?conid=851808891&sectype=OPT&month=202604&exchange=FORECASTX&strike=86.0
<- 200 GET /v1/api/iserver/secdef/info?conid=851808891&sectype=OPT&month=202604&exchange=FORECASTX&strike=86.0
-> GET /v1/api/iserver/secdef/info?conid=851808891&sectype=OPT&month=202604&exchange=FORECASTX&strike=87.0
<- 200 GET /v1/api/iserver/secdef/info?conid=851808891&sectype=OPT&month=202604&exchange=FORECASTX&strike=87.0
-> GET /v1/api/iserver/secdef/info?conid=851808891&sectype=OPT&month=202604&exchange=FORECASTX&strike=88.0
<- 200 GET /v1/api/iserver/secdef/info?conid=851808891&sectype=OPT&month=202604&exchange=FORECASTX&strike=88.0
-> GET /v1/api/iserver/secdef/info?conid=851808891&sectype=OPT&month=202604&exchange=FORECASTX&strike=89.0
<- 200 GET /v1/api/iserver/secdef/info?conid=851808891&sectype=OPT&month=202604&exchange=FORECASTX&strike=89.0
-> GET /v1/api/iserver/secdef/info?conid=851808891&sectype=OPT&month=202604&exchange=FORECASTX&strike=90.0
<- 200 GET /v1/api/iserver/secdef/info?conid=851808891&sectype=OPT&month=202604&exchange=FORECASTX&strike=90.0
-> GET /v1/api/iserver/secdef/info?conid=851808891&sectype=OPT&month=202604&exchange=FORECASTX&strike=91.0
<- 200 GET /v1/api/iserver/secdef/info?conid=851808891&sectype=OPT&month=202604&exchange=FORECASTX&strike=91.0
-> request: /v1/api/tickle
-> GET /v1/api/tickle,200|370ms
-> request: /v1/api/tickle
-> GET /v1/api/tickle,200|110ms
-> POST /v1/api/iserver/account/DUP766324/orders
-> request: /v1/api/tickle
-> GET /v1/api/tickle,200|112ms
<- 200 POST /v1/api/iserver/account/DUP766324/orders
-> request: /v1/api/tickle
-> GET /v1/api/tickle,200|115ms
-> request: /v1/api/tickle
-> GET /v1/api/tickle,200|109ms
-> request: /v1/api/tickle
-> GET /v1/api/tickle,200|112ms
-> request: /sso/ping
-> GET /sso/ping,200|341ms
-> request: /v1/api/tickle
-> GET /v1/api/tickle,200|124ms
-> request: /v1/api/tickle
-> GET /v1/api/tickle,200|126ms
-> request: /v1/api/tickle
-> GET /v1/api/tickle,200|113ms
-> request: /v1/api/tickle
-> GET /v1/api/tickle,200|117ms
-> request: /v1/api/tickle
-> GET /v1/api/tickle,200|118ms
-> request: /v1/api/tickle
-> GET /v1/api/tickle,200|112ms
-> POST /sso/Dispatcher
<- 302 POST /sso/Dispatcher
-> request: /v1/api/sso/validate?gw=1
-> GET /v1/api/sso/validate?gw=1,200|108ms
-> request: /v1/api/one/user
-> request: /v1/api/ssodh/init
-> sso GET https://api.ibkr.com/v1/api/ssodh/init
-> GET /v1/api/one/user,200|108ms
-> request: /v1/api/tickle
-> GET /v1/api/tickle,200|111ms
-> GET /sso/Login?forwardTo=22&RL=1&ip2loc=US
<- 200 GET /sso/Login?forwardTo=22&RL=1&ip2loc=US
-> GET /css/bootstrap-5.2.2/bootstrap.min.css
-> GET /css/fontawesome-6.4.2/all.min.css
<- 200 GET /css/fontawesome-6.4.2/all.min.css
<- 200 GET /css/bootstrap-5.2.2/bootstrap.min.css
-> GET /css/bootstrap-switch-3.3.2/bootstrap-switch.min.css
-> GET /css/reg-am/login.min.css
<- 200 GET /css/reg-am/login.min.css
<- 200 GET /css/bootstrap-switch-3.3.2/bootstrap-switch.min.css
-> GET /css/ibkr/theme-ibkr-portal.min.css
-> GET /scripts/common/js/jquery-3.7.0/jquery.min.js
<- 200 GET /scripts/common/js/jquery-3.7.0/jquery.min.js
-> GET /scripts/common/js/bootstrap-5.2.2/bootstrap.bundle.min.js
<- 200 GET /css/ibkr/theme-ibkr-portal.min.css
-> GET /sso/lib/xyz.bundle.min.js
<- 200 GET /scripts/common/js/bootstrap-5.2.2/bootstrap.bundle.min.js
<- 200 GET /sso/lib/xyz.bundle.min.js
-> GET /images/common/logos/ibkr/interactive-brokers.svg
-> GET /fonts/proxima-nova/Proxima-Nova-Regular.woff2
-> GET /fonts/fontawesome-6.4.2/webfonts/fa-solid-900.woff2
-> GET /fonts/fontawesome-6.4.2/webfonts/fa-brands-400.woff2
-> GET /fonts/proxima-nova/Proxima-Nova-Semibold.woff2
<- 200 GET /images/common/logos/ibkr/interactive-brokers.svg
<- 200 GET /fonts/proxima-nova/Proxima-Nova-Regular.woff2
-> POST /sso/report
-> POST /portal.proxy/v1/gstat/bulletins
<- 200 GET /fonts/fontawesome-6.4.2/webfonts/fa-brands-400.woff2
<- 200 GET /fonts/fontawesome-6.4.2/webfonts/fa-solid-900.woff2
<- 200 GET /fonts/proxima-nova/Proxima-Nova-Semibold.woff2
<- 204 POST /portal.proxy/v1/gstat/bulletins
<- 200 POST /sso/report
-> GET /images/common/logos/ibkr/interactive-brokers-inverse.svg
<- 200 GET /images/common/logos/ibkr/interactive-brokers-inverse.svg
-> request: /v1/api/tickle
-> GET /v1/api/tickle,200|110ms
-> request: /v1/api/tickle
-> GET /v1/api/tickle,200|110ms
-> request: /v1/api/tickle
-> GET /v1/api/tickle,200|142ms
-> request: /v1/api/tickle
-> GET /v1/api/tickle,200|111ms
-> request: /v1/api/tickle
-> GET /v1/api/tickle,200|115ms
-> request: /v1/api/tickle
-> GET /v1/api/tickle,200|110ms
-> request: /v1/api/tickle
-> GET /v1/api/tickle,200|263ms
-> request: /v1/api/tickle
-> GET /v1/api/tickle,200|115ms
-> request: /v1/api/tickle
-> GET /v1/api/tickle,200|117ms
-> request: /sso/ping
-> GET /sso/ping,200|331ms
-> request: /v1/api/tickle
-> GET /v1/api/tickle,200|1009ms
-> request: /v1/api/tickle
-> GET /v1/api/tickle,200|111ms
-> GET /v1/api/iserver/secdef/strikes?conid=851808891&sectype=OPT&month=202604&exchange=FORECASTX
<- 200 GET /v1/api/iserver/secdef/strikes?conid=851808891&sectype=OPT&month=202604&exchange=FORECASTX
-> GET /v1/api/iserver/secdef/info?conid=851808891&sectype=OPT&month=202604&exchange=FORECASTX&strike=71.0
<- 200 GET /v1/api/iserver/secdef/info?conid=851808891&sectype=OPT&month=202604&exchange=FORECASTX&strike=71.0
-> GET /v1/api/iserver/secdef/info?conid=851808891&sectype=OPT&month=202604&exchange=FORECASTX&strike=72.0
<- 200 GET /v1/api/iserver/secdef/info?conid=851808891&sectype=OPT&month=202604&exchange=FORECASTX&strike=72.0
-> GET /v1/api/iserver/secdef/info?conid=851808891&sectype=OPT&month=202604&exchange=FORECASTX&strike=73.0
<- 200 GET /v1/api/iserver/secdef/info?conid=851808891&sectype=OPT&month=202604&exchange=FORECASTX&strike=73.0
-> GET /v1/api/iserver/secdef/info?conid=851808891&sectype=OPT&month=202604&exchange=FORECASTX&strike=74.0
<- 200 GET /v1/api/iserver/secdef/info?conid=851808891&sectype=OPT&month=202604&exchange=FORECASTX&strike=74.0
-> GET /v1/api/iserver/secdef/info?conid=851808891&sectype=OPT&month=202604&exchange=FORECASTX&strike=75.0
<- 200 GET /v1/api/iserver/secdef/info?conid=851808891&sectype=OPT&month=202604&exchange=FORECASTX&strike=75.0
-> GET /v1/api/iserver/secdef/info?conid=851808891&sectype=OPT&month=202604&exchange=FORECASTX&strike=76.0
<- 200 GET /v1/api/iserver/secdef/info?conid=851808891&sectype=OPT&month=202604&exchange=FORECASTX&strike=76.0
-> GET /v1/api/iserver/secdef/info?conid=851808891&sectype=OPT&month=202604&exchange=FORECASTX&strike=77.0
<- 200 GET /v1/api/iserver/secdef/info?conid=851808891&sectype=OPT&month=202604&exchange=FORECASTX&strike=77.0
-> GET /v1/api/iserver/secdef/info?conid=851808891&sectype=OPT&month=202604&exchange=FORECASTX&strike=78.0
<- 200 GET /v1/api/iserver/secdef/info?conid=851808891&sectype=OPT&month=202604&exchange=FORECASTX&strike=78.0
-> GET /v1/api/iserver/secdef/info?conid=851808891&sectype=OPT&month=202604&exchange=FORECASTX&strike=79.0
<- 200 GET /v1/api/iserver/secdef/info?conid=851808891&sectype=OPT&month=202604&exchange=FORECASTX&strike=79.0
-> GET /v1/api/iserver/secdef/info?conid=851808891&sectype=OPT&month=202604&exchange=FORECASTX&strike=80.0
<- 200 GET /v1/api/iserver/secdef/info?conid=851808891&sectype=OPT&month=202604&exchange=FORECASTX&strike=80.0
-> GET /v1/api/iserver/secdef/info?conid=851808891&sectype=OPT&month=202604&exchange=FORECASTX&strike=81.0
<- 200 GET /v1/api/iserver/secdef/info?conid=851808891&sectype=OPT&month=202604&exchange=FORECASTX&strike=81.0
-> GET /v1/api/iserver/secdef/info?conid=851808891&sectype=OPT&month=202604&exchange=FORECASTX&strike=82.0
-> request: /v1/api/tickle
-> GET /v1/api/tickle,200|109ms
<- 200 GET /v1/api/iserver/secdef/info?conid=851808891&sectype=OPT&month=202604&exchange=FORECASTX&strike=82.0
-> GET /v1/api/iserver/secdef/info?conid=851808891&sectype=OPT&month=202604&exchange=FORECASTX&strike=83.0
<- 200 GET /v1/api/iserver/secdef/info?conid=851808891&sectype=OPT&month=202604&exchange=FORECASTX&strike=83.0
-> GET /v1/api/iserver/secdef/info?conid=851808891&sectype=OPT&month=202604&exchange=FORECASTX&strike=84.0
<- 200 GET /v1/api/iserver/secdef/info?conid=851808891&sectype=OPT&month=202604&exchange=FORECASTX&strike=84.0
-> GET /v1/api/iserver/secdef/info?conid=851808891&sectype=OPT&month=202604&exchange=FORECASTX&strike=85.0
<- 200 GET /v1/api/iserver/secdef/info?conid=851808891&sectype=OPT&month=202604&exchange=FORECASTX&strike=85.0
-> GET /v1/api/iserver/secdef/info?conid=851808891&sectype=OPT&month=202604&exchange=FORECASTX&strike=86.0
<- 200 GET /v1/api/iserver/secdef/info?conid=851808891&sectype=OPT&month=202604&exchange=FORECASTX&strike=86.0
-> GET /v1/api/iserver/secdef/info?conid=851808891&sectype=OPT&month=202604&exchange=FORECASTX&strike=87.0
<- 200 GET /v1/api/iserver/secdef/info?conid=851808891&sectype=OPT&month=202604&exchange=FORECASTX&strike=87.0
-> GET /v1/api/iserver/secdef/info?conid=851808891&sectype=OPT&month=202604&exchange=FORECASTX&strike=88.0
<- 200 GET /v1/api/iserver/secdef/info?conid=851808891&sectype=OPT&month=202604&exchange=FORECASTX&strike=88.0
-> GET /v1/api/iserver/secdef/info?conid=851808891&sectype=OPT&month=202604&exchange=FORECASTX&strike=89.0
<- 200 GET /v1/api/iserver/secdef/info?conid=851808891&sectype=OPT&month=202604&exchange=FORECASTX&strike=89.0
-> GET /v1/api/iserver/secdef/info?conid=851808891&sectype=OPT&month=202604&exchange=FORECASTX&strike=90.0
<- 200 GET /v1/api/iserver/secdef/info?conid=851808891&sectype=OPT&month=202604&exchange=FORECASTX&strike=90.0
-> GET /v1/api/iserver/secdef/info?conid=851808891&sectype=OPT&month=202604&exchange=FORECASTX&strike=91.0
<- 200 GET /v1/api/iserver/secdef/info?conid=851808891&sectype=OPT&month=202604&exchange=FORECASTX&strike=91.0
-> request: /v1/api/tickle
-> GET /v1/api/tickle,200|107ms
-> POST /v1/api/iserver/account/DUP766324/orders
<- 401 POST /v1/api/iserver/account/DUP766324/orders
-> request: /v1/api/tickle
-> GET /v1/api/tickle,401|335ms
-> request: /v1/api/sso/validate?gw=1
-> GET /v1/api/sso/validate?gw=1,401|333ms
-> request: /v1/api/sso/validate?gw=1
-> GET /v1/api/sso/validate?gw=1,401|334ms
-> POST /v1/api/iserver/account/DUP766324/orders
<- 401 POST /v1/api/iserver/account/DUP766324/orders
-> request: /v1/api/sso/validate?gw=1
-> GET /v1/api/sso/validate?gw=1,401|333ms
-> request: /v1/api/sso/validate?gw=1
-> GET /v1/api/sso/validate?gw=1,401|344ms
-> request: /v1/api/sso/validate?gw=1
-> GET /v1/api/sso/validate?gw=1,401|377ms
-> POST /v1/api/iserver/account/DUP766324/orders
<- 401 POST /v1/api/iserver/account/DUP766324/orders
-> GET /v1/api/iserver/auth/status
<- 401 GET /v1/api/iserver/auth/status
-> POST /sso/Authenticator
<- 200 POST /sso/Authenticator
-> POST /sso/Authenticator
<- 200 POST /sso/Authenticator
-> POST /sso/Dispatcher
<- 302 POST /sso/Dispatcher
-> request: /v1/api/sso/validate?gw=1
-> GET /v1/api/sso/validate?gw=1,200|494ms
-> request: /v1/api/one/user
-> request: /v1/api/ssodh/init
-> sso GET https://api.ibkr.com/v1/api/ssodh/init
-> GET /v1/api/one/user,200|131ms
-> request: /v1/api/ssodh/st
-> sso GET https://api.ibkr.com/v1/api/ssodh/st
-> request: /v1/api/iserver/auth/status
-> GET /v1/api/iserver/auth/status,200|104ms
-> request: /v1/api/iserver/accounts
-> GET /v1/api/iserver/accounts,200|113ms
-> GET /v1/api/iserver/auth/status
<- 200 GET /v1/api/iserver/auth/status
-> GET /v1/api/iserver/accounts
<- 200 GET /v1/api/iserver/accounts
-> GET /v1/api/iserver/secdef/search?symbol=UHBNA&secType=IND
<- 200 GET /v1/api/iserver/secdef/search?symbol=UHBNA&secType=IND
-> request: /v1/api/tickle
-> GET /v1/api/tickle,200|139ms
-> request: /v1/api/tickle
-> GET /v1/api/tickle,200|294ms
-> request: /v1/api/tickle
-> GET /v1/api/tickle,200|106ms
-> GET /v1/api/iserver/secdef/search?symbol=UHLAS&secType=IND
<- 200 GET /v1/api/iserver/secdef/search?symbol=UHLAS&secType=IND
-> request: /v1/api/tickle
-> GET /v1/api/tickle,200|114ms
-> request: /v1/api/tickle
-> GET /v1/api/tickle,200|109ms
-> request: /v1/api/tickle
-> GET /v1/api/tickle,200|111ms
-> request: /v1/api/tickle
-> GET /v1/api/tickle,200|111ms
-> request: /v1/api/tickle
-> GET /v1/api/tickle,200|109ms
-> request: /v1/api/tickle
-> GET /v1/api/tickle,200|106ms
-> request: /sso/ping
-> GET /sso/ping,200|340ms
-> request: /v1/api/tickle
-> GET /v1/api/tickle,200|108ms
-> GET /v1/api/iserver/secdef/strikes?conid=851808931&sectype=OPT&month=202604&exchange=FORECASTX
<- 200 GET /v1/api/iserver/secdef/strikes?conid=851808931&sectype=OPT&month=202604&exchange=FORECASTX
-> GET /v1/api/iserver/secdef/info?conid=851808931&sectype=OPT&month=202604&exchange=FORECASTX&strike=62.0
<- 200 GET /v1/api/iserver/secdef/info?conid=851808931&sectype=OPT&month=202604&exchange=FORECASTX&strike=62.0
-> GET /v1/api/iserver/secdef/info?conid=851808931&sectype=OPT&month=202604&exchange=FORECASTX&strike=63.0
<- 200 GET /v1/api/iserver/secdef/info?conid=851808931&sectype=OPT&month=202604&exchange=FORECASTX&strike=63.0
-> GET /v1/api/iserver/secdef/info?conid=851808931&sectype=OPT&month=202604&exchange=FORECASTX&strike=64.0
<- 200 GET /v1/api/iserver/secdef/info?conid=851808931&sectype=OPT&month=202604&exchange=FORECASTX&strike=64.0
-> GET /v1/api/iserver/secdef/info?conid=851808931&sectype=OPT&month=202604&exchange=FORECASTX&strike=65.0
<- 200 GET /v1/api/iserver/secdef/info?conid=851808931&sectype=OPT&month=202604&exchange=FORECASTX&strike=65.0
-> GET /v1/api/iserver/secdef/info?conid=851808931&sectype=OPT&month=202604&exchange=FORECASTX&strike=66.0
<- 200 GET /v1/api/iserver/secdef/info?conid=851808931&sectype=OPT&month=202604&exchange=FORECASTX&strike=66.0
-> GET /v1/api/iserver/secdef/info?conid=851808931&sectype=OPT&month=202604&exchange=FORECASTX&strike=67.0
<- 200 GET /v1/api/iserver/secdef/info?conid=851808931&sectype=OPT&month=202604&exchange=FORECASTX&strike=67.0
-> GET /v1/api/iserver/secdef/info?conid=851808931&sectype=OPT&month=202604&exchange=FORECASTX&strike=68.0
-> request: /v1/api/tickle
-> GET /v1/api/tickle,200|108ms
<- 200 GET /v1/api/iserver/secdef/info?conid=851808931&sectype=OPT&month=202604&exchange=FORECASTX&strike=68.0
-> GET /v1/api/iserver/secdef/info?conid=851808931&sectype=OPT&month=202604&exchange=FORECASTX&strike=69.0
<- 200 GET /v1/api/iserver/secdef/info?conid=851808931&sectype=OPT&month=202604&exchange=FORECASTX&strike=69.0
-> GET /v1/api/iserver/secdef/info?conid=851808931&sectype=OPT&month=202604&exchange=FORECASTX&strike=70.0
<- 200 GET /v1/api/iserver/secdef/info?conid=851808931&sectype=OPT&month=202604&exchange=FORECASTX&strike=70.0
-> GET /v1/api/iserver/secdef/info?conid=851808931&sectype=OPT&month=202604&exchange=FORECASTX&strike=71.0
<- 200 GET /v1/api/iserver/secdef/info?conid=851808931&sectype=OPT&month=202604&exchange=FORECASTX&strike=71.0
-> GET /v1/api/iserver/secdef/info?conid=851808931&sectype=OPT&month=202604&exchange=FORECASTX&strike=72.0
<- 200 GET /v1/api/iserver/secdef/info?conid=851808931&sectype=OPT&month=202604&exchange=FORECASTX&strike=72.0
-> GET /v1/api/iserver/secdef/info?conid=851808931&sectype=OPT&month=202604&exchange=FORECASTX&strike=73.0
<- 200 GET /v1/api/iserver/secdef/info?conid=851808931&sectype=OPT&month=202604&exchange=FORECASTX&strike=73.0
-> GET /v1/api/iserver/secdef/info?conid=851808931&sectype=OPT&month=202604&exchange=FORECASTX&strike=74.0
<- 200 GET /v1/api/iserver/secdef/info?conid=851808931&sectype=OPT&month=202604&exchange=FORECASTX&strike=74.0
-> GET /v1/api/iserver/secdef/info?conid=851808931&sectype=OPT&month=202604&exchange=FORECASTX&strike=75.0
<- 200 GET /v1/api/iserver/secdef/info?conid=851808931&sectype=OPT&month=202604&exchange=FORECASTX&strike=75.0
-> GET /v1/api/iserver/secdef/info?conid=851808931&sectype=OPT&month=202604&exchange=FORECASTX&strike=76.0
<- 200 GET /v1/api/iserver/secdef/info?conid=851808931&sectype=OPT&month=202604&exchange=FORECASTX&strike=76.0
-> GET /v1/api/iserver/secdef/info?conid=851808931&sectype=OPT&month=202604&exchange=FORECASTX&strike=77.0
<- 200 GET /v1/api/iserver/secdef/info?conid=851808931&sectype=OPT&month=202604&exchange=FORECASTX&strike=77.0
-> GET /v1/api/iserver/secdef/info?conid=851808931&sectype=OPT&month=202604&exchange=FORECASTX&strike=78.0
<- 200 GET /v1/api/iserver/secdef/info?conid=851808931&sectype=OPT&month=202604&exchange=FORECASTX&strike=78.0
-> GET /v1/api/iserver/secdef/info?conid=851808931&sectype=OPT&month=202604&exchange=FORECASTX&strike=79.0
<- 200 GET /v1/api/iserver/secdef/info?conid=851808931&sectype=OPT&month=202604&exchange=FORECASTX&strike=79.0
-> GET /v1/api/iserver/secdef/info?conid=851808931&sectype=OPT&month=202604&exchange=FORECASTX&strike=80.0
<- 200 GET /v1/api/iserver/secdef/info?conid=851808931&sectype=OPT&month=202604&exchange=FORECASTX&strike=80.0
-> GET /v1/api/iserver/secdef/info?conid=851808931&sectype=OPT&month=202604&exchange=FORECASTX&strike=81.0
<- 200 GET /v1/api/iserver/secdef/info?conid=851808931&sectype=OPT&month=202604&exchange=FORECASTX&strike=81.0
-> GET /v1/api/iserver/secdef/info?conid=851808931&sectype=OPT&month=202604&exchange=FORECASTX&strike=82.0
<- 200 GET /v1/api/iserver/secdef/info?conid=851808931&sectype=OPT&month=202604&exchange=FORECASTX&strike=82.0
-> GET /v1/api/iserver/secdef/info?conid=851808931&sectype=OPT&month=202604&exchange=FORECASTX&strike=83.0
<- 200 GET /v1/api/iserver/secdef/info?conid=851808931&sectype=OPT&month=202604&exchange=FORECASTX&strike=83.0
-> GET /v1/api/iserver/secdef/info?conid=851808931&sectype=OPT&month=202604&exchange=FORECASTX&strike=84.0
<- 200 GET /v1/api/iserver/secdef/info?conid=851808931&sectype=OPT&month=202604&exchange=FORECASTX&strike=84.0
-> GET /v1/api/iserver/secdef/info?conid=851808931&sectype=OPT&month=202604&exchange=FORECASTX&strike=85.0
<- 200 GET /v1/api/iserver/secdef/info?conid=851808931&sectype=OPT&month=202604&exchange=FORECASTX&strike=85.0
-> GET /v1/api/iserver/secdef/info?conid=851808931&sectype=OPT&month=202604&exchange=FORECASTX&strike=86.0
<- 200 GET /v1/api/iserver/secdef/info?conid=851808931&sectype=OPT&month=202604&exchange=FORECASTX&strike=86.0
-> GET /v1/api/iserver/secdef/info?conid=851808931&sectype=OPT&month=202604&exchange=FORECASTX&strike=87.0
<- 200 GET /v1/api/iserver/secdef/info?conid=851808931&sectype=OPT&month=202604&exchange=FORECASTX&strike=87.0
-> GET /v1/api/iserver/secdef/info?conid=851808931&sectype=OPT&month=202604&exchange=FORECASTX&strike=88.0
<- 200 GET /v1/api/iserver/secdef/info?conid=851808931&sectype=OPT&month=202604&exchange=FORECASTX&strike=88.0
-> GET /v1/api/iserver/secdef/info?conid=851808931&sectype=OPT&month=202604&exchange=FORECASTX&strike=89.0
<- 200 GET /v1/api/iserver/secdef/info?conid=851808931&sectype=OPT&month=202604&exchange=FORECASTX&strike=89.0
-> GET /v1/api/iserver/secdef/info?conid=851808931&sectype=OPT&month=202604&exchange=FORECASTX&strike=90.0
<- 200 GET /v1/api/iserver/secdef/info?conid=851808931&sectype=OPT&month=202604&exchange=FORECASTX&strike=90.0
-> GET /v1/api/iserver/secdef/info?conid=851808931&sectype=OPT&month=202604&exchange=FORECASTX&strike=91.0
<- 200 GET /v1/api/iserver/secdef/info?conid=851808931&sectype=OPT&month=202604&exchange=FORECASTX&strike=91.0
-> GET /v1/api/iserver/secdef/info?conid=851808931&sectype=OPT&month=202604&exchange=FORECASTX&strike=92.0
<- 200 GET /v1/api/iserver/secdef/info?conid=851808931&sectype=OPT&month=202604&exchange=FORECASTX&strike=92.0
-> GET /v1/api/iserver/secdef/info?conid=851808931&sectype=OPT&month=202604&exchange=FORECASTX&strike=93.0
<- 200 GET /v1/api/iserver/secdef/info?conid=851808931&sectype=OPT&month=202604&exchange=FORECASTX&strike=93.0
-> GET /v1/api/iserver/secdef/info?conid=851808931&sectype=OPT&month=202604&exchange=FORECASTX&strike=94.0
<- 200 GET /v1/api/iserver/secdef/info?conid=851808931&sectype=OPT&month=202604&exchange=FORECASTX&strike=94.0
-> GET /v1/api/iserver/secdef/info?conid=851808931&sectype=OPT&month=202604&exchange=FORECASTX&strike=95.0
<- 200 GET /v1/api/iserver/secdef/info?conid=851808931&sectype=OPT&month=202604&exchange=FORECASTX&strike=95.0
-> request: /v1/api/tickle
-> GET /v1/api/tickle,200|404ms
-> request: /v1/api/tickle
-> GET /v1/api/tickle,200|108ms
-> POST /v1/api/iserver/account/DUP766324/orders
<- 200 POST /v1/api/iserver/account/DUP766324/orders
-> request: /v1/api/tickle
-> GET /v1/api/tickle,200|110ms
-> request: /v1/api/tickle
-> GET /v1/api/tickle,200|107ms
-> request: /v1/api/tickle
-> GET /v1/api/tickle,200|107ms
-> request: /v1/api/tickle
-> GET /v1/api/tickle,200|112ms
-> request: /v1/api/tickle
-> GET /v1/api/tickle,200|107ms
-> request: /v1/api/tickle
-> GET /v1/api/tickle,200|108ms
-> request: /sso/ping
-> GET /sso/ping,200|337ms
-> request: /v1/api/tickle
-> GET /v1/api/tickle,200|114ms
-> request: /v1/api/tickle
-> GET /v1/api/tickle,200|111ms
-> request: /v1/api/tickle
-> GET /v1/api/tickle,200|115ms
-> request: /v1/api/tickle
-> GET /v1/api/tickle,200|141ms
-> request: /v1/api/tickle
-> GET /v1/api/tickle,200|112ms
-> request: /v1/api/tickle
-> GET /v1/api/tickle,200|109ms
-> request: /v1/api/tickle
-> GET /v1/api/tickle,200|108ms
-> request: /v1/api/tickle
-> GET /v1/api/tickle,200|107ms
-> request: /v1/api/tickle
-> GET /v1/api/tickle,200|109ms
-> request: /v1/api/tickle
-> GET /v1/api/tickle,200|110ms
-> request: /sso/ping
-> GET /sso/ping,200|327ms
-> request: /v1/api/tickle
-> GET /v1/api/tickle,200|115ms
-> request: /v1/api/tickle
-> GET /v1/api/tickle,200|112ms
-> request: /v1/api/tickle
-> GET /v1/api/tickle,200|114ms
-> request: /v1/api/tickle
-> GET /v1/api/tickle,200|117ms
-> request: /v1/api/tickle
-> GET /v1/api/tickle,401|354ms
-> request: /v1/api/sso/validate?gw=1
-> GET /v1/api/sso/validate?gw=1,401|335ms
-> request: /v1/api/sso/validate?gw=1
-> GET /v1/api/sso/validate?gw=1,401|338ms
-> request: /v1/api/sso/validate?gw=1
-> GET /v1/api/sso/validate?gw=1,401|339ms
-> request: /v1/api/sso/validate?gw=1
-> GET /v1/api/sso/validate?gw=1,401|337ms
-> request: /v1/api/sso/validate?gw=1
-> GET /v1/api/sso/validate?gw=1,401|360ms
-> request: /sso/ping
-> GET /sso/ping,200|325ms
-> request: /sso/ping
-> GET /sso/ping,200|528ms
-> request: /sso/ping
-> GET /sso/ping,200|324ms
-> request: /sso/ping
-> GET /sso/ping,200|335ms
-> GET /sso/Login?forwardTo=22&RL=1&ip2loc=US
<- 200 GET /sso/Login?forwardTo=22&RL=1&ip2loc=US
-> GET /css/bootstrap-5.2.2/bootstrap.min.css
-> GET /css/fontawesome-6.4.2/all.min.css
<- 200 GET /css/bootstrap-5.2.2/bootstrap.min.css
-> GET /css/bootstrap-switch-3.3.2/bootstrap-switch.min.css
<- 200 GET /css/fontawesome-6.4.2/all.min.css
-> GET /css/reg-am/login.min.css
<- 200 GET /css/reg-am/login.min.css
<- 200 GET /css/bootstrap-switch-3.3.2/bootstrap-switch.min.css
-> GET /css/ibkr/theme-ibkr-portal.min.css
-> GET /scripts/common/js/jquery-3.7.0/jquery.min.js
<- 200 GET /css/ibkr/theme-ibkr-portal.min.css
-> GET /scripts/common/js/bootstrap-5.2.2/bootstrap.bundle.min.js
<- 200 GET /scripts/common/js/jquery-3.7.0/jquery.min.js
-> GET /sso/lib/xyz.bundle.min.js
<- 200 GET /scripts/common/js/bootstrap-5.2.2/bootstrap.bundle.min.js
<- 200 GET /sso/lib/xyz.bundle.min.js
-> GET /images/common/logos/ibkr/interactive-brokers.svg
<- 200 GET /images/common/logos/ibkr/interactive-brokers.svg
-> GET /fonts/proxima-nova/Proxima-Nova-Regular.woff2
-> GET /fonts/fontawesome-6.4.2/webfonts/fa-brands-400.woff2
-> GET /fonts/fontawesome-6.4.2/webfonts/fa-solid-900.woff2
-> GET /fonts/proxima-nova/Proxima-Nova-Semibold.woff2
<- 200 GET /fonts/fontawesome-6.4.2/webfonts/fa-brands-400.woff2
<- 200 GET /fonts/proxima-nova/Proxima-Nova-Regular.woff2
<- 200 GET /fonts/proxima-nova/Proxima-Nova-Semibold.woff2
<- 200 GET /fonts/fontawesome-6.4.2/webfonts/fa-solid-900.woff2
-> POST /sso/report
-> POST /portal.proxy/v1/gstat/bulletins
<- 204 POST /portal.proxy/v1/gstat/bulletins
<- 200 POST /sso/report
-> POST /sso/Dispatcher
<- 200 POST /sso/Dispatcher
-> GET /scripts/common/js/jquery-3.7.0/jquery.min.js
-> GET /sso/lib/forge-1.3.1.all.min.js
-> GET /sso/lib/js.cookie.min.js
-> GET /sso/javascript/device.info.js?q=1736974371103
<- 200 GET /sso/lib/js.cookie.min.js
<- 200 GET /scripts/common/js/jquery-3.7.0/jquery.min.js
<- 200 GET /sso/lib/forge-1.3.1.all.min.js
<- 200 GET /sso/javascript/device.info.js?q=1736974371103
-> POST /sso/report
-> GET /sso/Dispatcher?hardware_info=eyJpZCI6ImIwMmU0ODA5IiwibWFjIjoiMTY6OTY6OTM6MDY6MzY6RTUifQ%3D%3D
<- 200 POST /sso/report
<- 200 GET /sso/Dispatcher?hardware_info=eyJpZCI6ImIwMmU0ODA5IiwibWFjIjoiMTY6OTY6OTM6MDY6MzY6RTUifQ%3D%3D
-> GET /css/bootstrap-5.2.2/bootstrap.min.css
-> GET /css/fontawesome-6.4.2/all.min.css
-> GET /css/reg-am/login.min.css
-> GET /css/bootstrap-switch-3.3.2/bootstrap-switch.min.css
-> GET /css/ibkr/theme-ibkr-portal.min.css
<- 200 GET /css/reg-am/login.min.css
<- 200 GET /css/bootstrap-5.2.2/bootstrap.min.css
<- 200 GET /css/bootstrap-switch-3.3.2/bootstrap-switch.min.css
<- 200 GET /css/fontawesome-6.4.2/all.min.css
-> GET /scripts/common/js/jquery-3.7.0/jquery.min.js
<- 200 GET /css/ibkr/theme-ibkr-portal.min.css
-> GET /sso/lib/xyz.bundle.min.js
-> GET /scripts/common/js/bootstrap-5.2.2/bootstrap.bundle.min.js
<- 304 GET /scripts/common/js/jquery-3.7.0/jquery.min.js
<- 200 GET /sso/lib/xyz.bundle.min.js
<- 200 GET /scripts/common/js/bootstrap-5.2.2/bootstrap.bundle.min.js
-> GET /images/common/logos/ibkr/interactive-brokers.svg
-> GET /fonts/proxima-nova/Proxima-Nova-Regular.woff2
-> GET /fonts/fontawesome-6.4.2/webfonts/fa-brands-400.woff2
-> GET /fonts/fontawesome-6.4.2/webfonts/fa-solid-900.woff2
<- 200 GET /images/common/logos/ibkr/interactive-brokers.svg
-> GET /fonts/proxima-nova/Proxima-Nova-Semibold.woff2
<- 200 GET /fonts/fontawesome-6.4.2/webfonts/fa-brands-400.woff2
<- 200 GET /fonts/fontawesome-6.4.2/webfonts/fa-solid-900.woff2
<- 200 GET /fonts/proxima-nova/Proxima-Nova-Regular.woff2
<- 200 GET /fonts/proxima-nova/Proxima-Nova-Semibold.woff2
-> POST /sso/report
-> POST /portal.proxy/v1/gstat/bulletins
<- 204 POST /portal.proxy/v1/gstat/bulletins
<- 200 POST /sso/report
-> POST /sso/Authenticator
<- 200 POST /sso/Authenticator
-> POST /sso/Authenticator
<- 200 POST /sso/Authenticator
-> POST /sso/Authenticator
<- 200 POST /sso/Authenticator
-> GET /fonts/proxima-nova/proximanova-extrabold.woff2
<- 200 GET /fonts/proxima-nova/proximanova-extrabold.woff2
-> POST /sso/Authenticator
<- 200 POST /sso/Authenticator
-> POST /sso/Authenticator
<- 200 POST /sso/Authenticator
-> POST /sso/Authenticator
<- 200 POST /sso/Authenticator
-> POST /sso/Authenticator
<- 200 POST /sso/Authenticator
-> POST /sso/Dispatcher
<- 302 POST /sso/Dispatcher
-> request: /v1/api/sso/validate?gw=1
-> GET /v1/api/sso/validate?gw=1,200|379ms
-> request: /v1/api/one/user
-> request: /v1/api/ssodh/init
-> sso GET https://api.ibkr.com/v1/api/ssodh/init
-> GET /v1/api/one/user,200|598ms
-> request: /v1/api/ssodh/st
-> sso GET https://api.ibkr.com/v1/api/ssodh/st
-> request: /v1/api/iserver/auth/status
-> GET /v1/api/iserver/auth/status,200|110ms
-> request: /v1/api/iserver/auth/ssodh/init
-> POST https://api.ibkr.com/v1/api/iserver/auth/ssodh/init,200|1285ms
-> request: /v1/api/iserver/accounts
-> GET /v1/api/iserver/accounts,200|104ms
-> GET /v1/api/iserver/auth/status
<- 200 GET /v1/api/iserver/auth/status
-> GET /v1/api/iserver/accounts
<- 200 GET /v1/api/iserver/accounts
-> POST /v1/api/iserver/account/DUP766324/orders
<- 400 POST /v1/api/iserver/account/DUP766324/orders
-> request: /v1/api/tickle
-> GET /v1/api/tickle,200|376ms
-> POST /v1/api/iserver/account/DUP766324/orders
<- 400 POST /v1/api/iserver/account/DUP766324/orders
-> request: /v1/api/tickle
-> GET /v1/api/tickle,200|111ms
-> GET /v1/api/iserver/auth/status
<- 200 GET /v1/api/iserver/auth/status
-> GET /v1/api/iserver/accounts
<- 200 GET /v1/api/iserver/accounts
-> request: /v1/api/tickle
-> GET /v1/api/tickle,200|274ms
-> POST /v1/api/iserver/account/U25234273/orders
<- 401 POST /v1/api/iserver/account/U25234273/orders
-> request: /v1/api/tickle
-> GET /v1/api/iserver/auth/status
-> GET /v1/api/tickle,401|366ms
-> request: /v1/api/sso/validate?gw=1
<- 401 GET /v1/api/iserver/auth/status
-> GET /v1/api/sso/validate?gw=1,401|358ms
-> request: /v1/api/sso/validate?gw=1
-> GET /v1/api/sso/validate?gw=1,401|361ms
-> request: /v1/api/sso/validate?gw=1
-> GET /v1/api/sso/validate?gw=1,401|356ms
-> request: /v1/api/sso/validate?gw=1
-> GET /v1/api/sso/validate?gw=1,401|356ms
-> request: /v1/api/sso/validate?gw=1
-> GET /v1/api/sso/validate?gw=1,401|395ms
-> POST /sso/Dispatcher
<- 200 POST /sso/Dispatcher
-> GET /css/bootstrap-5.2.2/bootstrap.min.css
-> GET /css/fontawesome-6.4.2/all.min.css
-> GET /css/bootstrap-switch-3.3.2/bootstrap-switch.min.css
<- 200 GET /css/bootstrap-switch-3.3.2/bootstrap-switch.min.css
<- 200 GET /css/fontawesome-6.4.2/all.min.css
-> GET /css/reg-am/login.min.css
-> GET /css/ibkr/theme-ibkr-portal.min.css
<- 200 GET /css/bootstrap-5.2.2/bootstrap.min.css
-> GET /scripts/common/js/jquery-3.7.0/jquery.min.js
<- 200 GET /css/ibkr/theme-ibkr-portal.min.css
-> GET /scripts/common/js/bootstrap-5.2.2/bootstrap.bundle.min.js
<- 200 GET /css/reg-am/login.min.css
<- 200 GET /scripts/common/js/jquery-3.7.0/jquery.min.js
-> GET /sso/lib/xyz.bundle.min.js
<- 200 GET /scripts/common/js/bootstrap-5.2.2/bootstrap.bundle.min.js
<- 200 GET /sso/lib/xyz.bundle.min.js
-> GET /images/common/logos/ibkr/interactive-brokers.svg
-> GET /fonts/proxima-nova/Proxima-Nova-Regular.woff2
-> GET /fonts/fontawesome-6.4.2/webfonts/fa-solid-900.woff2
<- 200 GET /images/common/logos/ibkr/interactive-brokers.svg
<- 200 GET /fonts/proxima-nova/Proxima-Nova-Regular.woff2
-> GET /fonts/fontawesome-6.4.2/webfonts/fa-brands-400.woff2
-> GET /fonts/proxima-nova/Proxima-Nova-Semibold.woff2
<- 200 GET /fonts/fontawesome-6.4.2/webfonts/fa-solid-900.woff2
<- 200 GET /fonts/fontawesome-6.4.2/webfonts/fa-brands-400.woff2
<- 200 GET /fonts/proxima-nova/Proxima-Nova-Semibold.woff2
-> POST /sso/report
-> POST /portal.proxy/v1/gstat/bulletins
-> GET /images/web/favicons/home-screen-icon-128x128.png
<- 200 GET /images/web/favicons/home-screen-icon-128x128.png
<- 204 POST /portal.proxy/v1/gstat/bulletins
<- 200 POST /sso/report
-> POST /sso/Authenticator
<- 200 POST /sso/Authenticator
-> POST /sso/Authenticator
<- 200 POST /sso/Authenticator
-> POST /sso/Authenticator
<- 200 POST /sso/Authenticator
-> GET /fonts/proxima-nova/proximanova-extrabold.woff2
<- 200 GET /fonts/proxima-nova/proximanova-extrabold.woff2
-> POST /sso/Authenticator
<- 200 POST /sso/Authenticator
-> POST /sso/Authenticator
<- 200 POST /sso/Authenticator
-> POST /sso/Authenticator
<- 200 POST /sso/Authenticator
-> POST /sso/Dispatcher
<- 302 POST /sso/Dispatcher
-> request: /v1/api/sso/validate?gw=1
-> GET /v1/api/sso/validate?gw=1,200|375ms
-> request: /v1/api/one/user
-> request: /v1/api/ssodh/init
-> sso GET https://api.ibkr.com/v1/api/ssodh/init
-> GET /v1/api/one/user,200|116ms
-> request: /v1/api/ssodh/st
-> sso GET https://api.ibkr.com/v1/api/ssodh/st
-> GET /v1/api/iserver/auth/status
<- 200 GET /v1/api/iserver/auth/status
-> GET /v1/api/iserver/accounts
<- 200 GET /v1/api/iserver/accounts
-> request: /v1/api/iserver/auth/status
-> GET /v1/api/iserver/auth/status
-> GET /v1/api/iserver/auth/status,200|113ms
-> request: /v1/api/iserver/accounts
<- 200 GET /v1/api/iserver/auth/status
-> GET /v1/api/iserver/accounts
-> GET /v1/api/iserver/accounts,200|109ms
<- 200 GET /v1/api/iserver/accounts
-> GET /v1/api/iserver/auth/status
<- 200 GET /v1/api/iserver/auth/status
-> GET /v1/api/iserver/accounts
<- 200 GET /v1/api/iserver/accounts
-> POST /v1/api/iserver/account/U25234273/orders
<- 200 POST /v1/api/iserver/account/U25234273/orders
-> POST /v1/api/iserver/reply/845138f5-ec8e-4d00-88d2-8da5af7c3f52
<- 200 POST /v1/api/iserver/reply/845138f5-ec8e-4d00-88d2-8da5af7c3f52
-> request: /v1/api/tickle
-> GET /v1/api/tickle,200|114ms
-> request: /v1/api/tickle
-> GET /v1/api/tickle,200|283ms
-> request: /v1/api/tickle
-> GET /v1/api/tickle,200|118ms
-> request: /v1/api/tickle
-> GET /v1/api/tickle,200|309ms
-> request: /v1/api/tickle
-> GET /v1/api/tickle,200|382ms
-> request: /v1/api/tickle
-> POST /sso/Dispatcher
<- 200 POST /sso/Dispatcher
-> GET /css/bootstrap-5.2.2/bootstrap.min.css
-> GET /css/fontawesome-6.4.2/all.min.css
<- 200 GET /css/bootstrap-5.2.2/bootstrap.min.css
-> GET /css/bootstrap-switch-3.3.2/bootstrap-switch.min.css
-> GET /css/reg-am/login.min.css
-> GET /css/ibkr/theme-ibkr-portal.min.css
-> GET /scripts/common/js/jquery-3.7.0/jquery.min.js
<- 200 GET /css/fontawesome-6.4.2/all.min.css
<- 200 GET /css/bootstrap-switch-3.3.2/bootstrap-switch.min.css
-> GET /scripts/common/js/bootstrap-5.2.2/bootstrap.bundle.min.js
-> GET /sso/lib/xyz.bundle.min.js
<- 200 GET /css/reg-am/login.min.css
<- 200 GET /scripts/common/js/bootstrap-5.2.2/bootstrap.bundle.min.js
<- 200 GET /css/ibkr/theme-ibkr-portal.min.css
<- 200 GET /scripts/common/js/jquery-3.7.0/jquery.min.js
<- 200 GET /sso/lib/xyz.bundle.min.js
-> GET /images/common/logos/ibkr/interactive-brokers.svg
-> GET /fonts/proxima-nova/Proxima-Nova-Regular.woff2
-> GET /fonts/fontawesome-6.4.2/webfonts/fa-brands-400.woff2
-> GET /fonts/proxima-nova/Proxima-Nova-Semibold.woff2
-> GET /fonts/fontawesome-6.4.2/webfonts/fa-solid-900.woff2
-> POST /sso/report
<- 200 GET /fonts/fontawesome-6.4.2/webfonts/fa-solid-900.woff2
<- 200 GET /fonts/fontawesome-6.4.2/webfonts/fa-brands-400.woff2
<- 200 GET /fonts/proxima-nova/Proxima-Nova-Regular.woff2
-> POST /portal.proxy/v1/gstat/bulletins
<- 200 GET /fonts/proxima-nova/Proxima-Nova-Semibold.woff2
<- 200 GET /images/common/logos/ibkr/interactive-brokers.svg
<- 200 POST /sso/report
-> GET /images/web/favicons/home-screen-icon-128x128.png
<- 204 POST /portal.proxy/v1/gstat/bulletins
<- 200 GET /images/web/favicons/home-screen-icon-128x128.png
-> request: /v1/api/tickle
-> GET /v1/api/tickle,401|435ms
-> request: /v1/api/sso/validate?gw=1
-> GET /v1/api/sso/validate?gw=1,401|404ms
-> request: /v1/api/sso/validate?gw=1
-> GET /v1/api/sso/validate?gw=1,401|400ms
-> request: /v1/api/sso/validate?gw=1
-> GET /v1/api/sso/validate?gw=1,401|400ms
-> request: /v1/api/sso/validate?gw=1
-> GET /v1/api/sso/validate?gw=1,401|413ms
-> POST /sso/Authenticator
<- 200 POST /sso/Authenticator
-> POST /sso/Authenticator
<- 200 POST /sso/Authenticator
-> POST /sso/Authenticator
<- 200 POST /sso/Authenticator
-> GET /fonts/proxima-nova/proximanova-extrabold.woff2
<- 200 GET /fonts/proxima-nova/proximanova-extrabold.woff2
-> request: /v1/api/sso/validate?gw=1
-> GET /v1/api/sso/validate?gw=1,401|456ms
-> POST /sso/Authenticator
<- 200 POST /sso/Authenticator
-> POST /sso/Authenticator
<- 200 POST /sso/Authenticator
-> POST /sso/Authenticator
<- 200 POST /sso/Authenticator
-> POST /sso/Authenticator
<- 200 POST /sso/Authenticator
-> POST /sso/Authenticator
<- 200 POST /sso/Authenticator
-> POST /sso/Authenticator
<- 200 POST /sso/Authenticator
-> POST /sso/Authenticator
<- 200 POST /sso/Authenticator
-> POST /sso/Authenticator
<- 200 POST /sso/Authenticator
-> POST /sso/Authenticator
<- 200 POST /sso/Authenticator
-> POST /sso/Authenticator
<- 200 POST /sso/Authenticator
-> POST /sso/Authenticator
<- 200 POST /sso/Authenticator
-> POST /sso/Authenticator
<- 200 POST /sso/Authenticator
-> POST /sso/Authenticator
<- 200 POST /sso/Authenticator
-> POST /sso/Authenticator
<- 200 POST /sso/Authenticator
-> POST /sso/Authenticator
<- 200 POST /sso/Authenticator
-> POST /sso/Authenticator
<- 200 POST /sso/Authenticator
-> POST /sso/Authenticator
<- 200 POST /sso/Authenticator
-> POST /sso/Authenticator
<- 200 POST /sso/Authenticator
-> POST /sso/Authenticator
<- 200 POST /sso/Authenticator
-> POST /sso/Authenticator
<- 200 POST /sso/Authenticator
-> POST /sso/Authenticator
<- 200 POST /sso/Authenticator
-> POST /sso/Authenticator
<- 200 POST /sso/Authenticator
-> POST /sso/Authenticator
<- 200 POST /sso/Authenticator
-> request: /sso/ping
-> POST /sso/Authenticator
-> GET /sso/ping,200|373ms
<- 200 POST /sso/Authenticator
-> POST /sso/Authenticator
<- 200 POST /sso/Authenticator
-> POST /sso/Authenticator
<- 200 POST /sso/Authenticator
-> POST /sso/Authenticator
<- 200 POST /sso/Authenticator
-> POST /sso/Authenticator
<- 200 POST /sso/Authenticator
-> POST /sso/Authenticator
<- 200 POST /sso/Authenticator
-> POST /sso/Authenticator
<- 200 POST /sso/Authenticator
-> POST /sso/Authenticator
<- 200 POST /sso/Authenticator
-> POST /sso/Authenticator
<- 200 POST /sso/Authenticator
-> POST /sso/Authenticator
<- 200 POST /sso/Authenticator
-> POST /sso/Authenticator
<- 200 POST /sso/Authenticator
-> POST /sso/Authenticator
<- 200 POST /sso/Authenticator
-> POST /sso/Authenticator
<- 200 POST /sso/Authenticator
-> POST /sso/Authenticator
<- 200 POST /sso/Authenticator
-> POST /sso/Authenticator
<- 200 POST /sso/Authenticator
-> POST /sso/Authenticator
<- 200 POST /sso/Authenticator
-> POST /sso/Authenticator
<- 200 POST /sso/Authenticator
-> request: /sso/ping
-> GET /sso/ping,200|1238ms
-> GET /sso/Login?forwardTo=22&RL=1&ip2loc=US
<- 200 GET /sso/Login?forwardTo=22&RL=1&ip2loc=US
-> GET /css/bootstrap-5.2.2/bootstrap.min.css
-> GET /css/fontawesome-6.4.2/all.min.css
<- 200 GET /css/bootstrap-5.2.2/bootstrap.min.css
-> GET /css/bootstrap-switch-3.3.2/bootstrap-switch.min.css
-> GET /css/reg-am/login.min.css
-> GET /css/ibkr/theme-ibkr-portal.min.css
-> GET /scripts/common/js/jquery-3.7.0/jquery.min.js
-> GET /scripts/common/js/bootstrap-5.2.2/bootstrap.bundle.min.js
<- 200 GET /css/fontawesome-6.4.2/all.min.css
<- 200 GET /css/bootstrap-switch-3.3.2/bootstrap-switch.min.css
-> GET /sso/lib/xyz.bundle.min.js
<- 200 GET /scripts/common/js/jquery-3.7.0/jquery.min.js
<- 200 GET /css/reg-am/login.min.css
<- 200 GET /scripts/common/js/bootstrap-5.2.2/bootstrap.bundle.min.js
<- 200 GET /css/ibkr/theme-ibkr-portal.min.css
<- 200 GET /sso/lib/xyz.bundle.min.js
-> GET /images/common/logos/ibkr/interactive-brokers.svg
-> GET /fonts/proxima-nova/Proxima-Nova-Regular.woff2
-> GET /fonts/fontawesome-6.4.2/webfonts/fa-solid-900.woff2
-> GET /fonts/proxima-nova/Proxima-Nova-Semibold.woff2
-> GET /fonts/fontawesome-6.4.2/webfonts/fa-brands-400.woff2
-> POST /sso/report
<- 200 GET /fonts/proxima-nova/Proxima-Nova-Regular.woff2
<- 200 GET /fonts/fontawesome-6.4.2/webfonts/fa-solid-900.woff2
-> POST /portal.proxy/v1/gstat/bulletins
<- 200 GET /fonts/proxima-nova/Proxima-Nova-Semibold.woff2
<- 200 GET /fonts/fontawesome-6.4.2/webfonts/fa-brands-400.woff2
<- 200 GET /images/common/logos/ibkr/interactive-brokers.svg
<- 200 POST /sso/report
<- 204 POST /portal.proxy/v1/gstat/bulletins
-> POST /sso/Authenticator
<- 200 POST /sso/Authenticator
-> POST /sso/Authenticator
<- 200 POST /sso/Authenticator
-> POST /sso/Authenticator
<- 200 POST /sso/Authenticator
-> GET /fonts/proxima-nova/proximanova-extrabold.woff2
<- 200 GET /fonts/proxima-nova/proximanova-extrabold.woff2
-> POST /sso/Authenticator
<- 200 POST /sso/Authenticator
-> POST /sso/Authenticator
<- 200 POST /sso/Authenticator
-> POST /sso/Dispatcher
<- 200 POST /sso/Dispatcher
-> GET /css/bootstrap-5.2.2/bootstrap.min.css
-> GET /css/fontawesome-6.4.2/all.min.css
-> GET /css/bootstrap-switch-3.3.2/bootstrap-switch.min.css
-> GET /css/reg-am/login.min.css
-> GET /css/ibkr/theme-ibkr-portal.min.css
<- 200 GET /css/ibkr/theme-ibkr-portal.min.css
<- 200 GET /css/fontawesome-6.4.2/all.min.css
<- 200 GET /css/reg-am/login.min.css
<- 200 GET /css/bootstrap-switch-3.3.2/bootstrap-switch.min.css
-> GET /scripts/common/js/bootstrap-5.2.2/bootstrap.bundle.min.js
<- 200 GET /css/bootstrap-5.2.2/bootstrap.min.css
-> GET /sso/lib/xyz.bundle.min.js
-> GET /scripts/common/js/jquery-3.7.0/jquery.min.js
<- 304 GET /sso/lib/xyz.bundle.min.js
<- 200 GET /scripts/common/js/bootstrap-5.2.2/bootstrap.bundle.min.js
<- 200 GET /scripts/common/js/jquery-3.7.0/jquery.min.js
-> GET /images/common/logos/ibkr/interactive-brokers.svg
-> GET /fonts/proxima-nova/Proxima-Nova-Regular.woff2
-> GET /fonts/fontawesome-6.4.2/webfonts/fa-solid-900.woff2
-> GET /fonts/fontawesome-6.4.2/webfonts/fa-brands-400.woff2
<- 200 GET /images/common/logos/ibkr/interactive-brokers.svg
-> GET /fonts/proxima-nova/Proxima-Nova-Semibold.woff2
<- 200 GET /fonts/proxima-nova/Proxima-Nova-Regular.woff2
-> POST /sso/report
<- 200 GET /fonts/fontawesome-6.4.2/webfonts/fa-brands-400.woff2
<- 200 GET /fonts/fontawesome-6.4.2/webfonts/fa-solid-900.woff2
-> POST /portal.proxy/v1/gstat/bulletins
<- 200 GET /fonts/proxima-nova/Proxima-Nova-Semibold.woff2
<- 200 POST /sso/report
<- 204 POST /portal.proxy/v1/gstat/bulletins
-> POST /sso/Dispatcher
<- 200 POST /sso/Dispatcher
-> GET /scripts/common/js/jquery-3.7.0/jquery.min.js
-> GET /sso/lib/forge-1.3.1.all.min.js
-> GET /sso/lib/js.cookie.min.js
-> GET /sso/javascript/device.info.js?q=1736974371103
<- 200 GET /scripts/common/js/jquery-3.7.0/jquery.min.js
<- 200 GET /sso/javascript/device.info.js?q=1736974371103
<- 200 GET /sso/lib/js.cookie.min.js
<- 200 GET /sso/lib/forge-1.3.1.all.min.js
-> POST /sso/report
-> GET /sso/Dispatcher?hardware_info=eyJpZCI6ImIwMmU0ODA5IiwibWFjIjoiMTY6OTY6OTM6MDY6MzY6RTUifQ%3D%3D
<- 200 POST /sso/report
<- 200 GET /sso/Dispatcher?hardware_info=eyJpZCI6ImIwMmU0ODA5IiwibWFjIjoiMTY6OTY6OTM6MDY6MzY6RTUifQ%3D%3D
-> GET /css/bootstrap-5.2.2/bootstrap.min.css
-> GET /css/fontawesome-6.4.2/all.min.css
-> GET /css/bootstrap-switch-3.3.2/bootstrap-switch.min.css
-> GET /css/reg-am/login.min.css
-> GET /css/ibkr/theme-ibkr-portal.min.css
<- 200 GET /css/bootstrap-5.2.2/bootstrap.min.css
<- 200 GET /css/fontawesome-6.4.2/all.min.css
<- 200 GET /css/ibkr/theme-ibkr-portal.min.css
-> GET /scripts/common/js/bootstrap-5.2.2/bootstrap.bundle.min.js
-> GET /sso/lib/xyz.bundle.min.js
<- 200 GET /css/bootstrap-switch-3.3.2/bootstrap-switch.min.css
-> GET /scripts/common/js/jquery-3.7.0/jquery.min.js
<- 200 GET /css/reg-am/login.min.css
<- 304 GET /sso/lib/xyz.bundle.min.js
<- 200 GET /scripts/common/js/jquery-3.7.0/jquery.min.js
<- 200 GET /scripts/common/js/bootstrap-5.2.2/bootstrap.bundle.min.js
-> GET /images/common/logos/ibkr/interactive-brokers.svg
-> GET /fonts/proxima-nova/Proxima-Nova-Regular.woff2
-> GET /fonts/fontawesome-6.4.2/webfonts/fa-brands-400.woff2
-> GET /fonts/fontawesome-6.4.2/webfonts/fa-solid-900.woff2
<- 200 GET /fonts/proxima-nova/Proxima-Nova-Regular.woff2
<- 200 GET /fonts/fontawesome-6.4.2/webfonts/fa-brands-400.woff2
-> GET /fonts/proxima-nova/Proxima-Nova-Semibold.woff2
<- 200 GET /fonts/fontawesome-6.4.2/webfonts/fa-solid-900.woff2
-> POST /sso/report
<- 200 GET /images/common/logos/ibkr/interactive-brokers.svg
-> POST /portal.proxy/v1/gstat/bulletins
<- 200 GET /fonts/proxima-nova/Proxima-Nova-Semibold.woff2
-> GET /images/web/favicons/home-screen-icon-128x128.png
<- 200 POST /sso/report
<- 204 POST /portal.proxy/v1/gstat/bulletins
<- 200 GET /images/web/favicons/home-screen-icon-128x128.png
-> POST /sso/Authenticator
<- 200 POST /sso/Authenticator
-> POST /sso/Authenticator
<- 200 POST /sso/Authenticator
-> POST /sso/Authenticator
<- 200 POST /sso/Authenticator
-> GET /fonts/proxima-nova/proximanova-extrabold.woff2
<- 200 GET /fonts/proxima-nova/proximanova-extrabold.woff2
-> POST /sso/Authenticator
<- 200 POST /sso/Authenticator
-> POST /sso/Authenticator
<- 200 POST /sso/Authenticator
-> POST /sso/Dispatcher
<- 200 POST /sso/Dispatcher
-> GET /css/bootstrap-5.2.2/bootstrap.min.css
-> GET /css/fontawesome-6.4.2/all.min.css
-> GET /css/bootstrap-switch-3.3.2/bootstrap-switch.min.css
-> GET /css/reg-am/login.min.css
-> GET /css/ibkr/theme-ibkr-portal.min.css
<- 200 GET /css/ibkr/theme-ibkr-portal.min.css
<- 200 GET /css/reg-am/login.min.css
-> GET /scripts/common/js/bootstrap-5.2.2/bootstrap.bundle.min.js
<- 200 GET /css/bootstrap-switch-3.3.2/bootstrap-switch.min.css
-> GET /sso/lib/xyz.bundle.min.js
<- 200 GET /css/fontawesome-6.4.2/all.min.css
<- 200 GET /css/bootstrap-5.2.2/bootstrap.min.css
-> GET /scripts/common/js/jquery-3.7.0/jquery.min.js
<- 304 GET /sso/lib/xyz.bundle.min.js
<- 200 GET /scripts/common/js/bootstrap-5.2.2/bootstrap.bundle.min.js
<- 200 GET /scripts/common/js/jquery-3.7.0/jquery.min.js
-> GET /images/common/logos/ibkr/interactive-brokers.svg
-> GET /fonts/proxima-nova/Proxima-Nova-Regular.woff2
-> GET /fonts/fontawesome-6.4.2/webfonts/fa-solid-900.woff2
-> GET /fonts/fontawesome-6.4.2/webfonts/fa-brands-400.woff2
<- 200 GET /images/common/logos/ibkr/interactive-brokers.svg
-> GET /fonts/proxima-nova/Proxima-Nova-Semibold.woff2
<- 200 GET /fonts/proxima-nova/Proxima-Nova-Regular.woff2
-> POST /sso/report
<- 200 GET /fonts/fontawesome-6.4.2/webfonts/fa-brands-400.woff2
<- 200 GET /fonts/fontawesome-6.4.2/webfonts/fa-solid-900.woff2
-> POST /portal.proxy/v1/gstat/bulletins
<- 200 GET /fonts/proxima-nova/Proxima-Nova-Semibold.woff2
<- 200 POST /sso/report
<- 204 POST /portal.proxy/v1/gstat/bulletins
-> request: /sso/ping
-> GET /sso/ping,200|370ms
-> GET /sso/Login?forwardTo=22&RL=1&ip2loc=US
<- 200 GET /sso/Login?forwardTo=22&RL=1&ip2loc=US
-> GET /css/bootstrap-5.2.2/bootstrap.min.css
-> GET /css/fontawesome-6.4.2/all.min.css
<- 200 GET /css/bootstrap-5.2.2/bootstrap.min.css
<- 200 GET /css/fontawesome-6.4.2/all.min.css
-> GET /css/bootstrap-switch-3.3.2/bootstrap-switch.min.css
-> GET /css/reg-am/login.min.css
<- 200 GET /css/reg-am/login.min.css
<- 200 GET /css/bootstrap-switch-3.3.2/bootstrap-switch.min.css
-> GET /css/ibkr/theme-ibkr-portal.min.css
-> GET /scripts/common/js/jquery-3.7.0/jquery.min.js
-> GET /scripts/common/js/bootstrap-5.2.2/bootstrap.bundle.min.js
-> GET /sso/lib/xyz.bundle.min.js
<- 200 GET /scripts/common/js/jquery-3.7.0/jquery.min.js
<- 200 GET /css/ibkr/theme-ibkr-portal.min.css
<- 200 GET /sso/lib/xyz.bundle.min.js
<- 200 GET /scripts/common/js/bootstrap-5.2.2/bootstrap.bundle.min.js
-> GET /images/common/logos/ibkr/interactive-brokers.svg
-> GET /fonts/proxima-nova/Proxima-Nova-Regular.woff2
-> GET /fonts/fontawesome-6.4.2/webfonts/fa-brands-400.woff2
-> GET /fonts/proxima-nova/Proxima-Nova-Semibold.woff2
-> GET /fonts/fontawesome-6.4.2/webfonts/fa-solid-900.woff2
<- 200 GET /fonts/proxima-nova/Proxima-Nova-Regular.woff2
<- 200 GET /fonts/proxima-nova/Proxima-Nova-Semibold.woff2
<- 200 GET /images/common/logos/ibkr/interactive-brokers.svg
<- 200 GET /fonts/fontawesome-6.4.2/webfonts/fa-solid-900.woff2
-> POST /sso/report
-> POST /portal.proxy/v1/gstat/bulletins
<- 200 GET /fonts/fontawesome-6.4.2/webfonts/fa-brands-400.woff2
<- 204 POST /portal.proxy/v1/gstat/bulletins
<- 200 POST /sso/report
-> POST /sso/Authenticator
<- 200 POST /sso/Authenticator
-> POST /sso/Authenticator
<- 200 POST /sso/Authenticator
-> POST /sso/Authenticator
<- 200 POST /sso/Authenticator
-> GET /fonts/proxima-nova/proximanova-extrabold.woff2
<- 200 GET /fonts/proxima-nova/proximanova-extrabold.woff2
-> POST /sso/Authenticator
<- 200 POST /sso/Authenticator
-> POST /sso/Authenticator
<- 200 POST /sso/Authenticator
-> POST /sso/Authenticator
<- 200 POST /sso/Authenticator
-> POST /sso/Authenticator
<- 200 POST /sso/Authenticator
-> POST /sso/Authenticator
<- 200 POST /sso/Authenticator
-> POST /sso/Authenticator
<- 200 POST /sso/Authenticator
-> POST /sso/Authenticator
<- 200 POST /sso/Authenticator
-> POST /sso/Authenticator
<- 200 POST /sso/Authenticator
-> POST /sso/Authenticator
<- 200 POST /sso/Authenticator
-> POST /sso/Authenticator
<- 200 POST /sso/Authenticator
-> POST /sso/Authenticator
<- 200 POST /sso/Authenticator
-> POST /sso/Authenticator
<- 200 POST /sso/Authenticator
-> POST /sso/Authenticator
<- 200 POST /sso/Authenticator
-> POST /sso/Authenticator
<- 200 POST /sso/Authenticator
-> POST /sso/Authenticator
<- 200 POST /sso/Authenticator
-> POST /sso/Authenticator
<- 200 POST /sso/Authenticator
-> POST /sso/Authenticator
<- 200 POST /sso/Authenticator
-> POST /sso/Authenticator
<- 200 POST /sso/Authenticator
-> POST /sso/Authenticator
<- 200 POST /sso/Authenticator
-> POST /sso/Authenticator
<- 200 POST /sso/Authenticator
-> POST /sso/Authenticator
<- 200 POST /sso/Authenticator
-> POST /sso/Authenticator
<- 200 POST /sso/Authenticator
-> POST /sso/Authenticator
<- 200 POST /sso/Authenticator
-> POST /sso/Authenticator
<- 200 POST /sso/Authenticator
-> POST /sso/Authenticator
<- 200 POST /sso/Authenticator
-> POST /sso/Authenticator
<- 200 POST /sso/Authenticator
-> POST /sso/Authenticator
<- 200 POST /sso/Authenticator
-> POST /sso/Authenticator
<- 200 POST /sso/Authenticator
-> POST /sso/Authenticator
<- 200 POST /sso/Authenticator
-> POST /sso/Authenticator
<- 200 POST /sso/Authenticator
-> POST /sso/Authenticator
<- 200 POST /sso/Authenticator
-> POST /sso/Dispatcher
<- 302 POST /sso/Dispatcher
-> request: /v1/api/sso/validate?gw=1
-> GET /v1/api/sso/validate?gw=1,200|410ms
-> request: /v1/api/one/user
-> request: /v1/api/ssodh/init
-> sso GET https://api.ibkr.com/v1/api/ssodh/init
-> GET /v1/api/one/user,200|170ms
-> request: /v1/api/ssodh/st
-> sso GET https://api.ibkr.com/v1/api/ssodh/st
-> request: /sso/Authenticator?ACTION=PUBLISH_TST&RESP_TYPE=JSON&DEVICE_ID=2f1a7137|A0-59-50-3B-19-B5
-> sso GET https://api.ibkr.com/sso/Authenticator?ACTION=PUBLISH_TST&RESP_TYPE=JSON&DEVICE_ID=2f1a7137|A0-59-50-3B-19-B5
<- 200 GET https://api.ibkr.com/sso/Authenticator?ACTION=PUBLISH_TST&RESP_TYPE=JSON&DEVICE_ID=2f1a7137|A0-59-50-3B-19-B5 0
-> request: /v1/api/iserver/auth/status
-> GET /v1/api/iserver/auth/status,200|107ms
-> request: /v1/api/iserver/auth/ssodh/init
-> POST https://api.ibkr.com/v1/api/iserver/auth/ssodh/init,200|1276ms
-> request: /v1/api/iserver/accounts
-> GET /v1/api/iserver/accounts,200|109ms
-> request: /v1/api/tickle
-> GET /v1/api/tickle,200|294ms
-> GET /v1/api/iserver/auth/status
<- 200 GET /v1/api/iserver/auth/status
-> GET /v1/api/iserver/accounts
<- 200 GET /v1/api/iserver/accounts
-> POST /v1/api/iserver/account/U25234273/orders
<- 200 POST /v1/api/iserver/account/U25234273/orders
-> POST /v1/api/iserver/reply/6feb9211-156d-4c0f-ba80-0cfdde92677c
<- 200 POST /v1/api/iserver/reply/6feb9211-156d-4c0f-ba80-0cfdde92677c
-> request: /v1/api/tickle
-> GET /v1/api/tickle,200|264ms
-> request: /v1/api/tickle
-> GET /v1/api/tickle,200|115ms
-> request: /v1/api/tickle
-> GET /v1/api/tickle,200|377ms
-> request: /v1/api/tickle
-> GET /v1/api/tickle,200|107ms
-> request: /v1/api/tickle
-> GET /v1/api/tickle,200|107ms
-> request: /v1/api/tickle
-> GET /v1/api/tickle,200|381ms
-> request: /v1/api/tickle
-> GET /v1/api/tickle,200|112ms
-> request: /v1/api/tickle
-> GET /v1/api/tickle,200|119ms
-> request: /sso/ping
-> GET /sso/ping,200|432ms
-> request: /v1/api/tickle
-> GET /v1/api/tickle,200|293ms
-> request: /v1/api/tickle
-> GET /v1/api/tickle,200|129ms
-> request: /v1/api/tickle
-> GET /v1/api/tickle,200|117ms
-> request: /v1/api/tickle
-> GET /v1/api/tickle,200|114ms
-> request: /v1/api/tickle
-> GET /v1/api/tickle,200|107ms
-> request: /v1/api/tickle
-> GET /v1/api/tickle,200|113ms
-> POST /v1/api/iserver/account/U25234273/orders
<- 401 POST /v1/api/iserver/account/U25234273/orders
-> request: /v1/api/tickle
-> GET /v1/api/tickle,401|355ms
-> request: /v1/api/sso/validate?gw=1
-> GET /v1/api/sso/validate?gw=1,401|390ms
-> request: /v1/api/sso/validate?gw=1
-> GET /v1/api/sso/validate?gw=1,401|365ms
-> request: /v1/api/sso/validate?gw=1
-> GET /v1/api/sso/validate?gw=1,401|527ms
-> request: /v1/api/sso/validate?gw=1
-> GET /v1/api/sso/validate?gw=1,401|350ms
-> request: /v1/api/sso/validate?gw=1
-> GET /v1/api/sso/validate?gw=1,401|353ms
-> POST /sso/Dispatcher
<- 200 POST /sso/Dispatcher
-> GET /css/bootstrap-5.2.2/bootstrap.min.css
-> GET /css/fontawesome-6.4.2/all.min.css
<- 200 GET /css/fontawesome-6.4.2/all.min.css
<- 200 GET /css/bootstrap-5.2.2/bootstrap.min.css
-> GET /css/bootstrap-switch-3.3.2/bootstrap-switch.min.css
-> GET /css/reg-am/login.min.css
<- 200 GET /css/reg-am/login.min.css
-> GET /css/ibkr/theme-ibkr-portal.min.css
<- 200 GET /css/bootstrap-switch-3.3.2/bootstrap-switch.min.css
-> GET /scripts/common/js/jquery-3.7.0/jquery.min.js
<- 200 GET /css/ibkr/theme-ibkr-portal.min.css
<- 200 GET /scripts/common/js/jquery-3.7.0/jquery.min.js
-> GET /scripts/common/js/bootstrap-5.2.2/bootstrap.bundle.min.js
-> GET /sso/lib/xyz.bundle.min.js
<- 200 GET /scripts/common/js/bootstrap-5.2.2/bootstrap.bundle.min.js
<- 200 GET /sso/lib/xyz.bundle.min.js
-> GET /images/common/logos/ibkr/interactive-brokers.svg
-> GET /fonts/proxima-nova/Proxima-Nova-Regular.woff2
-> GET /fonts/fontawesome-6.4.2/webfonts/fa-brands-400.woff2
-> GET /fonts/proxima-nova/Proxima-Nova-Semibold.woff2
-> GET /fonts/fontawesome-6.4.2/webfonts/fa-solid-900.woff2
<- 200 GET /fonts/proxima-nova/Proxima-Nova-Regular.woff2
<- 200 GET /images/common/logos/ibkr/interactive-brokers.svg
<- 200 GET /fonts/fontawesome-6.4.2/webfonts/fa-brands-400.woff2
<- 200 GET /fonts/proxima-nova/Proxima-Nova-Semibold.woff2
<- 200 GET /fonts/fontawesome-6.4.2/webfonts/fa-solid-900.woff2
-> POST /sso/report
-> POST /portal.proxy/v1/gstat/bulletins
-> GET /images/web/favicons/home-screen-icon-128x128.png
<- 200 GET /images/web/favicons/home-screen-icon-128x128.png
<- 204 POST /portal.proxy/v1/gstat/bulletins
<- 200 POST /sso/report
-> request: /sso/ping
-> GET /sso/ping,200|330ms
-> request: /sso/ping
-> GET /sso/ping,200|338ms
-> request: /sso/ping
-> GET /sso/ping,200|340ms
