-> GET /sso/Login?forwardTo=22&RL=1&ip2loc=US
<- 200 GET /sso/Login?forwardTo=22&RL=1&ip2loc=US
-> GET /css/bootstrap-5.2.2/bootstrap.min.css
-> GET /css/fontawesome-6.4.2/all.min.css
<- 200 GET /css/fontawesome-6.4.2/all.min.css
-> GET /css/bootstrap-switch-3.3.2/bootstrap-switch.min.css
<- 200 GET /css/bootstrap-5.2.2/bootstrap.min.css
-> GET /css/reg-am/login.min.css
<- 200 GET /css/bootstrap-switch-3.3.2/bootstrap-switch.min.css
-> GET /css/ibkr/theme-ibkr-portal.min.css
-> GET /scripts/common/js/jquery-3.7.0/jquery.min.js
-> GET /sso/lib/xyz.bundle.min.js
-> GET /scripts/common/js/bootstrap-5.2.2/bootstrap.bundle.min.js
<- 200 GET /css/ibkr/theme-ibkr-portal.min.css
<- 200 GET /scripts/common/js/bootstrap-5.2.2/bootstrap.bundle.min.js
<- 200 GET /scripts/common/js/jquery-3.7.0/jquery.min.js
<- 200 GET /sso/lib/xyz.bundle.min.js
<- 200 GET /css/reg-am/login.min.css
-> GET /images/common/logos/ibkr/interactive-brokers.svg
-> GET /fonts/proxima-nova/Proxima-Nova-Regular.woff2
-> GET /fonts/proxima-nova/Proxima-Nova-Semibold.woff2
-> GET /fonts/fontawesome-6.4.2/webfonts/fa-brands-400.woff2
-> GET /fonts/fontawesome-6.4.2/webfonts/fa-solid-900.woff2
<- 200 GET /fonts/fontawesome-6.4.2/webfonts/fa-solid-900.woff2
<- 200 GET /images/common/logos/ibkr/interactive-brokers.svg
-> POST /sso/report
-> POST /portal.proxy/v1/gstat/bulletins
<- 200 GET /fonts/proxima-nova/Proxima-Nova-Regular.woff2
<- 200 GET /fonts/proxima-nova/Proxima-Nova-Semibold.woff2
<- 200 GET /fonts/fontawesome-6.4.2/webfonts/fa-brands-400.woff2
<- 204 POST /portal.proxy/v1/gstat/bulletins
<- 200 POST /sso/report
-> GET /images/common/logos/ibkr/interactive-brokers-inverse.svg
<- 200 GET /images/common/logos/ibkr/interactive-brokers-inverse.svg
-> POST /sso/Authenticator
<- 200 POST /sso/Authenticator
-> POST /sso/Authenticator
<- 200 POST /sso/Authenticator
-> POST /sso/Dispatcher
<- 302 POST /sso/Dispatcher
-> request: /v1/api/sso/validate?gw=1
-> GET /v1/api/sso/validate?gw=1,200|518ms
-> request: /v1/api/one/user
-> request: /v1/api/ssodh/init
-> sso GET https://api.ibkr.com/v1/api/ssodh/init
-> GET /v1/api/one/user,200|648ms
-> request: /v1/api/ssodh/st
-> sso GET https://api.ibkr.com/v1/api/ssodh/st
-> request: /sso/Authenticator?ACTION=PUBLISH_TST&RESP_TYPE=JSON&DEVICE_ID=3ff46325|A0-59-50-3B-19-B5
-> sso GET https://api.ibkr.com/sso/Authenticator?ACTION=PUBLISH_TST&RESP_TYPE=JSON&DEVICE_ID=3ff46325|A0-59-50-3B-19-B5
<- 200 GET https://api.ibkr.com/sso/Authenticator?ACTION=PUBLISH_TST&RESP_TYPE=JSON&DEVICE_ID=3ff46325|A0-59-50-3B-19-B5 0
-> request: /v1/api/iserver/auth/status
-> GET /v1/api/iserver/auth/status,200|123ms
-> request: /v1/api/iserver/auth/ssodh/init
-> POST https://api.ibkr.com/v1/api/iserver/auth/ssodh/init,200|1250ms
-> request: /v1/api/iserver/accounts
-> GET /v1/api/iserver/accounts,200|108ms
-> request: /v1/api/tickle
-> GET /v1/api/tickle,200|111ms
-> request: /v1/api/tickle
-> GET /v1/api/tickle,200|174ms
-> request: /v1/api/tickle
-> GET /v1/api/tickle,200|388ms
-> request: /v1/api/tickle
-> GET /v1/api/tickle,200|182ms
-> request: /v1/api/tickle
-> GET /v1/api/tickle,200|112ms
-> request: /v1/api/tickle
-> GET /v1/api/tickle,200|124ms
-> request: /v1/api/tickle
-> GET /v1/api/tickle,200|115ms
-> request: /v1/api/tickle
-> GET /v1/api/tickle,200|112ms
-> request: /v1/api/tickle
-> GET /v1/api/tickle,200|288ms
-> request: /sso/ping
-> GET /sso/ping,200|486ms
-> request: /v1/api/tickle
-> GET /v1/api/tickle,200|115ms
-> request: /v1/api/tickle
-> GET /v1/api/tickle,200|391ms
-> request: /v1/api/tickle
-> GET /v1/api/tickle,200|384ms
-> request: /v1/api/tickle
-> GET /v1/api/tickle,200|113ms
-> request: /v1/api/tickle
-> GET /v1/api/tickle,200|132ms
-> request: /v1/api/tickle
-> GET /v1/api/tickle,200|113ms
-> request: /v1/api/tickle
-> GET /v1/api/tickle,200|114ms
-> request: /v1/api/tickle
-> GET /v1/api/tickle,200|129ms
-> request: /v1/api/tickle
-> GET /v1/api/tickle,200|289ms
-> request: /v1/api/tickle
-> GET /v1/api/tickle,200|111ms
-> request: /sso/ping
-> GET /sso/ping,200|334ms
-> request: /v1/api/tickle
-> GET /v1/api/tickle,200|521ms
-> request: /v1/api/tickle
-> GET /v1/api/tickle,200|130ms
-> request: /v1/api/tickle
-> GET /v1/api/tickle,200|276ms
-> request: /v1/api/tickle
-> GET /v1/api/tickle,200|123ms
-> request: /v1/api/tickle
-> GET /v1/api/tickle,200|168ms
-> request: /v1/api/tickle
-> GET /v1/api/tickle,200|106ms
-> request: /v1/api/tickle
-> GET /v1/api/tickle,200|110ms
-> request: /v1/api/tickle
-> GET /v1/api/tickle,200|389ms
-> request: /v1/api/tickle
-> GET /v1/api/tickle,200|109ms
-> request: /v1/api/tickle
-> GET /v1/api/tickle,200|118ms
-> request: /sso/ping
-> GET /sso/ping,200|539ms
-> request: /v1/api/tickle
-> GET /v1/api/tickle,200|368ms
-> request: /v1/api/tickle
-> GET /v1/api/tickle,200|113ms
-> request: /v1/api/tickle
-> GET /v1/api/tickle,200|155ms
-> request: /v1/api/tickle
-> GET /v1/api/tickle,200|120ms
-> request: /v1/api/tickle
-> GET /v1/api/tickle,200|122ms
-> request: /v1/api/tickle
-> GET /v1/api/tickle,200|119ms
-> request: /v1/api/tickle
-> GET /v1/api/tickle,200|288ms
-> request: /v1/api/tickle
-> GET /v1/api/tickle,200|119ms
-> request: /v1/api/tickle
-> GET /v1/api/tickle,200|290ms
-> request: /v1/api/tickle
-> GET /v1/api/tickle,200|120ms
-> request: /sso/ping
-> GET /sso/ping,200|331ms
-> request: /v1/api/tickle
-> GET /v1/api/tickle,200|109ms
-> request: /v1/api/tickle
-> GET /v1/api/tickle,200|352ms
-> request: /v1/api/tickle
-> GET /v1/api/tickle,200|124ms
-> request: /v1/api/tickle
-> GET /v1/api/tickle,200|125ms
-> request: /v1/api/tickle
-> GET /v1/api/tickle,200|108ms
-> request: /v1/api/tickle
-> GET /v1/api/tickle,200|310ms
-> request: /v1/api/tickle
-> GET /v1/api/tickle,200|111ms
-> request: /v1/api/tickle
-> GET /v1/api/tickle,200|338ms
-> request: /v1/api/tickle
-> GET /v1/api/tickle,200|125ms
-> request: /v1/api/tickle
-> GET /v1/api/tickle,200|297ms
-> request: /sso/ping
-> GET /sso/ping,200|341ms
-> request: /v1/api/tickle
-> GET /v1/api/tickle,200|113ms
-> request: /v1/api/tickle
-> GET /v1/api/tickle,200|141ms
-> request: /v1/api/tickle
-> GET /v1/api/tickle,200|392ms
-> request: /v1/api/tickle
-> GET /v1/api/tickle,200|138ms
-> request: /v1/api/tickle
-> GET /v1/api/tickle,200|105ms
-> request: /v1/api/tickle
-> GET /v1/api/tickle,200|292ms
-> request: /v1/api/tickle
-> GET /v1/api/tickle,200|109ms
-> request: /v1/api/tickle
-> GET /v1/api/tickle,200|111ms
-> request: /v1/api/tickle
-> GET /v1/api/tickle,200|311ms
-> request: /v1/api/tickle
-> GET /v1/api/tickle,200|127ms
-> request: /sso/ping
-> GET /sso/ping,200|334ms
-> request: /v1/api/tickle
-> GET /v1/api/tickle,200|111ms
-> request: /v1/api/tickle
-> GET /v1/api/tickle,200|177ms
-> request: /v1/api/tickle
-> GET /v1/api/tickle,200|520ms
-> request: /v1/api/tickle
-> GET /v1/api/tickle,200|404ms
-> request: /v1/api/tickle
-> GET /v1/api/tickle,200|116ms
-> request: /v1/api/tickle
-> GET /v1/api/tickle,200|116ms
-> request: /v1/api/tickle
-> GET /v1/api/tickle,200|122ms
-> request: /v1/api/tickle
-> GET /v1/api/tickle,200|116ms
-> request: /v1/api/tickle
-> GET /v1/api/tickle,200|378ms
-> request: /v1/api/tickle
-> GET /v1/api/tickle,200|120ms
-> request: /sso/ping
-> GET /sso/ping,200|326ms
-> request: /v1/api/tickle
-> GET /v1/api/tickle,200|109ms
-> request: /v1/api/tickle
-> GET /v1/api/tickle,200|121ms
-> request: /v1/api/tickle
-> GET /v1/api/tickle,200|111ms
-> request: /v1/api/tickle
-> GET /v1/api/tickle,200|111ms
-> request: /v1/api/tickle
-> GET /v1/api/tickle,200|112ms
-> request: /v1/api/tickle
-> GET /v1/api/tickle,200|138ms
-> request: /v1/api/tickle
-> GET /v1/api/tickle,200|110ms
-> request: /v1/api/tickle
-> GET /v1/api/tickle,200|273ms
-> request: /v1/api/tickle
-> GET /v1/api/tickle,200|108ms
-> request: /v1/api/tickle
-> GET /v1/api/tickle,200|285ms
-> request: /sso/ping
-> GET /sso/ping,200|336ms
-> request: /v1/api/tickle
-> GET /v1/api/tickle,200|368ms
-> request: /v1/api/tickle
-> GET /v1/api/tickle,200|319ms
-> GET /sso/Login?forwardTo=22&RL=1&ip2loc=US
<- 200 GET /sso/Login?forwardTo=22&RL=1&ip2loc=US
-> GET /css/bootstrap-5.2.2/bootstrap.min.css
-> GET /css/fontawesome-6.4.2/all.min.css
<- 200 GET /css/bootstrap-5.2.2/bootstrap.min.css
-> GET /css/bootstrap-switch-3.3.2/bootstrap-switch.min.css
<- 200 GET /css/fontawesome-6.4.2/all.min.css
-> GET /css/reg-am/login.min.css
<- 200 GET /css/reg-am/login.min.css
<- 200 GET /css/bootstrap-switch-3.3.2/bootstrap-switch.min.css
-> GET /css/ibkr/theme-ibkr-portal.min.css
-> GET /scripts/common/js/jquery-3.7.0/jquery.min.js
<- 200 GET /scripts/common/js/jquery-3.7.0/jquery.min.js
-> GET /scripts/common/js/bootstrap-5.2.2/bootstrap.bundle.min.js
<- 200 GET /css/ibkr/theme-ibkr-portal.min.css
<- 200 GET /scripts/common/js/bootstrap-5.2.2/bootstrap.bundle.min.js
-> GET /sso/lib/xyz.bundle.min.js
<- 200 GET /sso/lib/xyz.bundle.min.js
-> GET /images/common/logos/ibkr/interactive-brokers.svg
<- 200 GET /images/common/logos/ibkr/interactive-brokers.svg
-> GET /fonts/fontawesome-6.4.2/webfonts/fa-solid-900.woff2
-> GET /fonts/fontawesome-6.4.2/webfonts/fa-brands-400.woff2
-> GET /fonts/proxima-nova/Proxima-Nova-Regular.woff2
-> GET /fonts/proxima-nova/Proxima-Nova-Semibold.woff2
<- 200 GET /fonts/fontawesome-6.4.2/webfonts/fa-solid-900.woff2
<- 200 GET /fonts/proxima-nova/Proxima-Nova-Semibold.woff2
<- 200 GET /fonts/fontawesome-6.4.2/webfonts/fa-brands-400.woff2
-> POST /portal.proxy/v1/gstat/bulletins
-> POST /sso/report
<- 200 GET /fonts/proxima-nova/Proxima-Nova-Regular.woff2
<- 204 POST /portal.proxy/v1/gstat/bulletins
<- 200 POST /sso/report
-> GET /images/common/logos/ibkr/interactive-brokers-inverse.svg
<- 200 GET /images/common/logos/ibkr/interactive-brokers-inverse.svg
-> POST /sso/Authenticator
<- 200 POST /sso/Authenticator
-> POST /sso/Authenticator
<- 200 POST /sso/Authenticator
-> POST /sso/Dispatcher
<- 200 POST /sso/Dispatcher
-> GET /css/reg-am/login.min.css
-> GET /scripts/common/js/jquery-3.7.0/jquery.min.js
-> GET /sso/lib/xyz.bundle.min.js
-> GET /scripts/common/js/bootstrap-5.2.2/bootstrap.bundle.min.js
-> GET /css/ibkr/theme-ibkr-portal.min.css
<- 304 GET /sso/lib/xyz.bundle.min.js
<- 304 GET /scripts/common/js/jquery-3.7.0/jquery.min.js
<- 304 GET /scripts/common/js/bootstrap-5.2.2/bootstrap.bundle.min.js
<- 200 GET /css/reg-am/login.min.css
<- 200 GET /css/ibkr/theme-ibkr-portal.min.css
-> GET /fonts/proxima-nova/Proxima-Nova-Regular.woff2
-> GET /fonts/fontawesome-6.4.2/webfonts/fa-solid-900.woff2
<- 304 GET /fonts/fontawesome-6.4.2/webfonts/fa-solid-900.woff2
<- 304 GET /fonts/proxima-nova/Proxima-Nova-Regular.woff2
-> GET /fonts/fontawesome-6.4.2/webfonts/fa-brands-400.woff2
-> GET /fonts/proxima-nova/Proxima-Nova-Semibold.woff2
<- 304 GET /fonts/fontawesome-6.4.2/webfonts/fa-brands-400.woff2
-> POST /sso/report
-> POST /portal.proxy/v1/gstat/bulletins
<- 304 GET /fonts/proxima-nova/Proxima-Nova-Semibold.woff2
<- 204 POST /portal.proxy/v1/gstat/bulletins
<- 200 POST /sso/report
-> GET /images/web/favicons/home-screen-icon-128x128.png
<- 200 GET /images/web/favicons/home-screen-icon-128x128.png
-> POST /sso/Dispatcher
<- 200 POST /sso/Dispatcher
-> GET /scripts/common/js/jquery-3.7.0/jquery.min.js
<- 304 GET /scripts/common/js/jquery-3.7.0/jquery.min.js
-> GET /sso/lib/forge-1.3.1.all.min.js
-> GET /sso/lib/js.cookie.min.js
-> GET /sso/javascript/device.info.js?q=1736974371103
<- 200 GET /sso/lib/forge-1.3.1.all.min.js
<- 200 GET /sso/lib/js.cookie.min.js
<- 200 GET /sso/javascript/device.info.js?q=1736974371103
-> POST /sso/report
-> GET /sso/Dispatcher?hardware_info=eyJpZCI6ImIwMmU0ODA5IiwibWFjIjoiMTY6OTY6OTM6MDY6MzY6RTUifQ%3D%3D
<- 200 POST /sso/report
<- 302 GET /sso/Dispatcher?hardware_info=eyJpZCI6ImIwMmU0ODA5IiwibWFjIjoiMTY6OTY6OTM6MDY6MzY6RTUifQ%3D%3D
-> request: /v1/api/sso/validate?gw=1
-> GET /v1/api/sso/validate?gw=1,401|343ms
-> request: /v1/api/sso/validate?gw=1
-> GET /v1/api/sso/validate?gw=1,401|345ms
-> request: /v1/api/sso/validate?gw=1
-> GET /v1/api/sso/validate?gw=1,401|344ms
-> request: /v1/api/sso/validate?gw=1
-> GET /v1/api/sso/validate?gw=1,401|340ms
-> request: /v1/api/sso/validate?gw=1
-> GET /v1/api/sso/validate?gw=1,401|591ms
-> GET /sso/Login?forwardTo=22&RL=1&ip2loc=US
<- 200 GET /sso/Login?forwardTo=22&RL=1&ip2loc=US
-> GET /css/bootstrap-5.2.2/bootstrap.min.css
-> GET /css/bootstrap-switch-3.3.2/bootstrap-switch.min.css
-> GET /css/fontawesome-6.4.2/all.min.css
<- 200 GET /css/bootstrap-5.2.2/bootstrap.min.css
<- 200 GET /css/fontawesome-6.4.2/all.min.css
<- 200 GET /css/bootstrap-switch-3.3.2/bootstrap-switch.min.css
-> GET /css/reg-am/login.min.css
-> GET /css/ibkr/theme-ibkr-portal.min.css
-> GET /scripts/common/js/jquery-3.7.0/jquery.min.js
<- 200 GET /scripts/common/js/jquery-3.7.0/jquery.min.js
<- 200 GET /css/reg-am/login.min.css
<- 200 GET /css/ibkr/theme-ibkr-portal.min.css
-> GET /sso/lib/xyz.bundle.min.js
-> GET /scripts/common/js/bootstrap-5.2.2/bootstrap.bundle.min.js
<- 200 GET /sso/lib/xyz.bundle.min.js
<- 200 GET /scripts/common/js/bootstrap-5.2.2/bootstrap.bundle.min.js
-> GET /images/common/logos/ibkr/interactive-brokers.svg
<- 200 GET /images/common/logos/ibkr/interactive-brokers.svg
-> GET /fonts/proxima-nova/Proxima-Nova-Regular.woff2
-> GET /fonts/fontawesome-6.4.2/webfonts/fa-solid-900.woff2
-> GET /fonts/proxima-nova/Proxima-Nova-Semibold.woff2
-> GET /fonts/fontawesome-6.4.2/webfonts/fa-brands-400.woff2
<- 200 GET /fonts/proxima-nova/Proxima-Nova-Regular.woff2
<- 200 GET /fonts/fontawesome-6.4.2/webfonts/fa-solid-900.woff2
-> POST /sso/report
-> POST /portal.proxy/v1/gstat/bulletins
<- 200 GET /fonts/fontawesome-6.4.2/webfonts/fa-brands-400.woff2
<- 200 GET /fonts/proxima-nova/Proxima-Nova-Semibold.woff2
-> GET /images/web/favicons/home-screen-icon-128x128.png
<- 200 GET /images/web/favicons/home-screen-icon-128x128.png
<- 204 POST /portal.proxy/v1/gstat/bulletins
<- 200 POST /sso/report
-> POST /sso/Authenticator
<- 200 POST /sso/Authenticator
-> POST /sso/Authenticator
<- 200 POST /sso/Authenticator
-> POST /sso/Dispatcher
<- 302 POST /sso/Dispatcher
-> request: /v1/api/sso/validate?gw=1
-> GET /v1/api/sso/validate?gw=1,200|340ms
-> request: /v1/api/one/user
-> request: /v1/api/ssodh/init
-> sso GET https://api.ibkr.com/v1/api/ssodh/init
-> GET /v1/api/one/user,200|367ms
-> request: /v1/api/ssodh/st
-> sso GET https://api.ibkr.com/v1/api/ssodh/st
-> request: /sso/Authenticator?ACTION=PUBLISH_TST&RESP_TYPE=JSON&DEVICE_ID=3377ad42|A0-59-50-3B-19-B5
-> sso GET https://api.ibkr.com/sso/Authenticator?ACTION=PUBLISH_TST&RESP_TYPE=JSON&DEVICE_ID=3377ad42|A0-59-50-3B-19-B5
<- 200 GET https://api.ibkr.com/sso/Authenticator?ACTION=PUBLISH_TST&RESP_TYPE=JSON&DEVICE_ID=3377ad42|A0-59-50-3B-19-B5 0
-> request: /v1/api/iserver/auth/status
-> GET /v1/api/iserver/auth/status,200|108ms
-> request: /v1/api/iserver/auth/ssodh/init
-> POST https://api.ibkr.com/v1/api/iserver/auth/ssodh/init,200|1299ms
-> request: /v1/api/iserver/accounts
-> GET /v1/api/iserver/accounts,200|139ms
-> GET /sso/Dispatcher
<- 302 GET /sso/Dispatcher
-> request: /v1/api/sso/validate?gw=1
-> GET /v1/api/sso/validate?gw=1,200|138ms
-> request: /v1/api/one/user
-> request: /v1/api/ssodh/init
-> sso GET https://api.ibkr.com/v1/api/ssodh/init
-> GET /v1/api/one/user,200|108ms
-> request: /v1/api/tickle
-> GET /v1/api/tickle,200|127ms
-> request: /v1/api/tickle
-> GET /v1/api/tickle,200|113ms
-> request: /v1/api/tickle
-> GET /v1/api/tickle,200|336ms
-> POST /sso/Dispatcher
<- 302 POST /sso/Dispatcher
-> request: /v1/api/sso/validate?gw=1
-> GET /v1/api/sso/validate?gw=1,200|113ms
-> request: /v1/api/one/user
-> request: /v1/api/ssodh/init
-> sso GET https://api.ibkr.com/v1/api/ssodh/init
-> GET /v1/api/one/user,200|110ms
-> GET /v1/api/portfolio/accounts
<- 200 GET /v1/api/portfolio/accounts
-> GET /v1/api/portfolio/DUP766324/positions/0
<- 200 GET /v1/api/portfolio/DUP766324/positions/0
-> GET /sso/Dispatcher
<- 302 GET /sso/Dispatcher
-> request: /v1/api/sso/validate?gw=1
-> request: /v1/api/tickle
-> GET /v1/api/sso/validate?gw=1,200|125ms
-> request: /v1/api/one/user
-> request: /v1/api/ssodh/init
-> sso GET https://api.ibkr.com/v1/api/ssodh/init
-> GET /v1/api/tickle,200|128ms
-> GET /v1/api/one/user,200|139ms
-> request: /v1/api/tickle
-> GET /v1/api/tickle,200|110ms
-> request: /v1/api/tickle
-> GET /v1/api/tickle,200|134ms
-> GET /v1/api/portfolio/accounts
<- 200 GET /v1/api/portfolio/accounts
-> GET /v1/api/portfolio/DUP766324/positions/0
<- 200 GET /v1/api/portfolio/DUP766324/positions/0
-> GET /v1/api/portfolio/accounts
<- 200 GET /v1/api/portfolio/accounts
-> GET /v1/api/portfolio/DUP766324/positions/0
-> GET /v1/api/portfolio/accounts
<- 200 GET /v1/api/portfolio/accounts
-> GET /v1/api/portfolio/DUP766324/positions/0
-> GET /v1/api/portfolio/accounts
<- 200 GET /v1/api/portfolio/accounts
-> GET /v1/api/portfolio/DUP766324/positions/0
-> GET /v1/api/portfolio/accounts
<- 200 GET /v1/api/portfolio/accounts
-> GET /v1/api/portfolio/DUP766324/positions/0
-> request: /v1/api/tickle
-> GET /v1/api/tickle,200|108ms
<- 200 GET /v1/api/portfolio/DUP766324/positions/0
-> GET /v1/api/portfolio/accounts
<- 200 GET /v1/api/portfolio/accounts
-> GET /v1/api/portfolio/DUP766324/positions/0
<- 200 GET /v1/api/portfolio/DUP766324/positions/0
<- 200 GET /v1/api/portfolio/DUP766324/positions/0
<- 200 GET /v1/api/portfolio/DUP766324/positions/0
<- 200 GET /v1/api/portfolio/DUP766324/positions/0
-> request: /v1/api/tickle
-> GET /v1/api/tickle,200|124ms
-> request: /v1/api/tickle
-> GET /v1/api/tickle,200|128ms
-> request: /v1/api/tickle
-> GET /v1/api/tickle,200|116ms
-> request: /v1/api/tickle
-> GET /v1/api/tickle,200|287ms
-> request: /v1/api/tickle
-> GET /v1/api/tickle,200|285ms
-> request: /v1/api/tickle
-> GET /v1/api/tickle,200|108ms
-> request: /v1/api/tickle
-> request: /sso/ping
-> GET /v1/api/tickle,200|171ms
-> GET /sso/ping,200|332ms
-> request: /v1/api/tickle
-> GET /v1/api/tickle,200|310ms
-> request: /v1/api/tickle
-> GET /v1/api/tickle,200|272ms
-> request: /v1/api/tickle
-> GET /v1/api/tickle,200|151ms
-> request: /v1/api/tickle
-> GET /v1/api/tickle,200|109ms
-> request: /v1/api/tickle
-> GET /v1/api/tickle,200|122ms
-> request: /v1/api/tickle
-> GET /v1/api/tickle,200|601ms
-> request: /v1/api/tickle
-> GET /v1/api/tickle,200|492ms
-> request: /v1/api/tickle
-> GET /v1/api/tickle,200|109ms
-> request: /v1/api/tickle
-> GET /v1/api/tickle,200|309ms
