-> GET /sso/Login?forwardTo=22&RL=1&ip2loc=US
<- 200 GET /sso/Login?forwardTo=22&RL=1&ip2loc=US
-> GET /css/bootstrap-5.2.2/bootstrap.min.css
-> GET /css/fontawesome-6.4.2/all.min.css
<- 200 GET /css/bootstrap-5.2.2/bootstrap.min.css
<- 200 GET /css/fontawesome-6.4.2/all.min.css
-> GET /css/bootstrap-switch-3.3.2/bootstrap-switch.min.css
-> GET /css/reg-am/login.min.css
<- 200 GET /css/reg-am/login.min.css
-> GET /css/ibkr/theme-ibkr-portal.min.css
<- 200 GET /css/ibkr/theme-ibkr-portal.min.css
-> GET /scripts/common/js/jquery-3.7.0/jquery.min.js
-> GET /sso/lib/xyz.bundle.min.js
-> GET /scripts/common/js/bootstrap-5.2.2/bootstrap.bundle.min.js
<- 200 GET /scripts/common/js/jquery-3.7.0/jquery.min.js
<- 200 GET /css/bootstrap-switch-3.3.2/bootstrap-switch.min.css
<- 200 GET /sso/lib/xyz.bundle.min.js
<- 200 GET /scripts/common/js/bootstrap-5.2.2/bootstrap.bundle.min.js
-> GET /images/common/logos/ibkr/interactive-brokers.svg
-> GET /fonts/proxima-nova/Proxima-Nova-Regular.woff2
-> GET /fonts/proxima-nova/Proxima-Nova-Semibold.woff2
-> GET /fonts/fontawesome-6.4.2/webfonts/fa-solid-900.woff2
-> GET /fonts/fontawesome-6.4.2/webfonts/fa-brands-400.woff2
<- 200 GET /images/common/logos/ibkr/interactive-brokers.svg
<- 200 GET /fonts/fontawesome-6.4.2/webfonts/fa-solid-900.woff2
<- 200 GET /fonts/proxima-nova/Proxima-Nova-Semibold.woff2
<- 200 GET /fonts/fontawesome-6.4.2/webfonts/fa-brands-400.woff2
-> POST /sso/report
-> POST /portal.proxy/v1/gstat/bulletins
<- 200 GET /fonts/proxima-nova/Proxima-Nova-Regular.woff2
<- 200 POST /portal.proxy/v1/gstat/bulletins
-> GET /fonts/proxima-nova/proximanova-extrabold.woff2
<- 200 GET /fonts/proxima-nova/proximanova-extrabold.woff2
<- 200 POST /sso/report
-> GET /images/common/logos/ibkr/interactive-brokers-inverse.svg
<- 200 GET /images/common/logos/ibkr/interactive-brokers-inverse.svg
-> POST /sso/Authenticator
<- 200 POST /sso/Authenticator
-> POST /sso/Authenticator
<- 200 POST /sso/Authenticator
-> POST /sso/Dispatcher
<- 302 POST /sso/Dispatcher
-> request: /v1/api/sso/validate?gw=1
-> GET /v1/api/sso/validate?gw=1,200|505ms
-> request: /v1/api/one/user
-> request: /v1/api/ssodh/init
-> sso GET https://api.ibkr.com/v1/api/ssodh/init
-> GET /v1/api/one/user,200|379ms
-> request: /v1/api/ssodh/st
-> sso GET https://api.ibkr.com/v1/api/ssodh/st
-> request: /sso/Authenticator?ACTION=PUBLISH_TST&RESP_TYPE=JSON&DEVICE_ID=3f7bbbd0|A0-59-50-3B-19-B5
-> sso GET https://api.ibkr.com/sso/Authenticator?ACTION=PUBLISH_TST&RESP_TYPE=JSON&DEVICE_ID=3f7bbbd0|A0-59-50-3B-19-B5
<- 200 GET https://api.ibkr.com/sso/Authenticator?ACTION=PUBLISH_TST&RESP_TYPE=JSON&DEVICE_ID=3f7bbbd0|A0-59-50-3B-19-B5 0
-> request: /v1/api/iserver/auth/status
-> GET /v1/api/iserver/auth/status,200|118ms
-> request: /v1/api/iserver/auth/ssodh/init
-> POST https://api.ibkr.com/v1/api/iserver/auth/ssodh/init,200|1221ms
-> request: /v1/api/iserver/accounts
-> GET /v1/api/iserver/accounts,200|126ms
-> GET /v1/api/iserver/marketdata/snapshot?conids=877309547&fields=31%2C84%2C86
<- 200 GET /v1/api/iserver/marketdata/snapshot?conids=877309547&fields=31%2C84%2C86
-> request: /v1/api/tickle
-> GET /v1/api/tickle,200|125ms
-> GET /v1/api/iserver/marketdata/snapshot?conids=877309547%2C877309550%2C875861841%2C875861844&fields=31%2C84%2C86
<- 200 GET /v1/api/iserver/marketdata/snapshot?conids=877309547%2C877309550%2C875861841%2C875861844&fields=31%2C84%2C86
-> request: /v1/api/tickle
-> GET /v1/api/tickle,200|113ms
-> GET /v1/api/iserver/marketdata/snapshot?conids=877309547%2C877309550%2C875861841%2C875861844&fields=31%2C84%2C86
<- 200 GET /v1/api/iserver/marketdata/snapshot?conids=877309547%2C877309550%2C875861841%2C875861844&fields=31%2C84%2C86
-> GET /v1/api/iserver/marketdata/snapshot?conids=875861841%2C875861844&fields=31%2C84%2C86
<- 200 GET /v1/api/iserver/marketdata/snapshot?conids=875861841%2C875861844&fields=31%2C84%2C86
-> GET /v1/api/iserver/marketdata/snapshot?conids=875861841&fields=31%2C84%2C86
<- 200 GET /v1/api/iserver/marketdata/snapshot?conids=875861841&fields=31%2C84%2C86
-> GET /v1/api/iserver/marketdata/snapshot?conids=875861844&fields=31%2C84%2C86
<- 200 GET /v1/api/iserver/marketdata/snapshot?conids=875861844&fields=31%2C84%2C86
-> request: /v1/api/tickle
-> GET /v1/api/tickle,200|114ms
-> request: /v1/api/tickle
-> GET /v1/api/tickle,200|113ms
-> request: /v1/api/tickle
-> GET /v1/api/tickle,200|112ms
-> GET /v1/api/iserver/marketdata/snapshot?conids=877309547%2C877309550%2C875861841%2C875861844&fields=31%2C84%2C86
<- 200 GET /v1/api/iserver/marketdata/snapshot?conids=877309547%2C877309550%2C875861841%2C875861844&fields=31%2C84%2C86
-> GET /v1/api/iserver/marketdata/snapshot?conids=875861841%2C875861844&fields=31%2C84%2C86
<- 200 GET /v1/api/iserver/marketdata/snapshot?conids=875861841%2C875861844&fields=31%2C84%2C86
-> GET /v1/api/iserver/marketdata/snapshot?conids=875861841&fields=31%2C84%2C86
<- 200 GET /v1/api/iserver/marketdata/snapshot?conids=875861841&fields=31%2C84%2C86
-> GET /v1/api/iserver/marketdata/snapshot?conids=875861844&fields=31%2C84%2C86
<- 200 GET /v1/api/iserver/marketdata/snapshot?conids=875861844&fields=31%2C84%2C86
-> request: /v1/api/tickle
-> GET /v1/api/tickle,200|109ms
-> request: /v1/api/tickle
-> GET /v1/api/tickle,200|289ms
-> request: /v1/api/tickle
-> GET /v1/api/tickle,200|197ms
-> request: /v1/api/tickle
-> GET /v1/api/tickle,200|111ms
-> request: /sso/ping
-> GET /sso/ping,200|326ms
-> request: /v1/api/tickle
-> GET /v1/api/tickle,200|112ms
-> request: /v1/api/tickle
-> GET /v1/api/tickle,200|122ms
-> request: /v1/api/tickle
-> GET /v1/api/tickle,200|110ms
-> request: /v1/api/tickle
-> GET /v1/api/tickle,200|128ms
-> request: /v1/api/tickle
-> GET /v1/api/tickle,200|113ms
-> request: /v1/api/tickle
-> GET /v1/api/tickle,200|114ms
-> request: /v1/api/tickle
-> GET /v1/api/tickle,200|111ms
-> request: /v1/api/tickle
-> GET /v1/api/tickle,200|147ms
-> request: /v1/api/tickle
-> GET /v1/api/tickle,200|372ms
-> request: /v1/api/tickle
-> GET /v1/api/tickle,200|135ms
-> request: /sso/ping
-> GET /sso/ping,200|526ms
-> request: /v1/api/tickle
-> GET /v1/api/tickle,401|197ms
-> request: /v1/api/sso/validate?gw=1
-> GET /v1/api/sso/validate?gw=1,200|1236ms
-> request: /v1/api/one/user
-> request: /v1/api/ssodh/init
-> sso GET https://api.ibkr.com/v1/api/ssodh/init
-> GET /v1/api/one/user,200|308ms
-> request: /sso/ping
-> GET /sso/ping,200|348ms
-> request: /sso/ping
-> GET /sso/ping,200|573ms
-> request: /sso/ping
-> GET /sso/ping,200|486ms
-> request: /sso/ping
-> GET /sso/ping,200|325ms
-> request: /sso/ping
-> GET /sso/ping,200|332ms
-> request: /sso/ping
-> GET /sso/ping,200|346ms
-> request: /sso/ping
-> GET /sso/ping,500|1226ms
-> request: /sso/ping
-> GET /sso/ping,200|593ms
-> request: /sso/ping
-> GET /sso/ping,200|321ms
-> request: /sso/ping
-> GET /sso/ping,200|521ms
-> request: /sso/ping
-> GET /sso/ping,200|541ms
-> request: /sso/ping
-> GET /sso/ping,200|593ms
-> request: /sso/ping
-> GET /sso/ping,200|542ms
-> request: /sso/ping
-> GET /sso/ping,200|723ms
-> request: /sso/ping
-> GET /sso/ping,200|565ms
-> request: /sso/ping
-> GET /sso/ping,200|341ms
-> request: /sso/ping
-> GET /sso/ping,200|355ms
-> request: /sso/ping
-> GET /sso/ping,200|518ms
-> request: /sso/ping
-> GET /sso/ping,200|568ms
-> request: /sso/ping
-> GET /sso/ping,200|335ms
-> request: /sso/ping
-> GET /sso/ping,200|336ms
-> request: /sso/ping
-> GET /sso/ping,200|507ms
-> request: /sso/ping
-> GET /sso/ping,200|319ms
-> request: /sso/ping
-> GET /sso/ping,200|540ms
-> request: /sso/ping
-> GET /sso/ping,200|502ms
-> request: /sso/ping
-> GET /sso/ping,200|788ms
-> request: /sso/ping
-> GET /sso/ping,200|559ms
-> request: /sso/ping
-> GET /sso/ping,200|566ms
-> request: /sso/ping
-> GET /sso/ping,200|579ms
-> request: /sso/ping
-> GET /sso/ping,200|341ms
-> request: /sso/ping
-> GET /sso/ping,200|633ms
-> request: /sso/ping
-> GET /sso/ping,200|786ms
-> request: /sso/ping
-> GET /sso/ping,200|531ms
-> request: /sso/ping
-> GET /sso/ping,200|607ms
-> request: /sso/ping
-> GET /sso/ping,200|542ms
-> request: /sso/ping
-> GET /sso/ping,200|545ms
-> request: /sso/ping
-> GET /sso/ping,200|583ms
-> request: /sso/ping
-> GET /sso/ping,200|542ms
-> request: /sso/ping
-> GET /sso/ping,200|546ms
-> request: /sso/ping
-> GET /sso/ping,200|852ms
-> request: /sso/ping
-> GET /sso/ping,200|356ms
-> request: /sso/ping
-> GET /sso/ping,200|365ms
-> request: /sso/ping
-> GET /sso/ping,200|547ms
-> request: /sso/ping
-> GET /sso/ping,200|344ms
-> request: /sso/ping
-> GET /sso/ping,200|339ms
-> request: /sso/ping
-> GET /sso/ping,200|556ms
-> request: /sso/ping
-> GET /sso/ping,200|547ms
-> request: /sso/ping
-> GET /sso/ping,200|544ms
-> request: /sso/ping
-> GET /sso/ping,200|768ms
-> request: /sso/ping
-> GET /sso/ping,200|336ms
-> request: /sso/ping
-> GET /sso/ping,200|733ms
-> request: /sso/ping
-> GET /sso/ping,200|365ms
-> request: /sso/ping
-> GET /sso/ping,200|728ms
-> request: /sso/ping
-> GET /sso/ping,200|578ms
-> request: /sso/ping
-> GET /sso/ping,200|519ms
-> request: /sso/ping
-> GET /sso/ping,200|372ms
